-- The C compiler identification is GNU 13.3.0
-- The CXX compiler identification is GNU 13.3.0
-- Detecting C compiler ABI info
-- Detecting C compiler ABI info - done
-- Check for working C compiler: /home/mvclab/micromamba/envs/ros2/bin/x86_64-conda-linux-gnu-cc - skipped
-- Detecting C compile features
-- Detecting C compile features - done
-- Detecting CXX compiler ABI info
-- Detecting CXX compiler ABI info - done
-- Check for working CXX compiler: /home/mvclab/micromamba/envs/ros2/bin/x86_64-conda-linux-gnu-c++ - skipped
-- Detecting CXX compile features
-- Detecting CXX compile features - done
-- Found ament_cmake: 1.3.11 (/home/mvclab/micromamba/envs/ros2/share/ament_cmake/cmake)
-- Found Python3: /home/mvclab/micromamba/envs/ros2/bin/python3 (found version "3.11.13") found components: Interpreter
-- Found rclcpp: 16.0.11 (/home/mvclab/micromamba/envs/ros2/share/rclcpp/cmake)
-- Found rosidl_generator_c: 3.1.6 (/home/mvclab/micromamba/envs/ros2/share/rosidl_generator_c/cmake)
-- Found rosidl_adapter: 3.1.6 (/home/mvclab/micromamba/envs/ros2/share/rosidl_adapter/cmake)
-- Found rosidl_generator_cpp: 3.1.6 (/home/mvclab/micromamba/envs/ros2/share/rosidl_generator_cpp/cmake)
-- Using all available rosidl_typesupport_c: rosidl_typesupport_fastrtps_c;rosidl_typesupport_introspection_c
-- Using all available rosidl_typesupport_cpp: rosidl_typesupport_fastrtps_cpp;rosidl_typesupport_introspection_cpp
-- Checking for module 'yaml-0.1'
--   Found yaml-0.1, version 0.2.5
-- Found rmw_implementation_cmake: 6.1.2 (/home/mvclab/micromamba/envs/ros2/share/rmw_implementation_cmake/cmake)
-- Found rmw_fastrtps_cpp: 6.2.7 (/home/mvclab/micromamba/envs/ros2/share/rmw_fastrtps_cpp/cmake)
-- Found OpenSSL: /home/mvclab/micromamba/envs/ros2/lib/libcrypto.so (found version "3.5.1")
-- Found FastRTPS: /home/mvclab/micromamba/envs/ros2/include
-- Using RMW implementation 'rmw_fastrtps_cpp' as default
-- Performing Test CMAKE_HAVE_LIBC_PTHREAD
-- Performing Test CMAKE_HAVE_LIBC_PTHREAD - Failed
-- Looking for pthread_create in pthreads
-- Looking for pthread_create in pthreads - not found
-- Looking for pthread_create in pthread
-- Looking for pthread_create in pthread - found
-- Found Threads: TRUE
-- Found ars548_messages: 1.0.1 (/home/mvclab/workspace/ncsist/ars548_RoboStack/install/ars548_messages/share/ars548_messages/cmake)
-- Found sensor_msgs: 4.2.4 (/home/mvclab/micromamba/envs/ros2/share/sensor_msgs/cmake)
-- Found tf2_geometry_msgs: 0.25.10 (/home/mvclab/micromamba/envs/ros2/share/tf2_geometry_msgs/cmake)
-- Found eigen3_cmake_module: 0.1.1 (/home/mvclab/micromamba/envs/ros2/share/eigen3_cmake_module/cmake)
-- Found Eigen3: TRUE (found version "3.4.0")
-- Ensuring Eigen3 include directory is part of orocos-kdl CMake target
-- Found ament_lint_auto: 0.12.11 (/home/mvclab/micromamba/envs/ros2/share/ament_lint_auto/cmake)
-- Added test 'cppcheck' to perform static code analysis on C / C++ code
-- Configured cppcheck include dirs: /home/mvclab/workspace/ncsist/ars548_RoboStack/src/ars548_ros2/ars548_driver/include
-- Configured cppcheck exclude dirs and/or files: 
-- Added test 'lint_cmake' to check CMake code style
-- Added test 'uncrustify' to check C / C++ code style
-- Configured uncrustify additional arguments: 
-- Added test 'xmllint' to check XML markup files
-- Configuring done (1.7s)
-- Generating done (0.0s)
-- Build files have been written to: /home/mvclab/workspace/ncsist/ars548_RoboStack/build/ars548_driver
[ 25%] [32mBuilding CXX object CMakeFiles/ars548_driver.dir/src/ars548_driver_node.cpp.o[0m
[ 50%] [32mBuilding CXX object CMakeFiles/ars548_filter_node.dir/src/ars548_filter_node.cpp.o[0m
[ 75%] [32m[1mLinking CXX executable ars548_driver[0m
[ 75%] Built target ars548_driver
[100%] [32m[1mLinking CXX executable ars548_filter_node[0m
[100%] Built target ars548_filter_node
-- Install configuration: "Release"
-- Installing: /home/mvclab/workspace/ncsist/ars548_RoboStack/install/ars548_driver/lib/ars548_driver/ars548_driver
-- Set non-toolchain portion of runtime path of "/home/mvclab/workspace/ncsist/ars548_RoboStack/install/ars548_driver/lib/ars548_driver/ars548_driver" to ""
-- Installing: /home/mvclab/workspace/ncsist/ars548_RoboStack/install/ars548_driver/lib/ars548_driver/ars548_filter_node
-- Set non-toolchain portion of runtime path of "/home/mvclab/workspace/ncsist/ars548_RoboStack/install/ars548_driver/lib/ars548_driver/ars548_filter_node" to ""
-- Installing: /home/mvclab/workspace/ncsist/ars548_RoboStack/install/ars548_driver/share/ars548_driver//launch
-- Installing: /home/mvclab/workspace/ncsist/ars548_RoboStack/install/ars548_driver/share/ars548_driver//launch/filter_launch.xml
-- Installing: /home/mvclab/workspace/ncsist/ars548_RoboStack/install/ars548_driver/share/ars548_driver//launch/ars548_launch.xml
-- Installing: /home/mvclab/workspace/ncsist/ars548_RoboStack/install/ars548_driver/share/ars548_driver//rviz
-- Installing: /home/mvclab/workspace/ncsist/ars548_RoboStack/install/ars548_driver/share/ars548_driver//rviz/RadarVisualization.rviz
-- Installing: /home/mvclab/workspace/ncsist/ars548_RoboStack/install/ars548_driver/share/ars548_driver//rviz/filter.rviz
-- Installing: /home/mvclab/workspace/ncsist/ars548_RoboStack/install/ars548_driver/share/ars548_driver//scripts
-- Installing: /home/mvclab/workspace/ncsist/ars548_RoboStack/install/ars548_driver/share/ars548_driver//scripts/configurer.sh
-- Installing: /home/mvclab/workspace/ncsist/ars548_RoboStack/install/ars548_driver/share/ars548_driver//scripts/setup_max_dist.sh
-- Installing: /home/mvclab/workspace/ncsist/ars548_RoboStack/install/ars548_driver/share/ament_index/resource_index/package_run_dependencies/ars548_driver
-- Installing: /home/mvclab/workspace/ncsist/ars548_RoboStack/install/ars548_driver/share/ament_index/resource_index/parent_prefix_path/ars548_driver
-- Installing: /home/mvclab/workspace/ncsist/ars548_RoboStack/install/ars548_driver/share/ars548_driver/environment/ament_prefix_path.sh
-- Installing: /home/mvclab/workspace/ncsist/ars548_RoboStack/install/ars548_driver/share/ars548_driver/environment/ament_prefix_path.dsv
-- Installing: /home/mvclab/workspace/ncsist/ars548_RoboStack/install/ars548_driver/share/ars548_driver/environment/path.sh
-- Installing: /home/mvclab/workspace/ncsist/ars548_RoboStack/install/ars548_driver/share/ars548_driver/environment/path.dsv
-- Installing: /home/mvclab/workspace/ncsist/ars548_RoboStack/install/ars548_driver/share/ars548_driver/local_setup.bash
-- Installing: /home/mvclab/workspace/ncsist/ars548_RoboStack/install/ars548_driver/share/ars548_driver/local_setup.sh
-- Installing: /home/mvclab/workspace/ncsist/ars548_RoboStack/install/ars548_driver/share/ars548_driver/local_setup.zsh
-- Installing: /home/mvclab/workspace/ncsist/ars548_RoboStack/install/ars548_driver/share/ars548_driver/local_setup.dsv
-- Installing: /home/mvclab/workspace/ncsist/ars548_RoboStack/install/ars548_driver/share/ars548_driver/package.dsv
-- Installing: /home/mvclab/workspace/ncsist/ars548_RoboStack/install/ars548_driver/share/ament_index/resource_index/packages/ars548_driver
-- Installing: /home/mvclab/workspace/ncsist/ars548_RoboStack/install/ars548_driver/share/ars548_driver/cmake/ars548_driverConfig.cmake
-- Installing: /home/mvclab/workspace/ncsist/ars548_RoboStack/install/ars548_driver/share/ars548_driver/cmake/ars548_driverConfig-version.cmake
-- Installing: /home/mvclab/workspace/ncsist/ars548_RoboStack/install/ars548_driver/share/ars548_driver/package.xml
