[0.004s] Invoking command in '/home/mvclab/workspace/ncsist/ars548_RoboStack/build/ars548_driver': AMENT_PREFIX_PATH=/home/mvclab/workspace/ncsist/ars548_RoboStack/install/ars548_messages:${AMENT_PREFIX_PATH} CMAKE_PREFIX_PATH=/home/mvclab/workspace/ncsist/ars548_RoboStack/install/ars548_messages:${CMAKE_PREFIX_PATH} CONDA_PROMPT_MODIFIER=(ros2) LD_LIBRARY_PATH=/home/mvclab/workspace/ncsist/ars548_RoboStack/install/ars548_messages/lib:${LD_LIBRARY_PATH} PYTHONPATH=/home/mvclab/workspace/ncsist/ars548_RoboStack/install/ars548_messages/lib/python3.11/site-packages:${PYTHONPATH} /home/mvclab/micromamba/envs/ros2/bin/cmake /home/mvclab/workspace/ncsist/ars548_RoboStack/src/ars548_ros2/ars548_driver -DCMAKE_INSTALL_PREFIX=/home/mvclab/workspace/ncsist/ars548_RoboStack/install/ars548_driver
[0.060s] [0mCMake Deprecation Warning at CMakeLists.txt:1 (cmake_minimum_required):
[0.060s]   Compatibility with CMake < 3.10 will be removed from a future version of
[0.060s]   CMake.
[0.060s] 
[0.060s]   Update the VERSION argument <min> value.  Or, use the <min>...<max> syntax
[0.060s]   to tell CMake that the project requires at least <min> but has been updated
[0.060s]   to work with policies introduced by <max> or earlier.
[0.060s] 
[0.060s] [0m
[0.095s] -- The C compiler identification is GNU 13.3.0
[0.175s] -- The CXX compiler identification is GNU 13.3.0
[0.181s] -- Detecting C compiler ABI info
[0.225s] -- Detecting C compiler ABI info - done
[0.240s] -- Check for working C compiler: /home/mvclab/micromamba/envs/ros2/bin/x86_64-conda-linux-gnu-cc - skipped
[0.241s] -- Detecting C compile features
[0.241s] -- Detecting C compile features - done
[0.249s] -- Detecting CXX compiler ABI info
[0.305s] -- Detecting CXX compiler ABI info - done
[0.321s] -- Check for working CXX compiler: /home/mvclab/micromamba/envs/ros2/bin/x86_64-conda-linux-gnu-c++ - skipped
[0.322s] -- Detecting CXX compile features
[0.322s] -- Detecting CXX compile features - done
[0.329s] -- Found ament_cmake: 1.3.11 (/home/mvclab/micromamba/envs/ros2/share/ament_cmake/cmake)
[0.403s] -- Found Python3: /home/mvclab/micromamba/envs/ros2/bin/python3 (found version "3.11.13") found components: Interpreter
[0.495s] -- Found rclcpp: 16.0.11 (/home/mvclab/micromamba/envs/ros2/share/rclcpp/cmake)
[0.549s] -- Found rosidl_generator_c: 3.1.6 (/home/mvclab/micromamba/envs/ros2/share/rosidl_generator_c/cmake)
[0.557s] -- Found rosidl_adapter: 3.1.6 (/home/mvclab/micromamba/envs/ros2/share/rosidl_adapter/cmake)
[0.569s] -- Found rosidl_generator_cpp: 3.1.6 (/home/mvclab/micromamba/envs/ros2/share/rosidl_generator_cpp/cmake)
[0.586s] -- Using all available rosidl_typesupport_c: rosidl_typesupport_fastrtps_c;rosidl_typesupport_introspection_c
[0.608s] -- Using all available rosidl_typesupport_cpp: rosidl_typesupport_fastrtps_cpp;rosidl_typesupport_introspection_cpp
[0.685s] -- Checking for module 'yaml-0.1'
[0.736s] --   Found yaml-0.1, version 0.2.5
[0.889s] -- Found rmw_implementation_cmake: 6.1.2 (/home/mvclab/micromamba/envs/ros2/share/rmw_implementation_cmake/cmake)
[0.893s] -- Found rmw_fastrtps_cpp: 6.2.7 (/home/mvclab/micromamba/envs/ros2/share/rmw_fastrtps_cpp/cmake)
[1.154s] -- Found OpenSSL: /home/mvclab/micromamba/envs/ros2/lib/libcrypto.so (found version "3.5.1")
[1.180s] -- Found FastRTPS: /home/mvclab/micromamba/envs/ros2/include
[1.219s] -- Using RMW implementation 'rmw_fastrtps_cpp' as default
[1.229s] -- Performing Test CMAKE_HAVE_LIBC_PTHREAD
[1.275s] -- Performing Test CMAKE_HAVE_LIBC_PTHREAD - Failed
[1.275s] -- Looking for pthread_create in pthreads
[1.307s] -- Looking for pthread_create in pthreads - not found
[1.307s] -- Looking for pthread_create in pthread
[1.350s] -- Looking for pthread_create in pthread - found
[1.351s] -- Found Threads: TRUE
[1.399s] -- Found ars548_messages: 1.0.1 (/home/mvclab/workspace/ncsist/ars548_RoboStack/install/ars548_messages/share/ars548_messages/cmake)
[1.437s] -- Found sensor_msgs: 4.2.4 (/home/mvclab/micromamba/envs/ros2/share/sensor_msgs/cmake)
[1.482s] -- Found tf2_geometry_msgs: 0.25.10 (/home/mvclab/micromamba/envs/ros2/share/tf2_geometry_msgs/cmake)
[1.497s] -- Found eigen3_cmake_module: 0.1.1 (/home/mvclab/micromamba/envs/ros2/share/eigen3_cmake_module/cmake)
[1.498s] -- Found Eigen3: TRUE (found version "3.4.0")
[1.498s] -- Ensuring Eigen3 include directory is part of orocos-kdl CMake target
[1.644s] -- Found ament_lint_auto: 0.12.11 (/home/mvclab/micromamba/envs/ros2/share/ament_lint_auto/cmake)
[1.730s] -- Added test 'cppcheck' to perform static code analysis on C / C++ code
[1.730s] -- Configured cppcheck include dirs: /home/mvclab/workspace/ncsist/ars548_RoboStack/src/ars548_ros2/ars548_driver/include
[1.730s] -- Configured cppcheck exclude dirs and/or files: 
[1.731s] -- Added test 'lint_cmake' to check CMake code style
[1.733s] -- Added test 'uncrustify' to check C / C++ code style
[1.733s] -- Configured uncrustify additional arguments: 
[1.733s] -- Added test 'xmllint' to check XML markup files
[1.734s] -- Configuring done (1.7s)
[1.752s] -- Generating done (0.0s)
[1.752s] -- Build files have been written to: /home/mvclab/workspace/ncsist/ars548_RoboStack/build/ars548_driver
[1.761s] Invoked command in '/home/mvclab/workspace/ncsist/ars548_RoboStack/build/ars548_driver' returned '0': AMENT_PREFIX_PATH=/home/mvclab/workspace/ncsist/ars548_RoboStack/install/ars548_messages:${AMENT_PREFIX_PATH} CMAKE_PREFIX_PATH=/home/mvclab/workspace/ncsist/ars548_RoboStack/install/ars548_messages:${CMAKE_PREFIX_PATH} CONDA_PROMPT_MODIFIER=(ros2) LD_LIBRARY_PATH=/home/mvclab/workspace/ncsist/ars548_RoboStack/install/ars548_messages/lib:${LD_LIBRARY_PATH} PYTHONPATH=/home/mvclab/workspace/ncsist/ars548_RoboStack/install/ars548_messages/lib/python3.11/site-packages:${PYTHONPATH} /home/mvclab/micromamba/envs/ros2/bin/cmake /home/mvclab/workspace/ncsist/ars548_RoboStack/src/ars548_ros2/ars548_driver -DCMAKE_INSTALL_PREFIX=/home/mvclab/workspace/ncsist/ars548_RoboStack/install/ars548_driver
[1.761s] Invoking command in '/home/mvclab/workspace/ncsist/ars548_RoboStack/build/ars548_driver': AMENT_PREFIX_PATH=/home/mvclab/workspace/ncsist/ars548_RoboStack/install/ars548_messages:${AMENT_PREFIX_PATH} CMAKE_PREFIX_PATH=/home/mvclab/workspace/ncsist/ars548_RoboStack/install/ars548_messages:${CMAKE_PREFIX_PATH} CONDA_PROMPT_MODIFIER=(ros2) LD_LIBRARY_PATH=/home/mvclab/workspace/ncsist/ars548_RoboStack/install/ars548_messages/lib:${LD_LIBRARY_PATH} PYTHONPATH=/home/mvclab/workspace/ncsist/ars548_RoboStack/install/ars548_messages/lib/python3.11/site-packages:${PYTHONPATH} /home/mvclab/micromamba/envs/ros2/bin/cmake --build /home/mvclab/workspace/ncsist/ars548_RoboStack/build/ars548_driver -- -j8 -l8
[1.829s] [ 25%] [32mBuilding CXX object CMakeFiles/ars548_driver.dir/src/ars548_driver_node.cpp.o[0m
[1.829s] [ 50%] [32mBuilding CXX object CMakeFiles/ars548_filter_node.dir/src/ars548_filter_node.cpp.o[0m
[9.425s] [ 75%] [32m[1mLinking CXX executable ars548_driver[0m
[9.557s] [ 75%] Built target ars548_driver
[10.932s] [100%] [32m[1mLinking CXX executable ars548_filter_node[0m
[11.075s] [100%] Built target ars548_filter_node
[11.078s] Invoked command in '/home/mvclab/workspace/ncsist/ars548_RoboStack/build/ars548_driver' returned '0': AMENT_PREFIX_PATH=/home/mvclab/workspace/ncsist/ars548_RoboStack/install/ars548_messages:${AMENT_PREFIX_PATH} CMAKE_PREFIX_PATH=/home/mvclab/workspace/ncsist/ars548_RoboStack/install/ars548_messages:${CMAKE_PREFIX_PATH} CONDA_PROMPT_MODIFIER=(ros2) LD_LIBRARY_PATH=/home/mvclab/workspace/ncsist/ars548_RoboStack/install/ars548_messages/lib:${LD_LIBRARY_PATH} PYTHONPATH=/home/mvclab/workspace/ncsist/ars548_RoboStack/install/ars548_messages/lib/python3.11/site-packages:${PYTHONPATH} /home/mvclab/micromamba/envs/ros2/bin/cmake --build /home/mvclab/workspace/ncsist/ars548_RoboStack/build/ars548_driver -- -j8 -l8
[11.144s] Invoking command in '/home/mvclab/workspace/ncsist/ars548_RoboStack/build/ars548_driver': AMENT_PREFIX_PATH=/home/mvclab/workspace/ncsist/ars548_RoboStack/install/ars548_messages:${AMENT_PREFIX_PATH} CMAKE_PREFIX_PATH=/home/mvclab/workspace/ncsist/ars548_RoboStack/install/ars548_messages:${CMAKE_PREFIX_PATH} CONDA_PROMPT_MODIFIER=(ros2) LD_LIBRARY_PATH=/home/mvclab/workspace/ncsist/ars548_RoboStack/install/ars548_messages/lib:${LD_LIBRARY_PATH} PYTHONPATH=/home/mvclab/workspace/ncsist/ars548_RoboStack/install/ars548_messages/lib/python3.11/site-packages:${PYTHONPATH} /home/mvclab/micromamba/envs/ros2/bin/cmake --install /home/mvclab/workspace/ncsist/ars548_RoboStack/build/ars548_driver
[11.200s] -- Install configuration: "Release"
[11.200s] -- Installing: /home/mvclab/workspace/ncsist/ars548_RoboStack/install/ars548_driver/lib/ars548_driver/ars548_driver
[11.200s] -- Set non-toolchain portion of runtime path of "/home/mvclab/workspace/ncsist/ars548_RoboStack/install/ars548_driver/lib/ars548_driver/ars548_driver" to ""
[11.201s] -- Installing: /home/mvclab/workspace/ncsist/ars548_RoboStack/install/ars548_driver/lib/ars548_driver/ars548_filter_node
[11.201s] -- Set non-toolchain portion of runtime path of "/home/mvclab/workspace/ncsist/ars548_RoboStack/install/ars548_driver/lib/ars548_driver/ars548_filter_node" to ""
[11.201s] -- Installing: /home/mvclab/workspace/ncsist/ars548_RoboStack/install/ars548_driver/share/ars548_driver//launch
[11.201s] -- Installing: /home/mvclab/workspace/ncsist/ars548_RoboStack/install/ars548_driver/share/ars548_driver//launch/filter_launch.xml
[11.201s] -- Installing: /home/mvclab/workspace/ncsist/ars548_RoboStack/install/ars548_driver/share/ars548_driver//launch/ars548_launch.xml
[11.201s] -- Installing: /home/mvclab/workspace/ncsist/ars548_RoboStack/install/ars548_driver/share/ars548_driver//rviz
[11.201s] -- Installing: /home/mvclab/workspace/ncsist/ars548_RoboStack/install/ars548_driver/share/ars548_driver//rviz/RadarVisualization.rviz
[11.201s] -- Installing: /home/mvclab/workspace/ncsist/ars548_RoboStack/install/ars548_driver/share/ars548_driver//rviz/filter.rviz
[11.201s] -- Installing: /home/mvclab/workspace/ncsist/ars548_RoboStack/install/ars548_driver/share/ars548_driver//scripts
[11.202s] -- Installing: /home/mvclab/workspace/ncsist/ars548_RoboStack/install/ars548_driver/share/ars548_driver//scripts/configurer.sh
[11.202s] -- Installing: /home/mvclab/workspace/ncsist/ars548_RoboStack/install/ars548_driver/share/ars548_driver//scripts/setup_max_dist.sh
[11.202s] -- Installing: /home/mvclab/workspace/ncsist/ars548_RoboStack/install/ars548_driver/share/ament_index/resource_index/package_run_dependencies/ars548_driver
[11.202s] -- Installing: /home/mvclab/workspace/ncsist/ars548_RoboStack/install/ars548_driver/share/ament_index/resource_index/parent_prefix_path/ars548_driver
[11.202s] -- Installing: /home/mvclab/workspace/ncsist/ars548_RoboStack/install/ars548_driver/share/ars548_driver/environment/ament_prefix_path.sh
[11.202s] -- Installing: /home/mvclab/workspace/ncsist/ars548_RoboStack/install/ars548_driver/share/ars548_driver/environment/ament_prefix_path.dsv
[11.202s] -- Installing: /home/mvclab/workspace/ncsist/ars548_RoboStack/install/ars548_driver/share/ars548_driver/environment/path.sh
[11.202s] -- Installing: /home/mvclab/workspace/ncsist/ars548_RoboStack/install/ars548_driver/share/ars548_driver/environment/path.dsv
[11.202s] -- Installing: /home/mvclab/workspace/ncsist/ars548_RoboStack/install/ars548_driver/share/ars548_driver/local_setup.bash
[11.202s] -- Installing: /home/mvclab/workspace/ncsist/ars548_RoboStack/install/ars548_driver/share/ars548_driver/local_setup.sh
[11.202s] -- Installing: /home/mvclab/workspace/ncsist/ars548_RoboStack/install/ars548_driver/share/ars548_driver/local_setup.zsh
[11.202s] -- Installing: /home/mvclab/workspace/ncsist/ars548_RoboStack/install/ars548_driver/share/ars548_driver/local_setup.dsv
[11.202s] -- Installing: /home/mvclab/workspace/ncsist/ars548_RoboStack/install/ars548_driver/share/ars548_driver/package.dsv
[11.203s] -- Installing: /home/mvclab/workspace/ncsist/ars548_RoboStack/install/ars548_driver/share/ament_index/resource_index/packages/ars548_driver
[11.203s] -- Installing: /home/mvclab/workspace/ncsist/ars548_RoboStack/install/ars548_driver/share/ars548_driver/cmake/ars548_driverConfig.cmake
[11.203s] -- Installing: /home/mvclab/workspace/ncsist/ars548_RoboStack/install/ars548_driver/share/ars548_driver/cmake/ars548_driverConfig-version.cmake
[11.203s] -- Installing: /home/mvclab/workspace/ncsist/ars548_RoboStack/install/ars548_driver/share/ars548_driver/package.xml
[11.204s] Invoked command in '/home/mvclab/workspace/ncsist/ars548_RoboStack/build/ars548_driver' returned '0': AMENT_PREFIX_PATH=/home/mvclab/workspace/ncsist/ars548_RoboStack/install/ars548_messages:${AMENT_PREFIX_PATH} CMAKE_PREFIX_PATH=/home/mvclab/workspace/ncsist/ars548_RoboStack/install/ars548_messages:${CMAKE_PREFIX_PATH} CONDA_PROMPT_MODIFIER=(ros2) LD_LIBRARY_PATH=/home/mvclab/workspace/ncsist/ars548_RoboStack/install/ars548_messages/lib:${LD_LIBRARY_PATH} PYTHONPATH=/home/mvclab/workspace/ncsist/ars548_RoboStack/install/ars548_messages/lib/python3.11/site-packages:${PYTHONPATH} /home/mvclab/micromamba/envs/ros2/bin/cmake --install /home/mvclab/workspace/ncsist/ars548_RoboStack/build/ars548_driver
