[0mCMake Deprecation Warning at CMakeLists.txt:1 (cmake_minimum_required):
  Compatibility with CMake < 3.10 will be removed from a future version of
  CMake.

  Update the VERSION argument <min> value.  Or, use the <min>...<max> syntax
  to tell CMake that the project requires at least <min> but has been updated
  to work with policies introduced by <max> or earlier.

[0m
-- The C compiler identification is GNU 13.3.0
-- The CXX compiler identification is GNU 13.3.0
-- Detecting C compiler ABI info
-- Detecting C compiler ABI info - done
-- Check for working C compiler: /home/mvclab/micromamba/envs/ros2/bin/x86_64-conda-linux-gnu-cc - skipped
-- Detecting C compile features
-- Detecting C compile features - done
-- Detecting CXX compiler ABI info
-- Detecting CXX compiler ABI info - done
-- Check for working CXX compiler: /home/mvclab/micromamba/envs/ros2/bin/x86_64-conda-linux-gnu-c++ - skipped
-- Detecting CXX compile features
-- Detecting CXX compile features - done
-- Found ament_cmake: 1.3.11 (/home/mvclab/micromamba/envs/ros2/share/ament_cmake/cmake)
-- Found Python3: /home/mvclab/micromamba/envs/ros2/bin/python3 (found version "3.11.13") found components: Interpreter
-- Found rosidl_default_generators: 1.2.0 (/home/mvclab/micromamba/envs/ros2/share/rosidl_default_generators/cmake)
-- Using all available rosidl_typesupport_c: rosidl_typesupport_fastrtps_c;rosidl_typesupport_introspection_c
-- Found rosidl_adapter: 3.1.6 (/home/mvclab/micromamba/envs/ros2/share/rosidl_adapter/cmake)
-- Using all available rosidl_typesupport_cpp: rosidl_typesupport_fastrtps_cpp;rosidl_typesupport_introspection_cpp
-- Found std_msgs: 4.2.4 (/home/mvclab/micromamba/envs/ros2/share/std_msgs/cmake)
-- Found ament_cmake_ros: 0.10.0 (/home/mvclab/micromamba/envs/ros2/share/ament_cmake_ros/cmake)
-- Using all available rosidl_typesupport_c: rosidl_typesupport_fastrtps_c;rosidl_typesupport_introspection_c
-- Using all available rosidl_typesupport_cpp: rosidl_typesupport_fastrtps_cpp;rosidl_typesupport_introspection_cpp
-- Found python_cmake_module: 0.10.0 (/home/mvclab/micromamba/envs/ros2/share/python_cmake_module/cmake)
[33mCMake Warning (dev) at /home/mvclab/micromamba/envs/ros2/share/python_cmake_module/cmake/Modules/FindPythonExtra.cmake:52 (find_package):
  Policy CMP0148 is not set: The FindPythonInterp and FindPythonLibs modules
  are removed.  Run "cmake --help-policy CMP0148" for policy details.  Use
  the cmake_policy command to set the policy and suppress this warning.

Call Stack (most recent call first):
  /home/mvclab/micromamba/envs/ros2/share/rosidl_generator_py/cmake/rosidl_generator_py_generate_interfaces.cmake:21 (find_package)
  /home/mvclab/micromamba/envs/ros2/share/ament_cmake_core/cmake/core/ament_execute_extensions.cmake:48 (include)
  /home/mvclab/micromamba/envs/ros2/share/rosidl_cmake/cmake/rosidl_generate_interfaces.cmake:286 (ament_execute_extensions)
  CMakeLists.txt:13 (rosidl_generate_interfaces)
This warning is for project developers.  Use -Wno-dev to suppress it.
[0m
-- Found PythonInterp: /home/mvclab/micromamba/envs/ros2/bin/python3 (found suitable version "3.11.13", minimum required is "3.6")
[33mCMake Warning (dev) at /home/mvclab/micromamba/envs/ros2/share/python_cmake_module/cmake/Modules/FindPythonExtra.cmake:140 (find_package):
  Policy CMP0148 is not set: The FindPythonInterp and FindPythonLibs modules
  are removed.  Run "cmake --help-policy CMP0148" for policy details.  Use
  the cmake_policy command to set the policy and suppress this warning.

Call Stack (most recent call first):
  /home/mvclab/micromamba/envs/ros2/share/rosidl_generator_py/cmake/rosidl_generator_py_generate_interfaces.cmake:21 (find_package)
  /home/mvclab/micromamba/envs/ros2/share/ament_cmake_core/cmake/core/ament_execute_extensions.cmake:48 (include)
  /home/mvclab/micromamba/envs/ros2/share/rosidl_cmake/cmake/rosidl_generate_interfaces.cmake:286 (ament_execute_extensions)
  CMakeLists.txt:13 (rosidl_generate_interfaces)
This warning is for project developers.  Use -Wno-dev to suppress it.
[0m
-- Found PythonLibs: /home/mvclab/micromamba/envs/ros2/lib/libpython3.11.so (found suitable version "3.11.13", minimum required is "3.5")
-- Using PYTHON_EXECUTABLE: /home/mvclab/micromamba/envs/ros2/bin/python3
-- Using PYTHON_INCLUDE_DIRS: /home/mvclab/micromamba/envs/ros2/include/python3.11
-- Using PYTHON_LIBRARIES: /home/mvclab/micromamba/envs/ros2/lib/libpython3.11.so
-- Found PythonExtra: .so
-- Found Python3: /home/mvclab/micromamba/envs/ros2/include/python3.11 (found version "3.11.13") found components: Development NumPy Interpreter Development.Module Development.Embed
-- Found ament_lint_auto: 0.12.11 (/home/mvclab/micromamba/envs/ros2/share/ament_lint_auto/cmake)
-- Added test 'lint_cmake' to check CMake code style
-- Added test 'xmllint' to check XML markup files
-- Configuring done (1.9s)
-- Generating done (0.1s)
-- Build files have been written to: /home/mvclab/workspace/ncsist/ars548_RoboStack/build/ars548_messages
[  1%] [34m[1mGenerating C code for ROS interfaces[0m
[  1%] [34m[1mGenerating C++ code for ROS interfaces[0m
[  1%] Built target ament_cmake_python_copy_ars548_messages
running egg_info
creating ars548_messages.egg-info
writing ars548_messages.egg-info/PKG-INFO
writing dependency_links to ars548_messages.egg-info/dependency_links.txt
writing top-level names to ars548_messages.egg-info/top_level.txt
writing manifest file 'ars548_messages.egg-info/SOURCES.txt'
reading manifest file 'ars548_messages.egg-info/SOURCES.txt'
writing manifest file 'ars548_messages.egg-info/SOURCES.txt'
[  1%] Built target ament_cmake_python_build_ars548_messages_egg
[  1%] Built target ars548_messages__cpp
[  2%] [34m[1mGenerating C++ type support dispatch for ROS interfaces[0m
[  3%] [34m[1mGenerating C++ introspection for ROS interfaces[0m
[  3%] [34m[1mGenerating C++ type support for eProsima Fast-RTPS[0m
[  4%] [32mBuilding C object CMakeFiles/ars548_messages__rosidl_generator_c.dir/rosidl_generator_c/ars548_messages/msg/detail/detection__functions.c.o[0m
[  4%] [32mBuilding C object CMakeFiles/ars548_messages__rosidl_generator_c.dir/rosidl_generator_c/ars548_messages/msg/detail/detection_list__functions.c.o[0m
[  5%] [32mBuilding C object CMakeFiles/ars548_messages__rosidl_generator_c.dir/rosidl_generator_c/ars548_messages/msg/detail/object__functions.c.o[0m
[  6%] [32mBuilding C object CMakeFiles/ars548_messages__rosidl_generator_c.dir/rosidl_generator_c/ars548_messages/msg/detail/object_list__functions.c.o[0m
[  7%] [32mBuilding C object CMakeFiles/ars548_messages__rosidl_generator_c.dir/rosidl_generator_c/ars548_messages/msg/detail/status__functions.c.o[0m
[  8%] [32mBuilding C object CMakeFiles/ars548_messages__rosidl_generator_c.dir/rosidl_generator_c/ars548_messages/msg/detail/acceleration_lateral_co_g__functions.c.o[0m
[  8%] [32mBuilding C object CMakeFiles/ars548_messages__rosidl_generator_c.dir/rosidl_generator_c/ars548_messages/msg/detail/acceleration_longitudinal_co_g__functions.c.o[0m
[  9%] [32mBuilding C object CMakeFiles/ars548_messages__rosidl_generator_c.dir/rosidl_generator_c/ars548_messages/msg/detail/characteristic_speed__functions.c.o[0m
[ 10%] [32mBuilding C object CMakeFiles/ars548_messages__rosidl_generator_c.dir/rosidl_generator_c/ars548_messages/msg/detail/driving_direction__functions.c.o[0m
[ 11%] [32mBuilding C object CMakeFiles/ars548_messages__rosidl_generator_c.dir/rosidl_generator_c/ars548_messages/msg/detail/sensor_configuration__functions.c.o[0m
[ 12%] [32mBuilding C object CMakeFiles/ars548_messages__rosidl_generator_c.dir/rosidl_generator_c/ars548_messages/msg/detail/steering_angle_front_axle__functions.c.o[0m
[ 12%] [32mBuilding C object CMakeFiles/ars548_messages__rosidl_generator_c.dir/rosidl_generator_c/ars548_messages/msg/detail/velocity_vehicle__functions.c.o[0m
[ 13%] [32mBuilding C object CMakeFiles/ars548_messages__rosidl_generator_c.dir/rosidl_generator_c/ars548_messages/msg/detail/yaw_rate__functions.c.o[0m
[ 14%] [32m[1mLinking C shared library libars548_messages__rosidl_generator_c.so[0m
[ 14%] Built target ars548_messages__rosidl_generator_c
[ 16%] [34m[1mGenerating C type support dispatch for ROS interfaces[0m
[ 17%] [34m[1mGenerating C introspection for ROS interfaces[0m
[ 16%] [34m[1mGenerating C type support for eProsima Fast-RTPS[0m
[ 19%] [32mBuilding CXX object CMakeFiles/ars548_messages__rosidl_typesupport_cpp.dir/rosidl_typesupport_cpp/ars548_messages/msg/detection_list__type_support.cpp.o[0m
[ 19%] [32mBuilding CXX object CMakeFiles/ars548_messages__rosidl_typesupport_cpp.dir/rosidl_typesupport_cpp/ars548_messages/msg/detection__type_support.cpp.o[0m
[ 19%] [32mBuilding CXX object CMakeFiles/ars548_messages__rosidl_typesupport_cpp.dir/rosidl_typesupport_cpp/ars548_messages/msg/object__type_support.cpp.o[0m
[ 20%] [32mBuilding CXX object CMakeFiles/ars548_messages__rosidl_typesupport_introspection_cpp.dir/rosidl_typesupport_introspection_cpp/ars548_messages/msg/detail/detection__type_support.cpp.o[0m
[ 21%] [32mBuilding CXX object CMakeFiles/ars548_messages__rosidl_typesupport_fastrtps_cpp.dir/rosidl_typesupport_fastrtps_cpp/ars548_messages/msg/detail/dds_fastrtps/detection__type_support.cpp.o[0m
[ 22%] [32mBuilding CXX object CMakeFiles/ars548_messages__rosidl_typesupport_cpp.dir/rosidl_typesupport_cpp/ars548_messages/msg/object_list__type_support.cpp.o[0m
[ 23%] [32mBuilding CXX object CMakeFiles/ars548_messages__rosidl_typesupport_cpp.dir/rosidl_typesupport_cpp/ars548_messages/msg/status__type_support.cpp.o[0m
[ 24%] [32mBuilding CXX object CMakeFiles/ars548_messages__rosidl_typesupport_introspection_cpp.dir/rosidl_typesupport_introspection_cpp/ars548_messages/msg/detail/detection_list__type_support.cpp.o[0m
[ 24%] [32mBuilding CXX object CMakeFiles/ars548_messages__rosidl_typesupport_c.dir/rosidl_typesupport_c/ars548_messages/msg/detection__type_support.cpp.o[0m
[ 25%] [32mBuilding CXX object CMakeFiles/ars548_messages__rosidl_typesupport_c.dir/rosidl_typesupport_c/ars548_messages/msg/detection_list__type_support.cpp.o[0m
[ 26%] [32mBuilding CXX object CMakeFiles/ars548_messages__rosidl_typesupport_c.dir/rosidl_typesupport_c/ars548_messages/msg/object__type_support.cpp.o[0m
[ 27%] [32mBuilding CXX object CMakeFiles/ars548_messages__rosidl_typesupport_c.dir/rosidl_typesupport_c/ars548_messages/msg/object_list__type_support.cpp.o[0m
[ 28%] [32mBuilding CXX object CMakeFiles/ars548_messages__rosidl_typesupport_fastrtps_cpp.dir/rosidl_typesupport_fastrtps_cpp/ars548_messages/msg/detail/dds_fastrtps/detection_list__type_support.cpp.o[0m
[ 29%] [32mBuilding CXX object CMakeFiles/ars548_messages__rosidl_typesupport_c.dir/rosidl_typesupport_c/ars548_messages/msg/status__type_support.cpp.o[0m
[ 29%] [32mBuilding CXX object CMakeFiles/ars548_messages__rosidl_typesupport_c.dir/rosidl_typesupport_c/ars548_messages/msg/acceleration_lateral_co_g__type_support.cpp.o[0m
[ 30%] [32mBuilding CXX object CMakeFiles/ars548_messages__rosidl_typesupport_c.dir/rosidl_typesupport_c/ars548_messages/msg/acceleration_longitudinal_co_g__type_support.cpp.o[0m
[ 31%] [32mBuilding CXX object CMakeFiles/ars548_messages__rosidl_typesupport_c.dir/rosidl_typesupport_c/ars548_messages/msg/characteristic_speed__type_support.cpp.o[0m
[ 32%] [32mBuilding C object CMakeFiles/ars548_messages__rosidl_typesupport_introspection_c.dir/rosidl_typesupport_introspection_c/ars548_messages/msg/detail/detection__type_support.c.o[0m
[ 33%] [32mBuilding CXX object CMakeFiles/ars548_messages__rosidl_typesupport_c.dir/rosidl_typesupport_c/ars548_messages/msg/driving_direction__type_support.cpp.o[0m
[ 34%] [32mBuilding CXX object CMakeFiles/ars548_messages__rosidl_typesupport_fastrtps_c.dir/rosidl_typesupport_fastrtps_c/ars548_messages/msg/detail/detection__type_support_c.cpp.o[0m
[ 35%] [32mBuilding C object CMakeFiles/ars548_messages__rosidl_typesupport_introspection_c.dir/rosidl_typesupport_introspection_c/ars548_messages/msg/detail/detection_list__type_support.c.o[0m
[ 36%] [32mBuilding CXX object CMakeFiles/ars548_messages__rosidl_typesupport_c.dir/rosidl_typesupport_c/ars548_messages/msg/sensor_configuration__type_support.cpp.o[0m
[ 37%] [32mBuilding CXX object CMakeFiles/ars548_messages__rosidl_typesupport_cpp.dir/rosidl_typesupport_cpp/ars548_messages/msg/acceleration_lateral_co_g__type_support.cpp.o[0m
[ 37%] [32mBuilding CXX object CMakeFiles/ars548_messages__rosidl_typesupport_fastrtps_c.dir/rosidl_typesupport_fastrtps_c/ars548_messages/msg/detail/detection_list__type_support_c.cpp.o[0m
[ 37%] [32mBuilding CXX object CMakeFiles/ars548_messages__rosidl_typesupport_c.dir/rosidl_typesupport_c/ars548_messages/msg/steering_angle_front_axle__type_support.cpp.o[0m
[ 37%] [32mBuilding C object CMakeFiles/ars548_messages__rosidl_typesupport_introspection_c.dir/rosidl_typesupport_introspection_c/ars548_messages/msg/detail/object__type_support.c.o[0m
[ 38%] [32mBuilding CXX object CMakeFiles/ars548_messages__rosidl_typesupport_c.dir/rosidl_typesupport_c/ars548_messages/msg/velocity_vehicle__type_support.cpp.o[0m
[ 39%] [32mBuilding C object CMakeFiles/ars548_messages__rosidl_typesupport_introspection_c.dir/rosidl_typesupport_introspection_c/ars548_messages/msg/detail/object_list__type_support.c.o[0m
[ 40%] [32mBuilding CXX object CMakeFiles/ars548_messages__rosidl_typesupport_c.dir/rosidl_typesupport_c/ars548_messages/msg/yaw_rate__type_support.cpp.o[0m
[ 41%] [32m[1mLinking CXX shared library libars548_messages__rosidl_typesupport_c.so[0m
[ 42%] [32mBuilding C object CMakeFiles/ars548_messages__rosidl_typesupport_introspection_c.dir/rosidl_typesupport_introspection_c/ars548_messages/msg/detail/status__type_support.c.o[0m
[ 43%] [32mBuilding CXX object CMakeFiles/ars548_messages__rosidl_typesupport_introspection_cpp.dir/rosidl_typesupport_introspection_cpp/ars548_messages/msg/detail/object__type_support.cpp.o[0m
[ 44%] [32mBuilding C object CMakeFiles/ars548_messages__rosidl_typesupport_introspection_c.dir/rosidl_typesupport_introspection_c/ars548_messages/msg/detail/acceleration_lateral_co_g__type_support.c.o[0m
[ 44%] Built target ars548_messages__rosidl_typesupport_c
[ 45%] [32mBuilding CXX object CMakeFiles/ars548_messages__rosidl_typesupport_cpp.dir/rosidl_typesupport_cpp/ars548_messages/msg/acceleration_longitudinal_co_g__type_support.cpp.o[0m
[ 46%] [32mBuilding CXX object CMakeFiles/ars548_messages__rosidl_typesupport_fastrtps_cpp.dir/rosidl_typesupport_fastrtps_cpp/ars548_messages/msg/detail/dds_fastrtps/object__type_support.cpp.o[0m
[ 47%] [32mBuilding C object CMakeFiles/ars548_messages__rosidl_typesupport_introspection_c.dir/rosidl_typesupport_introspection_c/ars548_messages/msg/detail/acceleration_longitudinal_co_g__type_support.c.o[0m
[ 47%] [32mBuilding C object CMakeFiles/ars548_messages__rosidl_typesupport_introspection_c.dir/rosidl_typesupport_introspection_c/ars548_messages/msg/detail/characteristic_speed__type_support.c.o[0m
[ 48%] [32mBuilding C object CMakeFiles/ars548_messages__rosidl_typesupport_introspection_c.dir/rosidl_typesupport_introspection_c/ars548_messages/msg/detail/driving_direction__type_support.c.o[0m
[ 49%] [32mBuilding C object CMakeFiles/ars548_messages__rosidl_typesupport_introspection_c.dir/rosidl_typesupport_introspection_c/ars548_messages/msg/detail/sensor_configuration__type_support.c.o[0m
[ 50%] [32mBuilding C object CMakeFiles/ars548_messages__rosidl_typesupport_introspection_c.dir/rosidl_typesupport_introspection_c/ars548_messages/msg/detail/steering_angle_front_axle__type_support.c.o[0m
[ 50%] [32mBuilding CXX object CMakeFiles/ars548_messages__rosidl_typesupport_cpp.dir/rosidl_typesupport_cpp/ars548_messages/msg/characteristic_speed__type_support.cpp.o[0m
[ 51%] [32mBuilding C object CMakeFiles/ars548_messages__rosidl_typesupport_introspection_c.dir/rosidl_typesupport_introspection_c/ars548_messages/msg/detail/velocity_vehicle__type_support.c.o[0m
[ 51%] [32mBuilding C object CMakeFiles/ars548_messages__rosidl_typesupport_introspection_c.dir/rosidl_typesupport_introspection_c/ars548_messages/msg/detail/yaw_rate__type_support.c.o[0m
[ 52%] [32mBuilding CXX object CMakeFiles/ars548_messages__rosidl_typesupport_introspection_cpp.dir/rosidl_typesupport_introspection_cpp/ars548_messages/msg/detail/object_list__type_support.cpp.o[0m
[ 53%] [32m[1mLinking C shared library libars548_messages__rosidl_typesupport_introspection_c.so[0m
[ 54%] [32mBuilding CXX object CMakeFiles/ars548_messages__rosidl_typesupport_fastrtps_c.dir/rosidl_typesupport_fastrtps_c/ars548_messages/msg/detail/object__type_support_c.cpp.o[0m
[ 54%] Built target ars548_messages__rosidl_typesupport_introspection_c
[ 55%] [32mBuilding CXX object CMakeFiles/ars548_messages__rosidl_typesupport_fastrtps_c.dir/rosidl_typesupport_fastrtps_c/ars548_messages/msg/detail/object_list__type_support_c.cpp.o[0m
[ 56%] [32mBuilding CXX object CMakeFiles/ars548_messages__rosidl_typesupport_fastrtps_c.dir/rosidl_typesupport_fastrtps_c/ars548_messages/msg/detail/status__type_support_c.cpp.o[0m
[ 57%] [32mBuilding CXX object CMakeFiles/ars548_messages__rosidl_typesupport_cpp.dir/rosidl_typesupport_cpp/ars548_messages/msg/driving_direction__type_support.cpp.o[0m
[ 57%] [32mBuilding CXX object CMakeFiles/ars548_messages__rosidl_typesupport_introspection_cpp.dir/rosidl_typesupport_introspection_cpp/ars548_messages/msg/detail/status__type_support.cpp.o[0m
[ 58%] [32mBuilding CXX object CMakeFiles/ars548_messages__rosidl_typesupport_cpp.dir/rosidl_typesupport_cpp/ars548_messages/msg/sensor_configuration__type_support.cpp.o[0m
[ 58%] [32mBuilding CXX object CMakeFiles/ars548_messages__rosidl_typesupport_fastrtps_cpp.dir/rosidl_typesupport_fastrtps_cpp/ars548_messages/msg/detail/dds_fastrtps/object_list__type_support.cpp.o[0m
[ 59%] [32mBuilding CXX object CMakeFiles/ars548_messages__rosidl_typesupport_cpp.dir/rosidl_typesupport_cpp/ars548_messages/msg/steering_angle_front_axle__type_support.cpp.o[0m
[ 60%] [32mBuilding CXX object CMakeFiles/ars548_messages__rosidl_typesupport_introspection_cpp.dir/rosidl_typesupport_introspection_cpp/ars548_messages/msg/detail/acceleration_lateral_co_g__type_support.cpp.o[0m
[ 62%] [32mBuilding CXX object CMakeFiles/ars548_messages__rosidl_typesupport_fastrtps_c.dir/rosidl_typesupport_fastrtps_c/ars548_messages/msg/detail/acceleration_lateral_co_g__type_support_c.cpp.o[0m
[ 62%] [32mBuilding CXX object CMakeFiles/ars548_messages__rosidl_typesupport_introspection_cpp.dir/rosidl_typesupport_introspection_cpp/ars548_messages/msg/detail/acceleration_longitudinal_co_g__type_support.cpp.o[0m
[ 62%] [32mBuilding CXX object CMakeFiles/ars548_messages__rosidl_typesupport_fastrtps_c.dir/rosidl_typesupport_fastrtps_c/ars548_messages/msg/detail/acceleration_longitudinal_co_g__type_support_c.cpp.o[0m
[ 63%] [32mBuilding CXX object CMakeFiles/ars548_messages__rosidl_typesupport_fastrtps_c.dir/rosidl_typesupport_fastrtps_c/ars548_messages/msg/detail/characteristic_speed__type_support_c.cpp.o[0m
[ 64%] [32mBuilding CXX object CMakeFiles/ars548_messages__rosidl_typesupport_cpp.dir/rosidl_typesupport_cpp/ars548_messages/msg/velocity_vehicle__type_support.cpp.o[0m
[ 64%] [32mBuilding CXX object CMakeFiles/ars548_messages__rosidl_typesupport_cpp.dir/rosidl_typesupport_cpp/ars548_messages/msg/yaw_rate__type_support.cpp.o[0m
[ 65%] [32mBuilding CXX object CMakeFiles/ars548_messages__rosidl_typesupport_introspection_cpp.dir/rosidl_typesupport_introspection_cpp/ars548_messages/msg/detail/characteristic_speed__type_support.cpp.o[0m
[ 66%] [32mBuilding CXX object CMakeFiles/ars548_messages__rosidl_typesupport_introspection_cpp.dir/rosidl_typesupport_introspection_cpp/ars548_messages/msg/detail/driving_direction__type_support.cpp.o[0m
[ 67%] [32mBuilding CXX object CMakeFiles/ars548_messages__rosidl_typesupport_fastrtps_cpp.dir/rosidl_typesupport_fastrtps_cpp/ars548_messages/msg/detail/dds_fastrtps/status__type_support.cpp.o[0m
[ 68%] [32mBuilding CXX object CMakeFiles/ars548_messages__rosidl_typesupport_fastrtps_c.dir/rosidl_typesupport_fastrtps_c/ars548_messages/msg/detail/driving_direction__type_support_c.cpp.o[0m
[ 69%] [32mBuilding CXX object CMakeFiles/ars548_messages__rosidl_typesupport_fastrtps_c.dir/rosidl_typesupport_fastrtps_c/ars548_messages/msg/detail/sensor_configuration__type_support_c.cpp.o[0m
[ 70%] [32mBuilding CXX object CMakeFiles/ars548_messages__rosidl_typesupport_fastrtps_c.dir/rosidl_typesupport_fastrtps_c/ars548_messages/msg/detail/steering_angle_front_axle__type_support_c.cpp.o[0m
[ 70%] [32mBuilding CXX object CMakeFiles/ars548_messages__rosidl_typesupport_fastrtps_c.dir/rosidl_typesupport_fastrtps_c/ars548_messages/msg/detail/velocity_vehicle__type_support_c.cpp.o[0m
[ 71%] [32m[1mLinking CXX shared library libars548_messages__rosidl_typesupport_cpp.so[0m
[ 71%] Built target ars548_messages__rosidl_typesupport_cpp
[ 72%] [32mBuilding CXX object CMakeFiles/ars548_messages__rosidl_typesupport_fastrtps_c.dir/rosidl_typesupport_fastrtps_c/ars548_messages/msg/detail/yaw_rate__type_support_c.cpp.o[0m
[ 72%] [32mBuilding CXX object CMakeFiles/ars548_messages__rosidl_typesupport_introspection_cpp.dir/rosidl_typesupport_introspection_cpp/ars548_messages/msg/detail/sensor_configuration__type_support.cpp.o[0m
[ 73%] [32mBuilding CXX object CMakeFiles/ars548_messages__rosidl_typesupport_introspection_cpp.dir/rosidl_typesupport_introspection_cpp/ars548_messages/msg/detail/steering_angle_front_axle__type_support.cpp.o[0m
[ 74%] [32mBuilding CXX object CMakeFiles/ars548_messages__rosidl_typesupport_introspection_cpp.dir/rosidl_typesupport_introspection_cpp/ars548_messages/msg/detail/velocity_vehicle__type_support.cpp.o[0m
[ 75%] [32mBuilding CXX object CMakeFiles/ars548_messages__rosidl_typesupport_introspection_cpp.dir/rosidl_typesupport_introspection_cpp/ars548_messages/msg/detail/yaw_rate__type_support.cpp.o[0m
[ 76%] [32mBuilding CXX object CMakeFiles/ars548_messages__rosidl_typesupport_fastrtps_cpp.dir/rosidl_typesupport_fastrtps_cpp/ars548_messages/msg/detail/dds_fastrtps/acceleration_lateral_co_g__type_support.cpp.o[0m
[ 77%] [32mBuilding CXX object CMakeFiles/ars548_messages__rosidl_typesupport_fastrtps_cpp.dir/rosidl_typesupport_fastrtps_cpp/ars548_messages/msg/detail/dds_fastrtps/acceleration_longitudinal_co_g__type_support.cpp.o[0m
[ 78%] [32mBuilding CXX object CMakeFiles/ars548_messages__rosidl_typesupport_fastrtps_cpp.dir/rosidl_typesupport_fastrtps_cpp/ars548_messages/msg/detail/dds_fastrtps/characteristic_speed__type_support.cpp.o[0m
[ 78%] [32mBuilding CXX object CMakeFiles/ars548_messages__rosidl_typesupport_fastrtps_cpp.dir/rosidl_typesupport_fastrtps_cpp/ars548_messages/msg/detail/dds_fastrtps/driving_direction__type_support.cpp.o[0m
[ 79%] [32m[1mLinking CXX shared library libars548_messages__rosidl_typesupport_fastrtps_c.so[0m
[ 80%] [32mBuilding CXX object CMakeFiles/ars548_messages__rosidl_typesupport_fastrtps_cpp.dir/rosidl_typesupport_fastrtps_cpp/ars548_messages/msg/detail/dds_fastrtps/sensor_configuration__type_support.cpp.o[0m
[ 81%] [32mBuilding CXX object CMakeFiles/ars548_messages__rosidl_typesupport_fastrtps_cpp.dir/rosidl_typesupport_fastrtps_cpp/ars548_messages/msg/detail/dds_fastrtps/steering_angle_front_axle__type_support.cpp.o[0m
[ 81%] Built target ars548_messages__rosidl_typesupport_fastrtps_c
[ 82%] [32mBuilding CXX object CMakeFiles/ars548_messages__rosidl_typesupport_fastrtps_cpp.dir/rosidl_typesupport_fastrtps_cpp/ars548_messages/msg/detail/dds_fastrtps/velocity_vehicle__type_support.cpp.o[0m
[ 83%] [32m[1mLinking CXX shared library libars548_messages__rosidl_typesupport_introspection_cpp.so[0m
[ 84%] [32mBuilding CXX object CMakeFiles/ars548_messages__rosidl_typesupport_fastrtps_cpp.dir/rosidl_typesupport_fastrtps_cpp/ars548_messages/msg/detail/dds_fastrtps/yaw_rate__type_support.cpp.o[0m
[ 84%] Built target ars548_messages__rosidl_typesupport_introspection_cpp
[ 84%] [32m[1mLinking CXX shared library libars548_messages__rosidl_typesupport_fastrtps_cpp.so[0m
[ 84%] Built target ars548_messages__rosidl_typesupport_fastrtps_cpp
[ 84%] Built target ars548_messages
[ 85%] [34m[1mGenerating Python code for ROS interfaces[0m
[ 85%] Built target ars548_messages__py
[ 86%] [32mBuilding C object CMakeFiles/ars548_messages__rosidl_generator_py.dir/rosidl_generator_py/ars548_messages/msg/_detection_s.c.o[0m
[ 87%] [32mBuilding C object CMakeFiles/ars548_messages__rosidl_generator_py.dir/rosidl_generator_py/ars548_messages/msg/_object_s.c.o[0m
[ 87%] [32mBuilding C object CMakeFiles/ars548_messages__rosidl_generator_py.dir/rosidl_generator_py/ars548_messages/msg/_detection_list_s.c.o[0m
[ 88%] [32mBuilding C object CMakeFiles/ars548_messages__rosidl_generator_py.dir/rosidl_generator_py/ars548_messages/msg/_object_list_s.c.o[0m
[ 89%] [32mBuilding C object CMakeFiles/ars548_messages__rosidl_generator_py.dir/rosidl_generator_py/ars548_messages/msg/_status_s.c.o[0m
[ 90%] [32mBuilding C object CMakeFiles/ars548_messages__rosidl_generator_py.dir/rosidl_generator_py/ars548_messages/msg/_acceleration_lateral_co_g_s.c.o[0m
[ 90%] [32mBuilding C object CMakeFiles/ars548_messages__rosidl_generator_py.dir/rosidl_generator_py/ars548_messages/msg/_acceleration_longitudinal_co_g_s.c.o[0m
[ 91%] [32mBuilding C object CMakeFiles/ars548_messages__rosidl_generator_py.dir/rosidl_generator_py/ars548_messages/msg/_characteristic_speed_s.c.o[0m
[ 92%] [32mBuilding C object CMakeFiles/ars548_messages__rosidl_generator_py.dir/rosidl_generator_py/ars548_messages/msg/_driving_direction_s.c.o[0m
[ 93%] [32mBuilding C object CMakeFiles/ars548_messages__rosidl_generator_py.dir/rosidl_generator_py/ars548_messages/msg/_sensor_configuration_s.c.o[0m
[ 94%] [32mBuilding C object CMakeFiles/ars548_messages__rosidl_generator_py.dir/rosidl_generator_py/ars548_messages/msg/_steering_angle_front_axle_s.c.o[0m
[ 94%] [32mBuilding C object CMakeFiles/ars548_messages__rosidl_generator_py.dir/rosidl_generator_py/ars548_messages/msg/_velocity_vehicle_s.c.o[0m
[ 95%] [32mBuilding C object CMakeFiles/ars548_messages__rosidl_generator_py.dir/rosidl_generator_py/ars548_messages/msg/_yaw_rate_s.c.o[0m
[ 96%] [32m[1mLinking C shared library rosidl_generator_py/ars548_messages/libars548_messages__rosidl_generator_py.so[0m
[ 96%] Built target ars548_messages__rosidl_generator_py
[ 97%] [32mBuilding C object CMakeFiles/ars548_messages__rosidl_typesupport_fastrtps_c__pyext.dir/rosidl_generator_py/ars548_messages/_ars548_messages_s.ep.rosidl_typesupport_fastrtps_c.c.o[0m
[ 98%] [32mBuilding C object CMakeFiles/ars548_messages__rosidl_typesupport_introspection_c__pyext.dir/rosidl_generator_py/ars548_messages/_ars548_messages_s.ep.rosidl_typesupport_introspection_c.c.o[0m
[ 99%] [32mBuilding C object CMakeFiles/ars548_messages__rosidl_typesupport_c__pyext.dir/rosidl_generator_py/ars548_messages/_ars548_messages_s.ep.rosidl_typesupport_c.c.o[0m
[ 99%] [32m[1mLinking C shared library rosidl_generator_py/ars548_messages/ars548_messages_s__rosidl_typesupport_c.cpython-311-x86_64-linux-gnu.so[0m
[ 99%] [32m[1mLinking C shared library rosidl_generator_py/ars548_messages/ars548_messages_s__rosidl_typesupport_fastrtps_c.cpython-311-x86_64-linux-gnu.so[0m
[100%] [32m[1mLinking C shared library rosidl_generator_py/ars548_messages/ars548_messages_s__rosidl_typesupport_introspection_c.cpython-311-x86_64-linux-gnu.so[0m
[100%] Built target ars548_messages__rosidl_typesupport_fastrtps_c__pyext
[100%] Built target ars548_messages__rosidl_typesupport_introspection_c__pyext
[100%] Built target ars548_messages__rosidl_typesupport_c__pyext
-- Install configuration: ""
-- Installing: /home/mvclab/workspace/ncsist/ars548_RoboStack/install/ars548_messages/share/ament_index/resource_index/rosidl_interfaces/ars548_messages
-- Installing: /home/mvclab/workspace/ncsist/ars548_RoboStack/install/ars548_messages/include/ars548_messages/ars548_messages
-- Installing: /home/mvclab/workspace/ncsist/ars548_RoboStack/install/ars548_messages/include/ars548_messages/ars548_messages/msg
-- Installing: /home/mvclab/workspace/ncsist/ars548_RoboStack/install/ars548_messages/include/ars548_messages/ars548_messages/msg/object_list.h
-- Installing: /home/mvclab/workspace/ncsist/ars548_RoboStack/install/ars548_messages/include/ars548_messages/ars548_messages/msg/detail
-- Installing: /home/mvclab/workspace/ncsist/ars548_RoboStack/install/ars548_messages/include/ars548_messages/ars548_messages/msg/detail/acceleration_lateral_co_g__type_support.h
-- Installing: /home/mvclab/workspace/ncsist/ars548_RoboStack/install/ars548_messages/include/ars548_messages/ars548_messages/msg/detail/driving_direction__functions.h
-- Installing: /home/mvclab/workspace/ncsist/ars548_RoboStack/install/ars548_messages/include/ars548_messages/ars548_messages/msg/detail/object_list__functions.h
-- Installing: /home/mvclab/workspace/ncsist/ars548_RoboStack/install/ars548_messages/include/ars548_messages/ars548_messages/msg/detail/driving_direction__functions.c
-- Installing: /home/mvclab/workspace/ncsist/ars548_RoboStack/install/ars548_messages/include/ars548_messages/ars548_messages/msg/detail/object__functions.h
-- Installing: /home/mvclab/workspace/ncsist/ars548_RoboStack/install/ars548_messages/include/ars548_messages/ars548_messages/msg/detail/status__functions.h
-- Installing: /home/mvclab/workspace/ncsist/ars548_RoboStack/install/ars548_messages/include/ars548_messages/ars548_messages/msg/detail/acceleration_lateral_co_g__functions.h
-- Installing: /home/mvclab/workspace/ncsist/ars548_RoboStack/install/ars548_messages/include/ars548_messages/ars548_messages/msg/detail/yaw_rate__struct.h
-- Installing: /home/mvclab/workspace/ncsist/ars548_RoboStack/install/ars548_messages/include/ars548_messages/ars548_messages/msg/detail/object_list__struct.h
-- Installing: /home/mvclab/workspace/ncsist/ars548_RoboStack/install/ars548_messages/include/ars548_messages/ars548_messages/msg/detail/characteristic_speed__functions.h
-- Installing: /home/mvclab/workspace/ncsist/ars548_RoboStack/install/ars548_messages/include/ars548_messages/ars548_messages/msg/detail/object__struct.h
-- Installing: /home/mvclab/workspace/ncsist/ars548_RoboStack/install/ars548_messages/include/ars548_messages/ars548_messages/msg/detail/detection__struct.h
-- Installing: /home/mvclab/workspace/ncsist/ars548_RoboStack/install/ars548_messages/include/ars548_messages/ars548_messages/msg/detail/status__struct.h
-- Installing: /home/mvclab/workspace/ncsist/ars548_RoboStack/install/ars548_messages/include/ars548_messages/ars548_messages/msg/detail/velocity_vehicle__type_support.h
-- Installing: /home/mvclab/workspace/ncsist/ars548_RoboStack/install/ars548_messages/include/ars548_messages/ars548_messages/msg/detail/sensor_configuration__struct.h
-- Installing: /home/mvclab/workspace/ncsist/ars548_RoboStack/install/ars548_messages/include/ars548_messages/ars548_messages/msg/detail/detection_list__struct.h
-- Installing: /home/mvclab/workspace/ncsist/ars548_RoboStack/install/ars548_messages/include/ars548_messages/ars548_messages/msg/detail/steering_angle_front_axle__functions.c
-- Installing: /home/mvclab/workspace/ncsist/ars548_RoboStack/install/ars548_messages/include/ars548_messages/ars548_messages/msg/detail/characteristic_speed__functions.c
-- Installing: /home/mvclab/workspace/ncsist/ars548_RoboStack/install/ars548_messages/include/ars548_messages/ars548_messages/msg/detail/detection_list__functions.h
-- Installing: /home/mvclab/workspace/ncsist/ars548_RoboStack/install/ars548_messages/include/ars548_messages/ars548_messages/msg/detail/velocity_vehicle__functions.h
-- Installing: /home/mvclab/workspace/ncsist/ars548_RoboStack/install/ars548_messages/include/ars548_messages/ars548_messages/msg/detail/detection__functions.c
-- Installing: /home/mvclab/workspace/ncsist/ars548_RoboStack/install/ars548_messages/include/ars548_messages/ars548_messages/msg/detail/characteristic_speed__struct.h
-- Installing: /home/mvclab/workspace/ncsist/ars548_RoboStack/install/ars548_messages/include/ars548_messages/ars548_messages/msg/detail/steering_angle_front_axle__type_support.h
-- Installing: /home/mvclab/workspace/ncsist/ars548_RoboStack/install/ars548_messages/include/ars548_messages/ars548_messages/msg/detail/yaw_rate__functions.h
-- Installing: /home/mvclab/workspace/ncsist/ars548_RoboStack/install/ars548_messages/include/ars548_messages/ars548_messages/msg/detail/acceleration_lateral_co_g__functions.c
-- Installing: /home/mvclab/workspace/ncsist/ars548_RoboStack/install/ars548_messages/include/ars548_messages/ars548_messages/msg/detail/acceleration_lateral_co_g__struct.h
-- Installing: /home/mvclab/workspace/ncsist/ars548_RoboStack/install/ars548_messages/include/ars548_messages/ars548_messages/msg/detail/sensor_configuration__functions.h
-- Installing: /home/mvclab/workspace/ncsist/ars548_RoboStack/install/ars548_messages/include/ars548_messages/ars548_messages/msg/detail/yaw_rate__functions.c
-- Installing: /home/mvclab/workspace/ncsist/ars548_RoboStack/install/ars548_messages/include/ars548_messages/ars548_messages/msg/detail/status__type_support.h
-- Installing: /home/mvclab/workspace/ncsist/ars548_RoboStack/install/ars548_messages/include/ars548_messages/ars548_messages/msg/detail/detection__functions.h
-- Installing: /home/mvclab/workspace/ncsist/ars548_RoboStack/install/ars548_messages/include/ars548_messages/ars548_messages/msg/detail/steering_angle_front_axle__functions.h
-- Installing: /home/mvclab/workspace/ncsist/ars548_RoboStack/install/ars548_messages/include/ars548_messages/ars548_messages/msg/detail/object__functions.c
-- Installing: /home/mvclab/workspace/ncsist/ars548_RoboStack/install/ars548_messages/include/ars548_messages/ars548_messages/msg/detail/driving_direction__struct.h
-- Installing: /home/mvclab/workspace/ncsist/ars548_RoboStack/install/ars548_messages/include/ars548_messages/ars548_messages/msg/detail/steering_angle_front_axle__struct.h
-- Installing: /home/mvclab/workspace/ncsist/ars548_RoboStack/install/ars548_messages/include/ars548_messages/ars548_messages/msg/detail/object_list__functions.c
-- Installing: /home/mvclab/workspace/ncsist/ars548_RoboStack/install/ars548_messages/include/ars548_messages/ars548_messages/msg/detail/velocity_vehicle__struct.h
-- Installing: /home/mvclab/workspace/ncsist/ars548_RoboStack/install/ars548_messages/include/ars548_messages/ars548_messages/msg/detail/yaw_rate__type_support.h
-- Installing: /home/mvclab/workspace/ncsist/ars548_RoboStack/install/ars548_messages/include/ars548_messages/ars548_messages/msg/detail/acceleration_longitudinal_co_g__functions.h
-- Installing: /home/mvclab/workspace/ncsist/ars548_RoboStack/install/ars548_messages/include/ars548_messages/ars548_messages/msg/detail/characteristic_speed__type_support.h
-- Installing: /home/mvclab/workspace/ncsist/ars548_RoboStack/install/ars548_messages/include/ars548_messages/ars548_messages/msg/detail/status__functions.c
-- Installing: /home/mvclab/workspace/ncsist/ars548_RoboStack/install/ars548_messages/include/ars548_messages/ars548_messages/msg/detail/acceleration_longitudinal_co_g__functions.c
-- Installing: /home/mvclab/workspace/ncsist/ars548_RoboStack/install/ars548_messages/include/ars548_messages/ars548_messages/msg/detail/detection__type_support.h
-- Installing: /home/mvclab/workspace/ncsist/ars548_RoboStack/install/ars548_messages/include/ars548_messages/ars548_messages/msg/detail/object_list__type_support.h
-- Installing: /home/mvclab/workspace/ncsist/ars548_RoboStack/install/ars548_messages/include/ars548_messages/ars548_messages/msg/detail/driving_direction__type_support.h
-- Installing: /home/mvclab/workspace/ncsist/ars548_RoboStack/install/ars548_messages/include/ars548_messages/ars548_messages/msg/detail/detection_list__functions.c
-- Installing: /home/mvclab/workspace/ncsist/ars548_RoboStack/install/ars548_messages/include/ars548_messages/ars548_messages/msg/detail/detection_list__type_support.h
-- Installing: /home/mvclab/workspace/ncsist/ars548_RoboStack/install/ars548_messages/include/ars548_messages/ars548_messages/msg/detail/object__type_support.h
-- Installing: /home/mvclab/workspace/ncsist/ars548_RoboStack/install/ars548_messages/include/ars548_messages/ars548_messages/msg/detail/velocity_vehicle__functions.c
-- Installing: /home/mvclab/workspace/ncsist/ars548_RoboStack/install/ars548_messages/include/ars548_messages/ars548_messages/msg/detail/acceleration_longitudinal_co_g__struct.h
-- Installing: /home/mvclab/workspace/ncsist/ars548_RoboStack/install/ars548_messages/include/ars548_messages/ars548_messages/msg/detail/acceleration_longitudinal_co_g__type_support.h
-- Installing: /home/mvclab/workspace/ncsist/ars548_RoboStack/install/ars548_messages/include/ars548_messages/ars548_messages/msg/detail/sensor_configuration__functions.c
-- Installing: /home/mvclab/workspace/ncsist/ars548_RoboStack/install/ars548_messages/include/ars548_messages/ars548_messages/msg/detail/sensor_configuration__type_support.h
-- Installing: /home/mvclab/workspace/ncsist/ars548_RoboStack/install/ars548_messages/include/ars548_messages/ars548_messages/msg/sensor_configuration.h
-- Installing: /home/mvclab/workspace/ncsist/ars548_RoboStack/install/ars548_messages/include/ars548_messages/ars548_messages/msg/acceleration_longitudinal_co_g.h
-- Installing: /home/mvclab/workspace/ncsist/ars548_RoboStack/install/ars548_messages/include/ars548_messages/ars548_messages/msg/detection.h
-- Installing: /home/mvclab/workspace/ncsist/ars548_RoboStack/install/ars548_messages/include/ars548_messages/ars548_messages/msg/object.h
-- Installing: /home/mvclab/workspace/ncsist/ars548_RoboStack/install/ars548_messages/include/ars548_messages/ars548_messages/msg/velocity_vehicle.h
-- Installing: /home/mvclab/workspace/ncsist/ars548_RoboStack/install/ars548_messages/include/ars548_messages/ars548_messages/msg/driving_direction.h
-- Installing: /home/mvclab/workspace/ncsist/ars548_RoboStack/install/ars548_messages/include/ars548_messages/ars548_messages/msg/status.h
-- Installing: /home/mvclab/workspace/ncsist/ars548_RoboStack/install/ars548_messages/include/ars548_messages/ars548_messages/msg/detection_list.h
-- Installing: /home/mvclab/workspace/ncsist/ars548_RoboStack/install/ars548_messages/include/ars548_messages/ars548_messages/msg/characteristic_speed.h
-- Installing: /home/mvclab/workspace/ncsist/ars548_RoboStack/install/ars548_messages/include/ars548_messages/ars548_messages/msg/yaw_rate.h
-- Installing: /home/mvclab/workspace/ncsist/ars548_RoboStack/install/ars548_messages/include/ars548_messages/ars548_messages/msg/steering_angle_front_axle.h
-- Installing: /home/mvclab/workspace/ncsist/ars548_RoboStack/install/ars548_messages/include/ars548_messages/ars548_messages/msg/acceleration_lateral_co_g.h
-- Installing: /home/mvclab/workspace/ncsist/ars548_RoboStack/install/ars548_messages/include/ars548_messages/ars548_messages/msg/rosidl_generator_c__visibility_control.h
-- Installing: /home/mvclab/workspace/ncsist/ars548_RoboStack/install/ars548_messages/lib/libars548_messages__rosidl_generator_c.so
-- Up-to-date: /home/mvclab/workspace/ncsist/ars548_RoboStack/install/ars548_messages/include/ars548_messages/ars548_messages
-- Up-to-date: /home/mvclab/workspace/ncsist/ars548_RoboStack/install/ars548_messages/include/ars548_messages/ars548_messages/msg
-- Up-to-date: /home/mvclab/workspace/ncsist/ars548_RoboStack/install/ars548_messages/include/ars548_messages/ars548_messages/msg/detail
-- Installing: /home/mvclab/workspace/ncsist/ars548_RoboStack/install/ars548_messages/include/ars548_messages/ars548_messages/msg/detail/driving_direction__rosidl_typesupport_fastrtps_c.h
-- Installing: /home/mvclab/workspace/ncsist/ars548_RoboStack/install/ars548_messages/include/ars548_messages/ars548_messages/msg/detail/detection_list__rosidl_typesupport_fastrtps_c.h
-- Installing: /home/mvclab/workspace/ncsist/ars548_RoboStack/install/ars548_messages/include/ars548_messages/ars548_messages/msg/detail/characteristic_speed__rosidl_typesupport_fastrtps_c.h
-- Installing: /home/mvclab/workspace/ncsist/ars548_RoboStack/install/ars548_messages/include/ars548_messages/ars548_messages/msg/detail/steering_angle_front_axle__rosidl_typesupport_fastrtps_c.h
-- Installing: /home/mvclab/workspace/ncsist/ars548_RoboStack/install/ars548_messages/include/ars548_messages/ars548_messages/msg/detail/sensor_configuration__rosidl_typesupport_fastrtps_c.h
-- Installing: /home/mvclab/workspace/ncsist/ars548_RoboStack/install/ars548_messages/include/ars548_messages/ars548_messages/msg/detail/acceleration_longitudinal_co_g__rosidl_typesupport_fastrtps_c.h
-- Installing: /home/mvclab/workspace/ncsist/ars548_RoboStack/install/ars548_messages/include/ars548_messages/ars548_messages/msg/detail/status__rosidl_typesupport_fastrtps_c.h
-- Installing: /home/mvclab/workspace/ncsist/ars548_RoboStack/install/ars548_messages/include/ars548_messages/ars548_messages/msg/detail/detection__rosidl_typesupport_fastrtps_c.h
-- Installing: /home/mvclab/workspace/ncsist/ars548_RoboStack/install/ars548_messages/include/ars548_messages/ars548_messages/msg/detail/object__rosidl_typesupport_fastrtps_c.h
-- Installing: /home/mvclab/workspace/ncsist/ars548_RoboStack/install/ars548_messages/include/ars548_messages/ars548_messages/msg/detail/object_list__rosidl_typesupport_fastrtps_c.h
-- Installing: /home/mvclab/workspace/ncsist/ars548_RoboStack/install/ars548_messages/include/ars548_messages/ars548_messages/msg/detail/velocity_vehicle__rosidl_typesupport_fastrtps_c.h
-- Installing: /home/mvclab/workspace/ncsist/ars548_RoboStack/install/ars548_messages/include/ars548_messages/ars548_messages/msg/detail/yaw_rate__rosidl_typesupport_fastrtps_c.h
-- Installing: /home/mvclab/workspace/ncsist/ars548_RoboStack/install/ars548_messages/include/ars548_messages/ars548_messages/msg/detail/acceleration_lateral_co_g__rosidl_typesupport_fastrtps_c.h
-- Installing: /home/mvclab/workspace/ncsist/ars548_RoboStack/install/ars548_messages/include/ars548_messages/ars548_messages/msg/rosidl_typesupport_fastrtps_c__visibility_control.h
-- Installing: /home/mvclab/workspace/ncsist/ars548_RoboStack/install/ars548_messages/lib/libars548_messages__rosidl_typesupport_fastrtps_c.so
-- Set non-toolchain portion of runtime path of "/home/mvclab/workspace/ncsist/ars548_RoboStack/install/ars548_messages/lib/libars548_messages__rosidl_typesupport_fastrtps_c.so" to ""
-- Up-to-date: /home/mvclab/workspace/ncsist/ars548_RoboStack/install/ars548_messages/include/ars548_messages/ars548_messages
-- Up-to-date: /home/mvclab/workspace/ncsist/ars548_RoboStack/install/ars548_messages/include/ars548_messages/ars548_messages/msg
-- Up-to-date: /home/mvclab/workspace/ncsist/ars548_RoboStack/install/ars548_messages/include/ars548_messages/ars548_messages/msg/detail
-- Installing: /home/mvclab/workspace/ncsist/ars548_RoboStack/install/ars548_messages/include/ars548_messages/ars548_messages/msg/detail/detection__rosidl_typesupport_introspection_c.h
-- Installing: /home/mvclab/workspace/ncsist/ars548_RoboStack/install/ars548_messages/include/ars548_messages/ars548_messages/msg/detail/acceleration_longitudinal_co_g__type_support.c
-- Installing: /home/mvclab/workspace/ncsist/ars548_RoboStack/install/ars548_messages/include/ars548_messages/ars548_messages/msg/detail/acceleration_lateral_co_g__type_support.c
-- Installing: /home/mvclab/workspace/ncsist/ars548_RoboStack/install/ars548_messages/include/ars548_messages/ars548_messages/msg/detail/yaw_rate__rosidl_typesupport_introspection_c.h
-- Installing: /home/mvclab/workspace/ncsist/ars548_RoboStack/install/ars548_messages/include/ars548_messages/ars548_messages/msg/detail/object__rosidl_typesupport_introspection_c.h
-- Installing: /home/mvclab/workspace/ncsist/ars548_RoboStack/install/ars548_messages/include/ars548_messages/ars548_messages/msg/detail/status__rosidl_typesupport_introspection_c.h
-- Installing: /home/mvclab/workspace/ncsist/ars548_RoboStack/install/ars548_messages/include/ars548_messages/ars548_messages/msg/detail/object_list__rosidl_typesupport_introspection_c.h
-- Installing: /home/mvclab/workspace/ncsist/ars548_RoboStack/install/ars548_messages/include/ars548_messages/ars548_messages/msg/detail/velocity_vehicle__type_support.c
-- Installing: /home/mvclab/workspace/ncsist/ars548_RoboStack/install/ars548_messages/include/ars548_messages/ars548_messages/msg/detail/acceleration_lateral_co_g__rosidl_typesupport_introspection_c.h
-- Installing: /home/mvclab/workspace/ncsist/ars548_RoboStack/install/ars548_messages/include/ars548_messages/ars548_messages/msg/detail/detection_list__rosidl_typesupport_introspection_c.h
-- Installing: /home/mvclab/workspace/ncsist/ars548_RoboStack/install/ars548_messages/include/ars548_messages/ars548_messages/msg/detail/sensor_configuration__rosidl_typesupport_introspection_c.h
-- Installing: /home/mvclab/workspace/ncsist/ars548_RoboStack/install/ars548_messages/include/ars548_messages/ars548_messages/msg/detail/driving_direction__rosidl_typesupport_introspection_c.h
-- Installing: /home/mvclab/workspace/ncsist/ars548_RoboStack/install/ars548_messages/include/ars548_messages/ars548_messages/msg/detail/driving_direction__type_support.c
-- Installing: /home/mvclab/workspace/ncsist/ars548_RoboStack/install/ars548_messages/include/ars548_messages/ars548_messages/msg/detail/yaw_rate__type_support.c
-- Installing: /home/mvclab/workspace/ncsist/ars548_RoboStack/install/ars548_messages/include/ars548_messages/ars548_messages/msg/detail/object_list__type_support.c
-- Installing: /home/mvclab/workspace/ncsist/ars548_RoboStack/install/ars548_messages/include/ars548_messages/ars548_messages/msg/detail/object__type_support.c
-- Installing: /home/mvclab/workspace/ncsist/ars548_RoboStack/install/ars548_messages/include/ars548_messages/ars548_messages/msg/detail/detection_list__type_support.c
-- Installing: /home/mvclab/workspace/ncsist/ars548_RoboStack/install/ars548_messages/include/ars548_messages/ars548_messages/msg/detail/acceleration_longitudinal_co_g__rosidl_typesupport_introspection_c.h
-- Installing: /home/mvclab/workspace/ncsist/ars548_RoboStack/install/ars548_messages/include/ars548_messages/ars548_messages/msg/detail/detection__type_support.c
-- Installing: /home/mvclab/workspace/ncsist/ars548_RoboStack/install/ars548_messages/include/ars548_messages/ars548_messages/msg/detail/characteristic_speed__type_support.c
-- Installing: /home/mvclab/workspace/ncsist/ars548_RoboStack/install/ars548_messages/include/ars548_messages/ars548_messages/msg/detail/steering_angle_front_axle__rosidl_typesupport_introspection_c.h
-- Installing: /home/mvclab/workspace/ncsist/ars548_RoboStack/install/ars548_messages/include/ars548_messages/ars548_messages/msg/detail/steering_angle_front_axle__type_support.c
-- Installing: /home/mvclab/workspace/ncsist/ars548_RoboStack/install/ars548_messages/include/ars548_messages/ars548_messages/msg/detail/status__type_support.c
-- Installing: /home/mvclab/workspace/ncsist/ars548_RoboStack/install/ars548_messages/include/ars548_messages/ars548_messages/msg/detail/velocity_vehicle__rosidl_typesupport_introspection_c.h
-- Installing: /home/mvclab/workspace/ncsist/ars548_RoboStack/install/ars548_messages/include/ars548_messages/ars548_messages/msg/detail/characteristic_speed__rosidl_typesupport_introspection_c.h
-- Installing: /home/mvclab/workspace/ncsist/ars548_RoboStack/install/ars548_messages/include/ars548_messages/ars548_messages/msg/detail/sensor_configuration__type_support.c
-- Installing: /home/mvclab/workspace/ncsist/ars548_RoboStack/install/ars548_messages/include/ars548_messages/ars548_messages/msg/rosidl_typesupport_introspection_c__visibility_control.h
-- Installing: /home/mvclab/workspace/ncsist/ars548_RoboStack/install/ars548_messages/lib/libars548_messages__rosidl_typesupport_introspection_c.so
-- Set non-toolchain portion of runtime path of "/home/mvclab/workspace/ncsist/ars548_RoboStack/install/ars548_messages/lib/libars548_messages__rosidl_typesupport_introspection_c.so" to ""
-- Installing: /home/mvclab/workspace/ncsist/ars548_RoboStack/install/ars548_messages/lib/libars548_messages__rosidl_typesupport_c.so
-- Set non-toolchain portion of runtime path of "/home/mvclab/workspace/ncsist/ars548_RoboStack/install/ars548_messages/lib/libars548_messages__rosidl_typesupport_c.so" to ""
-- Up-to-date: /home/mvclab/workspace/ncsist/ars548_RoboStack/install/ars548_messages/include/ars548_messages/ars548_messages
-- Up-to-date: /home/mvclab/workspace/ncsist/ars548_RoboStack/install/ars548_messages/include/ars548_messages/ars548_messages/msg
-- Installing: /home/mvclab/workspace/ncsist/ars548_RoboStack/install/ars548_messages/include/ars548_messages/ars548_messages/msg/rosidl_generator_cpp__visibility_control.hpp
-- Installing: /home/mvclab/workspace/ncsist/ars548_RoboStack/install/ars548_messages/include/ars548_messages/ars548_messages/msg/status.hpp
-- Installing: /home/mvclab/workspace/ncsist/ars548_RoboStack/install/ars548_messages/include/ars548_messages/ars548_messages/msg/detection.hpp
-- Up-to-date: /home/mvclab/workspace/ncsist/ars548_RoboStack/install/ars548_messages/include/ars548_messages/ars548_messages/msg/detail
-- Installing: /home/mvclab/workspace/ncsist/ars548_RoboStack/install/ars548_messages/include/ars548_messages/ars548_messages/msg/detail/driving_direction__type_support.hpp
-- Installing: /home/mvclab/workspace/ncsist/ars548_RoboStack/install/ars548_messages/include/ars548_messages/ars548_messages/msg/detail/status__struct.hpp
-- Installing: /home/mvclab/workspace/ncsist/ars548_RoboStack/install/ars548_messages/include/ars548_messages/ars548_messages/msg/detail/detection__type_support.hpp
-- Installing: /home/mvclab/workspace/ncsist/ars548_RoboStack/install/ars548_messages/include/ars548_messages/ars548_messages/msg/detail/velocity_vehicle__type_support.hpp
-- Installing: /home/mvclab/workspace/ncsist/ars548_RoboStack/install/ars548_messages/include/ars548_messages/ars548_messages/msg/detail/characteristic_speed__struct.hpp
-- Installing: /home/mvclab/workspace/ncsist/ars548_RoboStack/install/ars548_messages/include/ars548_messages/ars548_messages/msg/detail/detection__traits.hpp
-- Installing: /home/mvclab/workspace/ncsist/ars548_RoboStack/install/ars548_messages/include/ars548_messages/ars548_messages/msg/detail/detection__builder.hpp
-- Installing: /home/mvclab/workspace/ncsist/ars548_RoboStack/install/ars548_messages/include/ars548_messages/ars548_messages/msg/detail/detection_list__traits.hpp
-- Installing: /home/mvclab/workspace/ncsist/ars548_RoboStack/install/ars548_messages/include/ars548_messages/ars548_messages/msg/detail/object_list__struct.hpp
-- Installing: /home/mvclab/workspace/ncsist/ars548_RoboStack/install/ars548_messages/include/ars548_messages/ars548_messages/msg/detail/driving_direction__traits.hpp
-- Installing: /home/mvclab/workspace/ncsist/ars548_RoboStack/install/ars548_messages/include/ars548_messages/ars548_messages/msg/detail/object__struct.hpp
-- Installing: /home/mvclab/workspace/ncsist/ars548_RoboStack/install/ars548_messages/include/ars548_messages/ars548_messages/msg/detail/yaw_rate__type_support.hpp
-- Installing: /home/mvclab/workspace/ncsist/ars548_RoboStack/install/ars548_messages/include/ars548_messages/ars548_messages/msg/detail/status__traits.hpp
-- Installing: /home/mvclab/workspace/ncsist/ars548_RoboStack/install/ars548_messages/include/ars548_messages/ars548_messages/msg/detail/steering_angle_front_axle__struct.hpp
-- Installing: /home/mvclab/workspace/ncsist/ars548_RoboStack/install/ars548_messages/include/ars548_messages/ars548_messages/msg/detail/acceleration_longitudinal_co_g__traits.hpp
-- Installing: /home/mvclab/workspace/ncsist/ars548_RoboStack/install/ars548_messages/include/ars548_messages/ars548_messages/msg/detail/acceleration_longitudinal_co_g__struct.hpp
-- Installing: /home/mvclab/workspace/ncsist/ars548_RoboStack/install/ars548_messages/include/ars548_messages/ars548_messages/msg/detail/acceleration_lateral_co_g__struct.hpp
-- Installing: /home/mvclab/workspace/ncsist/ars548_RoboStack/install/ars548_messages/include/ars548_messages/ars548_messages/msg/detail/sensor_configuration__builder.hpp
-- Installing: /home/mvclab/workspace/ncsist/ars548_RoboStack/install/ars548_messages/include/ars548_messages/ars548_messages/msg/detail/steering_angle_front_axle__builder.hpp
-- Installing: /home/mvclab/workspace/ncsist/ars548_RoboStack/install/ars548_messages/include/ars548_messages/ars548_messages/msg/detail/velocity_vehicle__traits.hpp
-- Installing: /home/mvclab/workspace/ncsist/ars548_RoboStack/install/ars548_messages/include/ars548_messages/ars548_messages/msg/detail/characteristic_speed__builder.hpp
-- Installing: /home/mvclab/workspace/ncsist/ars548_RoboStack/install/ars548_messages/include/ars548_messages/ars548_messages/msg/detail/velocity_vehicle__struct.hpp
-- Installing: /home/mvclab/workspace/ncsist/ars548_RoboStack/install/ars548_messages/include/ars548_messages/ars548_messages/msg/detail/object_list__traits.hpp
-- Installing: /home/mvclab/workspace/ncsist/ars548_RoboStack/install/ars548_messages/include/ars548_messages/ars548_messages/msg/detail/detection_list__struct.hpp
-- Installing: /home/mvclab/workspace/ncsist/ars548_RoboStack/install/ars548_messages/include/ars548_messages/ars548_messages/msg/detail/yaw_rate__traits.hpp
-- Installing: /home/mvclab/workspace/ncsist/ars548_RoboStack/install/ars548_messages/include/ars548_messages/ars548_messages/msg/detail/steering_angle_front_axle__type_support.hpp
-- Installing: /home/mvclab/workspace/ncsist/ars548_RoboStack/install/ars548_messages/include/ars548_messages/ars548_messages/msg/detail/sensor_configuration__traits.hpp
-- Installing: /home/mvclab/workspace/ncsist/ars548_RoboStack/install/ars548_messages/include/ars548_messages/ars548_messages/msg/detail/object_list__builder.hpp
-- Installing: /home/mvclab/workspace/ncsist/ars548_RoboStack/install/ars548_messages/include/ars548_messages/ars548_messages/msg/detail/status__builder.hpp
-- Installing: /home/mvclab/workspace/ncsist/ars548_RoboStack/install/ars548_messages/include/ars548_messages/ars548_messages/msg/detail/object__builder.hpp
-- Installing: /home/mvclab/workspace/ncsist/ars548_RoboStack/install/ars548_messages/include/ars548_messages/ars548_messages/msg/detail/status__type_support.hpp
-- Installing: /home/mvclab/workspace/ncsist/ars548_RoboStack/install/ars548_messages/include/ars548_messages/ars548_messages/msg/detail/characteristic_speed__type_support.hpp
-- Installing: /home/mvclab/workspace/ncsist/ars548_RoboStack/install/ars548_messages/include/ars548_messages/ars548_messages/msg/detail/sensor_configuration__struct.hpp
-- Installing: /home/mvclab/workspace/ncsist/ars548_RoboStack/install/ars548_messages/include/ars548_messages/ars548_messages/msg/detail/acceleration_lateral_co_g__type_support.hpp
-- Installing: /home/mvclab/workspace/ncsist/ars548_RoboStack/install/ars548_messages/include/ars548_messages/ars548_messages/msg/detail/acceleration_lateral_co_g__builder.hpp
-- Installing: /home/mvclab/workspace/ncsist/ars548_RoboStack/install/ars548_messages/include/ars548_messages/ars548_messages/msg/detail/steering_angle_front_axle__traits.hpp
-- Installing: /home/mvclab/workspace/ncsist/ars548_RoboStack/install/ars548_messages/include/ars548_messages/ars548_messages/msg/detail/detection__struct.hpp
-- Installing: /home/mvclab/workspace/ncsist/ars548_RoboStack/install/ars548_messages/include/ars548_messages/ars548_messages/msg/detail/acceleration_lateral_co_g__traits.hpp
-- Installing: /home/mvclab/workspace/ncsist/ars548_RoboStack/install/ars548_messages/include/ars548_messages/ars548_messages/msg/detail/detection_list__type_support.hpp
-- Installing: /home/mvclab/workspace/ncsist/ars548_RoboStack/install/ars548_messages/include/ars548_messages/ars548_messages/msg/detail/velocity_vehicle__builder.hpp
-- Installing: /home/mvclab/workspace/ncsist/ars548_RoboStack/install/ars548_messages/include/ars548_messages/ars548_messages/msg/detail/driving_direction__builder.hpp
-- Installing: /home/mvclab/workspace/ncsist/ars548_RoboStack/install/ars548_messages/include/ars548_messages/ars548_messages/msg/detail/object_list__type_support.hpp
-- Installing: /home/mvclab/workspace/ncsist/ars548_RoboStack/install/ars548_messages/include/ars548_messages/ars548_messages/msg/detail/driving_direction__struct.hpp
-- Installing: /home/mvclab/workspace/ncsist/ars548_RoboStack/install/ars548_messages/include/ars548_messages/ars548_messages/msg/detail/acceleration_longitudinal_co_g__type_support.hpp
-- Installing: /home/mvclab/workspace/ncsist/ars548_RoboStack/install/ars548_messages/include/ars548_messages/ars548_messages/msg/detail/yaw_rate__builder.hpp
-- Installing: /home/mvclab/workspace/ncsist/ars548_RoboStack/install/ars548_messages/include/ars548_messages/ars548_messages/msg/detail/object__type_support.hpp
-- Installing: /home/mvclab/workspace/ncsist/ars548_RoboStack/install/ars548_messages/include/ars548_messages/ars548_messages/msg/detail/sensor_configuration__type_support.hpp
-- Installing: /home/mvclab/workspace/ncsist/ars548_RoboStack/install/ars548_messages/include/ars548_messages/ars548_messages/msg/detail/yaw_rate__struct.hpp
-- Installing: /home/mvclab/workspace/ncsist/ars548_RoboStack/install/ars548_messages/include/ars548_messages/ars548_messages/msg/detail/detection_list__builder.hpp
-- Installing: /home/mvclab/workspace/ncsist/ars548_RoboStack/install/ars548_messages/include/ars548_messages/ars548_messages/msg/detail/acceleration_longitudinal_co_g__builder.hpp
-- Installing: /home/mvclab/workspace/ncsist/ars548_RoboStack/install/ars548_messages/include/ars548_messages/ars548_messages/msg/detail/object__traits.hpp
-- Installing: /home/mvclab/workspace/ncsist/ars548_RoboStack/install/ars548_messages/include/ars548_messages/ars548_messages/msg/detail/characteristic_speed__traits.hpp
-- Installing: /home/mvclab/workspace/ncsist/ars548_RoboStack/install/ars548_messages/include/ars548_messages/ars548_messages/msg/object_list.hpp
-- Installing: /home/mvclab/workspace/ncsist/ars548_RoboStack/install/ars548_messages/include/ars548_messages/ars548_messages/msg/velocity_vehicle.hpp
-- Installing: /home/mvclab/workspace/ncsist/ars548_RoboStack/install/ars548_messages/include/ars548_messages/ars548_messages/msg/acceleration_lateral_co_g.hpp
-- Installing: /home/mvclab/workspace/ncsist/ars548_RoboStack/install/ars548_messages/include/ars548_messages/ars548_messages/msg/acceleration_longitudinal_co_g.hpp
-- Installing: /home/mvclab/workspace/ncsist/ars548_RoboStack/install/ars548_messages/include/ars548_messages/ars548_messages/msg/detection_list.hpp
-- Installing: /home/mvclab/workspace/ncsist/ars548_RoboStack/install/ars548_messages/include/ars548_messages/ars548_messages/msg/driving_direction.hpp
-- Installing: /home/mvclab/workspace/ncsist/ars548_RoboStack/install/ars548_messages/include/ars548_messages/ars548_messages/msg/characteristic_speed.hpp
-- Installing: /home/mvclab/workspace/ncsist/ars548_RoboStack/install/ars548_messages/include/ars548_messages/ars548_messages/msg/yaw_rate.hpp
-- Installing: /home/mvclab/workspace/ncsist/ars548_RoboStack/install/ars548_messages/include/ars548_messages/ars548_messages/msg/sensor_configuration.hpp
-- Installing: /home/mvclab/workspace/ncsist/ars548_RoboStack/install/ars548_messages/include/ars548_messages/ars548_messages/msg/object.hpp
-- Installing: /home/mvclab/workspace/ncsist/ars548_RoboStack/install/ars548_messages/include/ars548_messages/ars548_messages/msg/steering_angle_front_axle.hpp
-- Up-to-date: /home/mvclab/workspace/ncsist/ars548_RoboStack/install/ars548_messages/include/ars548_messages/ars548_messages
-- Up-to-date: /home/mvclab/workspace/ncsist/ars548_RoboStack/install/ars548_messages/include/ars548_messages/ars548_messages/msg
-- Up-to-date: /home/mvclab/workspace/ncsist/ars548_RoboStack/install/ars548_messages/include/ars548_messages/ars548_messages/msg/detail
-- Installing: /home/mvclab/workspace/ncsist/ars548_RoboStack/install/ars548_messages/include/ars548_messages/ars548_messages/msg/detail/characteristic_speed__rosidl_typesupport_fastrtps_cpp.hpp
-- Installing: /home/mvclab/workspace/ncsist/ars548_RoboStack/install/ars548_messages/include/ars548_messages/ars548_messages/msg/detail/velocity_vehicle__rosidl_typesupport_fastrtps_cpp.hpp
-- Installing: /home/mvclab/workspace/ncsist/ars548_RoboStack/install/ars548_messages/include/ars548_messages/ars548_messages/msg/detail/dds_fastrtps
-- Installing: /home/mvclab/workspace/ncsist/ars548_RoboStack/install/ars548_messages/include/ars548_messages/ars548_messages/msg/detail/acceleration_longitudinal_co_g__rosidl_typesupport_fastrtps_cpp.hpp
-- Installing: /home/mvclab/workspace/ncsist/ars548_RoboStack/install/ars548_messages/include/ars548_messages/ars548_messages/msg/detail/status__rosidl_typesupport_fastrtps_cpp.hpp
-- Installing: /home/mvclab/workspace/ncsist/ars548_RoboStack/install/ars548_messages/include/ars548_messages/ars548_messages/msg/detail/driving_direction__rosidl_typesupport_fastrtps_cpp.hpp
-- Installing: /home/mvclab/workspace/ncsist/ars548_RoboStack/install/ars548_messages/include/ars548_messages/ars548_messages/msg/detail/sensor_configuration__rosidl_typesupport_fastrtps_cpp.hpp
-- Installing: /home/mvclab/workspace/ncsist/ars548_RoboStack/install/ars548_messages/include/ars548_messages/ars548_messages/msg/detail/yaw_rate__rosidl_typesupport_fastrtps_cpp.hpp
-- Installing: /home/mvclab/workspace/ncsist/ars548_RoboStack/install/ars548_messages/include/ars548_messages/ars548_messages/msg/detail/detection_list__rosidl_typesupport_fastrtps_cpp.hpp
-- Installing: /home/mvclab/workspace/ncsist/ars548_RoboStack/install/ars548_messages/include/ars548_messages/ars548_messages/msg/detail/detection__rosidl_typesupport_fastrtps_cpp.hpp
-- Installing: /home/mvclab/workspace/ncsist/ars548_RoboStack/install/ars548_messages/include/ars548_messages/ars548_messages/msg/detail/object_list__rosidl_typesupport_fastrtps_cpp.hpp
-- Installing: /home/mvclab/workspace/ncsist/ars548_RoboStack/install/ars548_messages/include/ars548_messages/ars548_messages/msg/detail/acceleration_lateral_co_g__rosidl_typesupport_fastrtps_cpp.hpp
-- Installing: /home/mvclab/workspace/ncsist/ars548_RoboStack/install/ars548_messages/include/ars548_messages/ars548_messages/msg/detail/steering_angle_front_axle__rosidl_typesupport_fastrtps_cpp.hpp
-- Installing: /home/mvclab/workspace/ncsist/ars548_RoboStack/install/ars548_messages/include/ars548_messages/ars548_messages/msg/detail/object__rosidl_typesupport_fastrtps_cpp.hpp
-- Installing: /home/mvclab/workspace/ncsist/ars548_RoboStack/install/ars548_messages/include/ars548_messages/ars548_messages/msg/rosidl_typesupport_fastrtps_cpp__visibility_control.h
-- Installing: /home/mvclab/workspace/ncsist/ars548_RoboStack/install/ars548_messages/lib/libars548_messages__rosidl_typesupport_fastrtps_cpp.so
-- Up-to-date: /home/mvclab/workspace/ncsist/ars548_RoboStack/install/ars548_messages/include/ars548_messages/ars548_messages
-- Up-to-date: /home/mvclab/workspace/ncsist/ars548_RoboStack/install/ars548_messages/include/ars548_messages/ars548_messages/msg
-- Up-to-date: /home/mvclab/workspace/ncsist/ars548_RoboStack/install/ars548_messages/include/ars548_messages/ars548_messages/msg/detail
-- Installing: /home/mvclab/workspace/ncsist/ars548_RoboStack/install/ars548_messages/include/ars548_messages/ars548_messages/msg/detail/steering_angle_front_axle__rosidl_typesupport_introspection_cpp.hpp
-- Installing: /home/mvclab/workspace/ncsist/ars548_RoboStack/install/ars548_messages/include/ars548_messages/ars548_messages/msg/detail/object__rosidl_typesupport_introspection_cpp.hpp
-- Installing: /home/mvclab/workspace/ncsist/ars548_RoboStack/install/ars548_messages/include/ars548_messages/ars548_messages/msg/detail/sensor_configuration__rosidl_typesupport_introspection_cpp.hpp
-- Installing: /home/mvclab/workspace/ncsist/ars548_RoboStack/install/ars548_messages/include/ars548_messages/ars548_messages/msg/detail/status__rosidl_typesupport_introspection_cpp.hpp
-- Installing: /home/mvclab/workspace/ncsist/ars548_RoboStack/install/ars548_messages/include/ars548_messages/ars548_messages/msg/detail/characteristic_speed__type_support.cpp
-- Installing: /home/mvclab/workspace/ncsist/ars548_RoboStack/install/ars548_messages/include/ars548_messages/ars548_messages/msg/detail/detection__rosidl_typesupport_introspection_cpp.hpp
-- Installing: /home/mvclab/workspace/ncsist/ars548_RoboStack/install/ars548_messages/include/ars548_messages/ars548_messages/msg/detail/acceleration_lateral_co_g__type_support.cpp
-- Installing: /home/mvclab/workspace/ncsist/ars548_RoboStack/install/ars548_messages/include/ars548_messages/ars548_messages/msg/detail/yaw_rate__rosidl_typesupport_introspection_cpp.hpp
-- Installing: /home/mvclab/workspace/ncsist/ars548_RoboStack/install/ars548_messages/include/ars548_messages/ars548_messages/msg/detail/acceleration_lateral_co_g__rosidl_typesupport_introspection_cpp.hpp
-- Installing: /home/mvclab/workspace/ncsist/ars548_RoboStack/install/ars548_messages/include/ars548_messages/ars548_messages/msg/detail/driving_direction__rosidl_typesupport_introspection_cpp.hpp
-- Installing: /home/mvclab/workspace/ncsist/ars548_RoboStack/install/ars548_messages/include/ars548_messages/ars548_messages/msg/detail/acceleration_longitudinal_co_g__type_support.cpp
-- Installing: /home/mvclab/workspace/ncsist/ars548_RoboStack/install/ars548_messages/include/ars548_messages/ars548_messages/msg/detail/velocity_vehicle__type_support.cpp
-- Installing: /home/mvclab/workspace/ncsist/ars548_RoboStack/install/ars548_messages/include/ars548_messages/ars548_messages/msg/detail/object__type_support.cpp
-- Installing: /home/mvclab/workspace/ncsist/ars548_RoboStack/install/ars548_messages/include/ars548_messages/ars548_messages/msg/detail/acceleration_longitudinal_co_g__rosidl_typesupport_introspection_cpp.hpp
-- Installing: /home/mvclab/workspace/ncsist/ars548_RoboStack/install/ars548_messages/include/ars548_messages/ars548_messages/msg/detail/object_list__type_support.cpp
-- Installing: /home/mvclab/workspace/ncsist/ars548_RoboStack/install/ars548_messages/include/ars548_messages/ars548_messages/msg/detail/detection__type_support.cpp
-- Installing: /home/mvclab/workspace/ncsist/ars548_RoboStack/install/ars548_messages/include/ars548_messages/ars548_messages/msg/detail/detection_list__type_support.cpp
-- Installing: /home/mvclab/workspace/ncsist/ars548_RoboStack/install/ars548_messages/include/ars548_messages/ars548_messages/msg/detail/driving_direction__type_support.cpp
-- Installing: /home/mvclab/workspace/ncsist/ars548_RoboStack/install/ars548_messages/include/ars548_messages/ars548_messages/msg/detail/steering_angle_front_axle__type_support.cpp
-- Installing: /home/mvclab/workspace/ncsist/ars548_RoboStack/install/ars548_messages/include/ars548_messages/ars548_messages/msg/detail/status__type_support.cpp
-- Installing: /home/mvclab/workspace/ncsist/ars548_RoboStack/install/ars548_messages/include/ars548_messages/ars548_messages/msg/detail/yaw_rate__type_support.cpp
-- Installing: /home/mvclab/workspace/ncsist/ars548_RoboStack/install/ars548_messages/include/ars548_messages/ars548_messages/msg/detail/velocity_vehicle__rosidl_typesupport_introspection_cpp.hpp
-- Installing: /home/mvclab/workspace/ncsist/ars548_RoboStack/install/ars548_messages/include/ars548_messages/ars548_messages/msg/detail/sensor_configuration__type_support.cpp
-- Installing: /home/mvclab/workspace/ncsist/ars548_RoboStack/install/ars548_messages/include/ars548_messages/ars548_messages/msg/detail/characteristic_speed__rosidl_typesupport_introspection_cpp.hpp
-- Installing: /home/mvclab/workspace/ncsist/ars548_RoboStack/install/ars548_messages/include/ars548_messages/ars548_messages/msg/detail/detection_list__rosidl_typesupport_introspection_cpp.hpp
-- Installing: /home/mvclab/workspace/ncsist/ars548_RoboStack/install/ars548_messages/include/ars548_messages/ars548_messages/msg/detail/object_list__rosidl_typesupport_introspection_cpp.hpp
-- Installing: /home/mvclab/workspace/ncsist/ars548_RoboStack/install/ars548_messages/lib/libars548_messages__rosidl_typesupport_introspection_cpp.so
-- Installing: /home/mvclab/workspace/ncsist/ars548_RoboStack/install/ars548_messages/lib/libars548_messages__rosidl_typesupport_cpp.so
-- Installing: /home/mvclab/workspace/ncsist/ars548_RoboStack/install/ars548_messages/share/ars548_messages/environment/pythonpath.sh
-- Installing: /home/mvclab/workspace/ncsist/ars548_RoboStack/install/ars548_messages/share/ars548_messages/environment/pythonpath.dsv
-- Installing: /home/mvclab/workspace/ncsist/ars548_RoboStack/install/ars548_messages/lib/python3.11/site-packages/ars548_messages-1.0.1-py3.11.egg-info
-- Installing: /home/mvclab/workspace/ncsist/ars548_RoboStack/install/ars548_messages/lib/python3.11/site-packages/ars548_messages-1.0.1-py3.11.egg-info/top_level.txt
-- Installing: /home/mvclab/workspace/ncsist/ars548_RoboStack/install/ars548_messages/lib/python3.11/site-packages/ars548_messages-1.0.1-py3.11.egg-info/SOURCES.txt
-- Installing: /home/mvclab/workspace/ncsist/ars548_RoboStack/install/ars548_messages/lib/python3.11/site-packages/ars548_messages-1.0.1-py3.11.egg-info/dependency_links.txt
-- Installing: /home/mvclab/workspace/ncsist/ars548_RoboStack/install/ars548_messages/lib/python3.11/site-packages/ars548_messages-1.0.1-py3.11.egg-info/PKG-INFO
-- Installing: /home/mvclab/workspace/ncsist/ars548_RoboStack/install/ars548_messages/lib/python3.11/site-packages/ars548_messages
-- Installing: /home/mvclab/workspace/ncsist/ars548_RoboStack/install/ars548_messages/lib/python3.11/site-packages/ars548_messages/_ars548_messages_s.ep.rosidl_typesupport_c.c
-- Installing: /home/mvclab/workspace/ncsist/ars548_RoboStack/install/ars548_messages/lib/python3.11/site-packages/ars548_messages/ars548_messages_s__rosidl_typesupport_c.cpython-311-x86_64-linux-gnu.so
-- Installing: /home/mvclab/workspace/ncsist/ars548_RoboStack/install/ars548_messages/lib/python3.11/site-packages/ars548_messages/ars548_messages_s__rosidl_typesupport_introspection_c.cpython-311-x86_64-linux-gnu.so
-- Installing: /home/mvclab/workspace/ncsist/ars548_RoboStack/install/ars548_messages/lib/python3.11/site-packages/ars548_messages/ars548_messages_s__rosidl_typesupport_fastrtps_c.cpython-311-x86_64-linux-gnu.so
-- Installing: /home/mvclab/workspace/ncsist/ars548_RoboStack/install/ars548_messages/lib/python3.11/site-packages/ars548_messages/_ars548_messages_s.ep.rosidl_typesupport_fastrtps_c.c
-- Installing: /home/mvclab/workspace/ncsist/ars548_RoboStack/install/ars548_messages/lib/python3.11/site-packages/ars548_messages/_ars548_messages_s.ep.rosidl_typesupport_introspection_c.c
-- Installing: /home/mvclab/workspace/ncsist/ars548_RoboStack/install/ars548_messages/lib/python3.11/site-packages/ars548_messages/__init__.py
-- Installing: /home/mvclab/workspace/ncsist/ars548_RoboStack/install/ars548_messages/lib/python3.11/site-packages/ars548_messages/msg
-- Installing: /home/mvclab/workspace/ncsist/ars548_RoboStack/install/ars548_messages/lib/python3.11/site-packages/ars548_messages/msg/_detection.py
-- Installing: /home/mvclab/workspace/ncsist/ars548_RoboStack/install/ars548_messages/lib/python3.11/site-packages/ars548_messages/msg/_object_s.c
-- Installing: /home/mvclab/workspace/ncsist/ars548_RoboStack/install/ars548_messages/lib/python3.11/site-packages/ars548_messages/msg/_velocity_vehicle.py
-- Installing: /home/mvclab/workspace/ncsist/ars548_RoboStack/install/ars548_messages/lib/python3.11/site-packages/ars548_messages/msg/_sensor_configuration_s.c
-- Installing: /home/mvclab/workspace/ncsist/ars548_RoboStack/install/ars548_messages/lib/python3.11/site-packages/ars548_messages/msg/_yaw_rate_s.c
-- Installing: /home/mvclab/workspace/ncsist/ars548_RoboStack/install/ars548_messages/lib/python3.11/site-packages/ars548_messages/msg/_steering_angle_front_axle_s.c
-- Installing: /home/mvclab/workspace/ncsist/ars548_RoboStack/install/ars548_messages/lib/python3.11/site-packages/ars548_messages/msg/_acceleration_lateral_co_g_s.c
-- Installing: /home/mvclab/workspace/ncsist/ars548_RoboStack/install/ars548_messages/lib/python3.11/site-packages/ars548_messages/msg/_characteristic_speed_s.c
-- Installing: /home/mvclab/workspace/ncsist/ars548_RoboStack/install/ars548_messages/lib/python3.11/site-packages/ars548_messages/msg/_object_list.py
-- Installing: /home/mvclab/workspace/ncsist/ars548_RoboStack/install/ars548_messages/lib/python3.11/site-packages/ars548_messages/msg/_acceleration_lateral_co_g.py
-- Installing: /home/mvclab/workspace/ncsist/ars548_RoboStack/install/ars548_messages/lib/python3.11/site-packages/ars548_messages/msg/_acceleration_longitudinal_co_g.py
-- Installing: /home/mvclab/workspace/ncsist/ars548_RoboStack/install/ars548_messages/lib/python3.11/site-packages/ars548_messages/msg/_velocity_vehicle_s.c
-- Installing: /home/mvclab/workspace/ncsist/ars548_RoboStack/install/ars548_messages/lib/python3.11/site-packages/ars548_messages/msg/_acceleration_longitudinal_co_g_s.c
-- Installing: /home/mvclab/workspace/ncsist/ars548_RoboStack/install/ars548_messages/lib/python3.11/site-packages/ars548_messages/msg/_characteristic_speed.py
-- Installing: /home/mvclab/workspace/ncsist/ars548_RoboStack/install/ars548_messages/lib/python3.11/site-packages/ars548_messages/msg/_driving_direction.py
-- Installing: /home/mvclab/workspace/ncsist/ars548_RoboStack/install/ars548_messages/lib/python3.11/site-packages/ars548_messages/msg/_sensor_configuration.py
-- Installing: /home/mvclab/workspace/ncsist/ars548_RoboStack/install/ars548_messages/lib/python3.11/site-packages/ars548_messages/msg/_driving_direction_s.c
-- Installing: /home/mvclab/workspace/ncsist/ars548_RoboStack/install/ars548_messages/lib/python3.11/site-packages/ars548_messages/msg/_status.py
-- Installing: /home/mvclab/workspace/ncsist/ars548_RoboStack/install/ars548_messages/lib/python3.11/site-packages/ars548_messages/msg/_detection_list_s.c
-- Installing: /home/mvclab/workspace/ncsist/ars548_RoboStack/install/ars548_messages/lib/python3.11/site-packages/ars548_messages/msg/_status_s.c
-- Installing: /home/mvclab/workspace/ncsist/ars548_RoboStack/install/ars548_messages/lib/python3.11/site-packages/ars548_messages/msg/__init__.py
-- Installing: /home/mvclab/workspace/ncsist/ars548_RoboStack/install/ars548_messages/lib/python3.11/site-packages/ars548_messages/msg/_steering_angle_front_axle.py
-- Installing: /home/mvclab/workspace/ncsist/ars548_RoboStack/install/ars548_messages/lib/python3.11/site-packages/ars548_messages/msg/_object.py
-- Installing: /home/mvclab/workspace/ncsist/ars548_RoboStack/install/ars548_messages/lib/python3.11/site-packages/ars548_messages/msg/_object_list_s.c
-- Installing: /home/mvclab/workspace/ncsist/ars548_RoboStack/install/ars548_messages/lib/python3.11/site-packages/ars548_messages/msg/_yaw_rate.py
-- Installing: /home/mvclab/workspace/ncsist/ars548_RoboStack/install/ars548_messages/lib/python3.11/site-packages/ars548_messages/msg/_detection_s.c
-- Installing: /home/mvclab/workspace/ncsist/ars548_RoboStack/install/ars548_messages/lib/python3.11/site-packages/ars548_messages/msg/_detection_list.py
-- Installing: /home/mvclab/workspace/ncsist/ars548_RoboStack/install/ars548_messages/lib/python3.11/site-packages/ars548_messages/libars548_messages__rosidl_generator_py.so
Listing 'lib/python3.11/site-packages/ars548_messages'...
Can't list 'lib/python3.11/site-packages/ars548_messages'
-- Installing: /home/mvclab/workspace/ncsist/ars548_RoboStack/install/ars548_messages/lib/python3.11/site-packages/ars548_messages/ars548_messages_s__rosidl_typesupport_fastrtps_c.cpython-311-x86_64-linux-gnu.so
-- Set non-toolchain portion of runtime path of "/home/mvclab/workspace/ncsist/ars548_RoboStack/install/ars548_messages/lib/python3.11/site-packages/ars548_messages/ars548_messages_s__rosidl_typesupport_fastrtps_c.cpython-311-x86_64-linux-gnu.so" to ""
-- Installing: /home/mvclab/workspace/ncsist/ars548_RoboStack/install/ars548_messages/lib/python3.11/site-packages/ars548_messages/ars548_messages_s__rosidl_typesupport_introspection_c.cpython-311-x86_64-linux-gnu.so
-- Set non-toolchain portion of runtime path of "/home/mvclab/workspace/ncsist/ars548_RoboStack/install/ars548_messages/lib/python3.11/site-packages/ars548_messages/ars548_messages_s__rosidl_typesupport_introspection_c.cpython-311-x86_64-linux-gnu.so" to ""
-- Installing: /home/mvclab/workspace/ncsist/ars548_RoboStack/install/ars548_messages/lib/python3.11/site-packages/ars548_messages/ars548_messages_s__rosidl_typesupport_c.cpython-311-x86_64-linux-gnu.so
-- Set non-toolchain portion of runtime path of "/home/mvclab/workspace/ncsist/ars548_RoboStack/install/ars548_messages/lib/python3.11/site-packages/ars548_messages/ars548_messages_s__rosidl_typesupport_c.cpython-311-x86_64-linux-gnu.so" to ""
-- Installing: /home/mvclab/workspace/ncsist/ars548_RoboStack/install/ars548_messages/lib/libars548_messages__rosidl_generator_py.so
-- Set non-toolchain portion of runtime path of "/home/mvclab/workspace/ncsist/ars548_RoboStack/install/ars548_messages/lib/libars548_messages__rosidl_generator_py.so" to ""
-- Installing: /home/mvclab/workspace/ncsist/ars548_RoboStack/install/ars548_messages/share/ars548_messages/msg/Detection.idl
-- Installing: /home/mvclab/workspace/ncsist/ars548_RoboStack/install/ars548_messages/share/ars548_messages/msg/DetectionList.idl
-- Installing: /home/mvclab/workspace/ncsist/ars548_RoboStack/install/ars548_messages/share/ars548_messages/msg/Object.idl
-- Installing: /home/mvclab/workspace/ncsist/ars548_RoboStack/install/ars548_messages/share/ars548_messages/msg/ObjectList.idl
-- Installing: /home/mvclab/workspace/ncsist/ars548_RoboStack/install/ars548_messages/share/ars548_messages/msg/Status.idl
-- Installing: /home/mvclab/workspace/ncsist/ars548_RoboStack/install/ars548_messages/share/ars548_messages/msg/AccelerationLateralCoG.idl
-- Installing: /home/mvclab/workspace/ncsist/ars548_RoboStack/install/ars548_messages/share/ars548_messages/msg/AccelerationLongitudinalCoG.idl
-- Installing: /home/mvclab/workspace/ncsist/ars548_RoboStack/install/ars548_messages/share/ars548_messages/msg/CharacteristicSpeed.idl
-- Installing: /home/mvclab/workspace/ncsist/ars548_RoboStack/install/ars548_messages/share/ars548_messages/msg/DrivingDirection.idl
-- Installing: /home/mvclab/workspace/ncsist/ars548_RoboStack/install/ars548_messages/share/ars548_messages/msg/SensorConfiguration.idl
-- Installing: /home/mvclab/workspace/ncsist/ars548_RoboStack/install/ars548_messages/share/ars548_messages/msg/SteeringAngleFrontAxle.idl
-- Installing: /home/mvclab/workspace/ncsist/ars548_RoboStack/install/ars548_messages/share/ars548_messages/msg/VelocityVehicle.idl
-- Installing: /home/mvclab/workspace/ncsist/ars548_RoboStack/install/ars548_messages/share/ars548_messages/msg/YawRate.idl
-- Installing: /home/mvclab/workspace/ncsist/ars548_RoboStack/install/ars548_messages/share/ars548_messages/msg/Detection.msg
-- Installing: /home/mvclab/workspace/ncsist/ars548_RoboStack/install/ars548_messages/share/ars548_messages/msg/DetectionList.msg
-- Installing: /home/mvclab/workspace/ncsist/ars548_RoboStack/install/ars548_messages/share/ars548_messages/msg/Object.msg
-- Installing: /home/mvclab/workspace/ncsist/ars548_RoboStack/install/ars548_messages/share/ars548_messages/msg/ObjectList.msg
-- Installing: /home/mvclab/workspace/ncsist/ars548_RoboStack/install/ars548_messages/share/ars548_messages/msg/Status.msg
-- Installing: /home/mvclab/workspace/ncsist/ars548_RoboStack/install/ars548_messages/share/ars548_messages/msg/AccelerationLateralCoG.msg
-- Installing: /home/mvclab/workspace/ncsist/ars548_RoboStack/install/ars548_messages/share/ars548_messages/msg/AccelerationLongitudinalCoG.msg
-- Installing: /home/mvclab/workspace/ncsist/ars548_RoboStack/install/ars548_messages/share/ars548_messages/msg/CharacteristicSpeed.msg
-- Installing: /home/mvclab/workspace/ncsist/ars548_RoboStack/install/ars548_messages/share/ars548_messages/msg/DrivingDirection.msg
-- Installing: /home/mvclab/workspace/ncsist/ars548_RoboStack/install/ars548_messages/share/ars548_messages/msg/SensorConfiguration.msg
-- Installing: /home/mvclab/workspace/ncsist/ars548_RoboStack/install/ars548_messages/share/ars548_messages/msg/SteeringAngleFrontAxle.msg
-- Installing: /home/mvclab/workspace/ncsist/ars548_RoboStack/install/ars548_messages/share/ars548_messages/msg/VelocityVehicle.msg
-- Installing: /home/mvclab/workspace/ncsist/ars548_RoboStack/install/ars548_messages/share/ars548_messages/msg/YawRate.msg
-- Installing: /home/mvclab/workspace/ncsist/ars548_RoboStack/install/ars548_messages/share/ament_index/resource_index/package_run_dependencies/ars548_messages
-- Installing: /home/mvclab/workspace/ncsist/ars548_RoboStack/install/ars548_messages/share/ament_index/resource_index/parent_prefix_path/ars548_messages
-- Installing: /home/mvclab/workspace/ncsist/ars548_RoboStack/install/ars548_messages/share/ars548_messages/environment/ament_prefix_path.sh
-- Installing: /home/mvclab/workspace/ncsist/ars548_RoboStack/install/ars548_messages/share/ars548_messages/environment/ament_prefix_path.dsv
-- Installing: /home/mvclab/workspace/ncsist/ars548_RoboStack/install/ars548_messages/share/ars548_messages/environment/path.sh
-- Installing: /home/mvclab/workspace/ncsist/ars548_RoboStack/install/ars548_messages/share/ars548_messages/environment/path.dsv
-- Installing: /home/mvclab/workspace/ncsist/ars548_RoboStack/install/ars548_messages/share/ars548_messages/local_setup.bash
-- Installing: /home/mvclab/workspace/ncsist/ars548_RoboStack/install/ars548_messages/share/ars548_messages/local_setup.sh
-- Installing: /home/mvclab/workspace/ncsist/ars548_RoboStack/install/ars548_messages/share/ars548_messages/local_setup.zsh
-- Installing: /home/mvclab/workspace/ncsist/ars548_RoboStack/install/ars548_messages/share/ars548_messages/local_setup.dsv
-- Installing: /home/mvclab/workspace/ncsist/ars548_RoboStack/install/ars548_messages/share/ars548_messages/package.dsv
-- Installing: /home/mvclab/workspace/ncsist/ars548_RoboStack/install/ars548_messages/share/ament_index/resource_index/packages/ars548_messages
-- Installing: /home/mvclab/workspace/ncsist/ars548_RoboStack/install/ars548_messages/share/ars548_messages/cmake/export_ars548_messages__rosidl_generator_cExport.cmake
-- Installing: /home/mvclab/workspace/ncsist/ars548_RoboStack/install/ars548_messages/share/ars548_messages/cmake/export_ars548_messages__rosidl_generator_cExport-noconfig.cmake
-- Installing: /home/mvclab/workspace/ncsist/ars548_RoboStack/install/ars548_messages/share/ars548_messages/cmake/export_ars548_messages__rosidl_typesupport_fastrtps_cExport.cmake
-- Installing: /home/mvclab/workspace/ncsist/ars548_RoboStack/install/ars548_messages/share/ars548_messages/cmake/export_ars548_messages__rosidl_typesupport_fastrtps_cExport-noconfig.cmake
-- Installing: /home/mvclab/workspace/ncsist/ars548_RoboStack/install/ars548_messages/share/ars548_messages/cmake/ars548_messages__rosidl_typesupport_introspection_cExport.cmake
-- Installing: /home/mvclab/workspace/ncsist/ars548_RoboStack/install/ars548_messages/share/ars548_messages/cmake/ars548_messages__rosidl_typesupport_introspection_cExport-noconfig.cmake
-- Installing: /home/mvclab/workspace/ncsist/ars548_RoboStack/install/ars548_messages/share/ars548_messages/cmake/ars548_messages__rosidl_typesupport_cExport.cmake
-- Installing: /home/mvclab/workspace/ncsist/ars548_RoboStack/install/ars548_messages/share/ars548_messages/cmake/ars548_messages__rosidl_typesupport_cExport-noconfig.cmake
-- Installing: /home/mvclab/workspace/ncsist/ars548_RoboStack/install/ars548_messages/share/ars548_messages/cmake/export_ars548_messages__rosidl_generator_cppExport.cmake
-- Installing: /home/mvclab/workspace/ncsist/ars548_RoboStack/install/ars548_messages/share/ars548_messages/cmake/export_ars548_messages__rosidl_typesupport_fastrtps_cppExport.cmake
-- Installing: /home/mvclab/workspace/ncsist/ars548_RoboStack/install/ars548_messages/share/ars548_messages/cmake/export_ars548_messages__rosidl_typesupport_fastrtps_cppExport-noconfig.cmake
-- Installing: /home/mvclab/workspace/ncsist/ars548_RoboStack/install/ars548_messages/share/ars548_messages/cmake/ars548_messages__rosidl_typesupport_introspection_cppExport.cmake
-- Installing: /home/mvclab/workspace/ncsist/ars548_RoboStack/install/ars548_messages/share/ars548_messages/cmake/ars548_messages__rosidl_typesupport_introspection_cppExport-noconfig.cmake
-- Installing: /home/mvclab/workspace/ncsist/ars548_RoboStack/install/ars548_messages/share/ars548_messages/cmake/ars548_messages__rosidl_typesupport_cppExport.cmake
-- Installing: /home/mvclab/workspace/ncsist/ars548_RoboStack/install/ars548_messages/share/ars548_messages/cmake/ars548_messages__rosidl_typesupport_cppExport-noconfig.cmake
-- Installing: /home/mvclab/workspace/ncsist/ars548_RoboStack/install/ars548_messages/share/ars548_messages/cmake/export_ars548_messages__rosidl_generator_pyExport.cmake
-- Installing: /home/mvclab/workspace/ncsist/ars548_RoboStack/install/ars548_messages/share/ars548_messages/cmake/export_ars548_messages__rosidl_generator_pyExport-noconfig.cmake
-- Installing: /home/mvclab/workspace/ncsist/ars548_RoboStack/install/ars548_messages/share/ars548_messages/cmake/rosidl_cmake-extras.cmake
-- Installing: /home/mvclab/workspace/ncsist/ars548_RoboStack/install/ars548_messages/share/ars548_messages/cmake/ament_cmake_export_dependencies-extras.cmake
-- Installing: /home/mvclab/workspace/ncsist/ars548_RoboStack/install/ars548_messages/share/ars548_messages/cmake/ament_cmake_export_include_directories-extras.cmake
-- Installing: /home/mvclab/workspace/ncsist/ars548_RoboStack/install/ars548_messages/share/ars548_messages/cmake/ament_cmake_export_libraries-extras.cmake
-- Installing: /home/mvclab/workspace/ncsist/ars548_RoboStack/install/ars548_messages/share/ars548_messages/cmake/ament_cmake_export_targets-extras.cmake
-- Installing: /home/mvclab/workspace/ncsist/ars548_RoboStack/install/ars548_messages/share/ars548_messages/cmake/rosidl_cmake_export_typesupport_targets-extras.cmake
-- Installing: /home/mvclab/workspace/ncsist/ars548_RoboStack/install/ars548_messages/share/ars548_messages/cmake/rosidl_cmake_export_typesupport_libraries-extras.cmake
-- Installing: /home/mvclab/workspace/ncsist/ars548_RoboStack/install/ars548_messages/share/ars548_messages/cmake/ars548_messagesConfig.cmake
-- Installing: /home/mvclab/workspace/ncsist/ars548_RoboStack/install/ars548_messages/share/ars548_messages/cmake/ars548_messagesConfig-version.cmake
-- Installing: /home/mvclab/workspace/ncsist/ars548_RoboStack/install/ars548_messages/share/ars548_messages/package.xml
