[0.006s] Invoking command in '/home/mvclab/workspace/ncsist/ars548_RoboStack/build/ars548_messages': CONDA_PROMPT_MODIFIER=(ros2) /home/mvclab/micromamba/envs/ros2/bin/cmake /home/mvclab/workspace/ncsist/ars548_RoboStack/src/ars548_ros2/ars548_messages -DCMAKE_INSTALL_PREFIX=/home/mvclab/workspace/ncsist/ars548_RoboStack/install/ars548_messages
[0.063s] [0mCMake Deprecation Warning at CMakeLists.txt:1 (cmake_minimum_required):
[0.063s]   Compatibility with CMake < 3.10 will be removed from a future version of
[0.063s]   CMake.
[0.063s] 
[0.063s]   Update the VERSION argument <min> value.  Or, use the <min>...<max> syntax
[0.063s]   to tell CMake that the project requires at least <min> but has been updated
[0.063s]   to work with policies introduced by <max> or earlier.
[0.063s] 
[0.063s] [0m
[0.097s] -- The C compiler identification is GNU 13.3.0
[0.169s] -- The CXX compiler identification is GNU 13.3.0
[0.176s] -- Detecting C compiler ABI info
[0.219s] -- Detecting C compiler ABI info - done
[0.234s] -- Check for working C compiler: /home/mvclab/micromamba/envs/ros2/bin/x86_64-conda-linux-gnu-cc - skipped
[0.234s] -- Detecting C compile features
[0.235s] -- Detecting C compile features - done
[0.242s] -- Detecting CXX compiler ABI info
[0.298s] -- Detecting CXX compiler ABI info - done
[0.314s] -- Check for working CXX compiler: /home/mvclab/micromamba/envs/ros2/bin/x86_64-conda-linux-gnu-c++ - skipped
[0.314s] -- Detecting CXX compile features
[0.315s] -- Detecting CXX compile features - done
[0.321s] -- Found ament_cmake: 1.3.11 (/home/mvclab/micromamba/envs/ros2/share/ament_cmake/cmake)
[0.394s] -- Found Python3: /home/mvclab/micromamba/envs/ros2/bin/python3 (found version "3.11.13") found components: Interpreter
[0.485s] -- Found rosidl_default_generators: 1.2.0 (/home/mvclab/micromamba/envs/ros2/share/rosidl_default_generators/cmake)
[0.489s] -- Using all available rosidl_typesupport_c: rosidl_typesupport_fastrtps_c;rosidl_typesupport_introspection_c
[0.500s] -- Found rosidl_adapter: 3.1.6 (/home/mvclab/micromamba/envs/ros2/share/rosidl_adapter/cmake)
[0.551s] -- Using all available rosidl_typesupport_cpp: rosidl_typesupport_fastrtps_cpp;rosidl_typesupport_introspection_cpp
[0.599s] -- Found std_msgs: 4.2.4 (/home/mvclab/micromamba/envs/ros2/share/std_msgs/cmake)
[0.968s] -- Found ament_cmake_ros: 0.10.0 (/home/mvclab/micromamba/envs/ros2/share/ament_cmake_ros/cmake)
[1.249s] -- Using all available rosidl_typesupport_c: rosidl_typesupport_fastrtps_c;rosidl_typesupport_introspection_c
[1.613s] -- Using all available rosidl_typesupport_cpp: rosidl_typesupport_fastrtps_cpp;rosidl_typesupport_introspection_cpp
[1.617s] -- Found python_cmake_module: 0.10.0 (/home/mvclab/micromamba/envs/ros2/share/python_cmake_module/cmake)
[1.617s] [33mCMake Warning (dev) at /home/mvclab/micromamba/envs/ros2/share/python_cmake_module/cmake/Modules/FindPythonExtra.cmake:52 (find_package):
[1.617s]   Policy CMP0148 is not set: The FindPythonInterp and FindPythonLibs modules
[1.617s]   are removed.  Run "cmake --help-policy CMP0148" for policy details.  Use
[1.617s]   the cmake_policy command to set the policy and suppress this warning.
[1.617s] 
[1.618s] Call Stack (most recent call first):
[1.618s]   /home/mvclab/micromamba/envs/ros2/share/rosidl_generator_py/cmake/rosidl_generator_py_generate_interfaces.cmake:21 (find_package)
[1.618s]   /home/mvclab/micromamba/envs/ros2/share/ament_cmake_core/cmake/core/ament_execute_extensions.cmake:48 (include)
[1.618s]   /home/mvclab/micromamba/envs/ros2/share/rosidl_cmake/cmake/rosidl_generate_interfaces.cmake:286 (ament_execute_extensions)
[1.618s]   CMakeLists.txt:13 (rosidl_generate_interfaces)
[1.618s] This warning is for project developers.  Use -Wno-dev to suppress it.
[1.618s] [0m
[1.628s] -- Found PythonInterp: /home/mvclab/micromamba/envs/ros2/bin/python3 (found suitable version "3.11.13", minimum required is "3.6")
[1.628s] [33mCMake Warning (dev) at /home/mvclab/micromamba/envs/ros2/share/python_cmake_module/cmake/Modules/FindPythonExtra.cmake:140 (find_package):
[1.628s]   Policy CMP0148 is not set: The FindPythonInterp and FindPythonLibs modules
[1.628s]   are removed.  Run "cmake --help-policy CMP0148" for policy details.  Use
[1.628s]   the cmake_policy command to set the policy and suppress this warning.
[1.628s] 
[1.628s] Call Stack (most recent call first):
[1.628s]   /home/mvclab/micromamba/envs/ros2/share/rosidl_generator_py/cmake/rosidl_generator_py_generate_interfaces.cmake:21 (find_package)
[1.628s]   /home/mvclab/micromamba/envs/ros2/share/ament_cmake_core/cmake/core/ament_execute_extensions.cmake:48 (include)
[1.628s]   /home/mvclab/micromamba/envs/ros2/share/rosidl_cmake/cmake/rosidl_generate_interfaces.cmake:286 (ament_execute_extensions)
[1.628s]   CMakeLists.txt:13 (rosidl_generate_interfaces)
[1.628s] This warning is for project developers.  Use -Wno-dev to suppress it.
[1.629s] [0m
[1.631s] -- Found PythonLibs: /home/mvclab/micromamba/envs/ros2/lib/libpython3.11.so (found suitable version "3.11.13", minimum required is "3.5")
[1.631s] -- Using PYTHON_EXECUTABLE: /home/mvclab/micromamba/envs/ros2/bin/python3
[1.631s] -- Using PYTHON_INCLUDE_DIRS: /home/mvclab/micromamba/envs/ros2/include/python3.11
[1.631s] -- Using PYTHON_LIBRARIES: /home/mvclab/micromamba/envs/ros2/lib/libpython3.11.so
[1.642s] -- Found PythonExtra: .so
[1.903s] -- Found Python3: /home/mvclab/micromamba/envs/ros2/include/python3.11 (found version "3.11.13") found components: Development NumPy Interpreter Development.Module Development.Embed
[1.946s] -- Found ament_lint_auto: 0.12.11 (/home/mvclab/micromamba/envs/ros2/share/ament_lint_auto/cmake)
[1.972s] -- Added test 'lint_cmake' to check CMake code style
[1.973s] -- Added test 'xmllint' to check XML markup files
[1.975s] -- Configuring done (1.9s)
[2.031s] -- Generating done (0.1s)
[2.032s] -- Build files have been written to: /home/mvclab/workspace/ncsist/ars548_RoboStack/build/ars548_messages
[2.037s] Invoked command in '/home/mvclab/workspace/ncsist/ars548_RoboStack/build/ars548_messages' returned '0': CONDA_PROMPT_MODIFIER=(ros2) /home/mvclab/micromamba/envs/ros2/bin/cmake /home/mvclab/workspace/ncsist/ars548_RoboStack/src/ars548_ros2/ars548_messages -DCMAKE_INSTALL_PREFIX=/home/mvclab/workspace/ncsist/ars548_RoboStack/install/ars548_messages
[2.038s] Invoking command in '/home/mvclab/workspace/ncsist/ars548_RoboStack/build/ars548_messages': CONDA_PROMPT_MODIFIER=(ros2) /home/mvclab/micromamba/envs/ros2/bin/cmake --build /home/mvclab/workspace/ncsist/ars548_RoboStack/build/ars548_messages -- -j8 -l8
[2.107s] [  1%] [34m[1mGenerating C code for ROS interfaces[0m
[2.110s] [  1%] [34m[1mGenerating C++ code for ROS interfaces[0m
[2.111s] [  1%] Built target ament_cmake_python_copy_ars548_messages
[2.257s] running egg_info
[2.268s] creating ars548_messages.egg-info
[2.268s] writing ars548_messages.egg-info/PKG-INFO
[2.268s] writing dependency_links to ars548_messages.egg-info/dependency_links.txt
[2.268s] writing top-level names to ars548_messages.egg-info/top_level.txt
[2.269s] writing manifest file 'ars548_messages.egg-info/SOURCES.txt'
[2.301s] reading manifest file 'ars548_messages.egg-info/SOURCES.txt'
[2.302s] writing manifest file 'ars548_messages.egg-info/SOURCES.txt'
[2.319s] [  1%] Built target ament_cmake_python_build_ars548_messages_egg
[3.709s] [  1%] Built target ars548_messages__cpp
[3.712s] [  2%] [34m[1mGenerating C++ type support dispatch for ROS interfaces[0m
[3.712s] [  3%] [34m[1mGenerating C++ introspection for ROS interfaces[0m
[3.712s] [  3%] [34m[1mGenerating C++ type support for eProsima Fast-RTPS[0m
[3.736s] [  4%] [32mBuilding C object CMakeFiles/ars548_messages__rosidl_generator_c.dir/rosidl_generator_c/ars548_messages/msg/detail/detection__functions.c.o[0m
[3.736s] [  4%] [32mBuilding C object CMakeFiles/ars548_messages__rosidl_generator_c.dir/rosidl_generator_c/ars548_messages/msg/detail/detection_list__functions.c.o[0m
[3.736s] [  5%] [32mBuilding C object CMakeFiles/ars548_messages__rosidl_generator_c.dir/rosidl_generator_c/ars548_messages/msg/detail/object__functions.c.o[0m
[3.736s] [  6%] [32mBuilding C object CMakeFiles/ars548_messages__rosidl_generator_c.dir/rosidl_generator_c/ars548_messages/msg/detail/object_list__functions.c.o[0m
[3.738s] [  7%] [32mBuilding C object CMakeFiles/ars548_messages__rosidl_generator_c.dir/rosidl_generator_c/ars548_messages/msg/detail/status__functions.c.o[0m
[3.809s] [  8%] [32mBuilding C object CMakeFiles/ars548_messages__rosidl_generator_c.dir/rosidl_generator_c/ars548_messages/msg/detail/acceleration_lateral_co_g__functions.c.o[0m
[3.821s] [  8%] [32mBuilding C object CMakeFiles/ars548_messages__rosidl_generator_c.dir/rosidl_generator_c/ars548_messages/msg/detail/acceleration_longitudinal_co_g__functions.c.o[0m
[3.822s] [  9%] [32mBuilding C object CMakeFiles/ars548_messages__rosidl_generator_c.dir/rosidl_generator_c/ars548_messages/msg/detail/characteristic_speed__functions.c.o[0m
[3.827s] [ 10%] [32mBuilding C object CMakeFiles/ars548_messages__rosidl_generator_c.dir/rosidl_generator_c/ars548_messages/msg/detail/driving_direction__functions.c.o[0m
[3.827s] [ 11%] [32mBuilding C object CMakeFiles/ars548_messages__rosidl_generator_c.dir/rosidl_generator_c/ars548_messages/msg/detail/sensor_configuration__functions.c.o[0m
[3.878s] [ 12%] [32mBuilding C object CMakeFiles/ars548_messages__rosidl_generator_c.dir/rosidl_generator_c/ars548_messages/msg/detail/steering_angle_front_axle__functions.c.o[0m
[3.889s] [ 12%] [32mBuilding C object CMakeFiles/ars548_messages__rosidl_generator_c.dir/rosidl_generator_c/ars548_messages/msg/detail/velocity_vehicle__functions.c.o[0m
[3.890s] [ 13%] [32mBuilding C object CMakeFiles/ars548_messages__rosidl_generator_c.dir/rosidl_generator_c/ars548_messages/msg/detail/yaw_rate__functions.c.o[0m
[3.956s] [ 14%] [32m[1mLinking C shared library libars548_messages__rosidl_generator_c.so[0m
[3.981s] [ 14%] Built target ars548_messages__rosidl_generator_c
[3.985s] [ 16%] [34m[1mGenerating C type support dispatch for ROS interfaces[0m
[3.985s] [ 17%] [34m[1mGenerating C introspection for ROS interfaces[0m
[3.985s] [ 16%] [34m[1mGenerating C type support for eProsima Fast-RTPS[0m
[5.088s] [ 19%] [32mBuilding CXX object CMakeFiles/ars548_messages__rosidl_typesupport_cpp.dir/rosidl_typesupport_cpp/ars548_messages/msg/detection_list__type_support.cpp.o[0m
[5.088s] [ 19%] [32mBuilding CXX object CMakeFiles/ars548_messages__rosidl_typesupport_cpp.dir/rosidl_typesupport_cpp/ars548_messages/msg/detection__type_support.cpp.o[0m
[5.088s] [ 19%] [32mBuilding CXX object CMakeFiles/ars548_messages__rosidl_typesupport_cpp.dir/rosidl_typesupport_cpp/ars548_messages/msg/object__type_support.cpp.o[0m
[5.192s] [ 20%] [32mBuilding CXX object CMakeFiles/ars548_messages__rosidl_typesupport_introspection_cpp.dir/rosidl_typesupport_introspection_cpp/ars548_messages/msg/detail/detection__type_support.cpp.o[0m
[5.324s] [ 21%] [32mBuilding CXX object CMakeFiles/ars548_messages__rosidl_typesupport_fastrtps_cpp.dir/rosidl_typesupport_fastrtps_cpp/ars548_messages/msg/detail/dds_fastrtps/detection__type_support.cpp.o[0m
[5.340s] [ 22%] [32mBuilding CXX object CMakeFiles/ars548_messages__rosidl_typesupport_cpp.dir/rosidl_typesupport_cpp/ars548_messages/msg/object_list__type_support.cpp.o[0m
[5.340s] [ 23%] [32mBuilding CXX object CMakeFiles/ars548_messages__rosidl_typesupport_cpp.dir/rosidl_typesupport_cpp/ars548_messages/msg/status__type_support.cpp.o[0m
[5.363s] [ 24%] [32mBuilding CXX object CMakeFiles/ars548_messages__rosidl_typesupport_introspection_cpp.dir/rosidl_typesupport_introspection_cpp/ars548_messages/msg/detail/detection_list__type_support.cpp.o[0m
[5.395s] [ 24%] [32mBuilding CXX object CMakeFiles/ars548_messages__rosidl_typesupport_c.dir/rosidl_typesupport_c/ars548_messages/msg/detection__type_support.cpp.o[0m
[5.415s] [ 25%] [32mBuilding CXX object CMakeFiles/ars548_messages__rosidl_typesupport_c.dir/rosidl_typesupport_c/ars548_messages/msg/detection_list__type_support.cpp.o[0m
[5.436s] [ 26%] [32mBuilding CXX object CMakeFiles/ars548_messages__rosidl_typesupport_c.dir/rosidl_typesupport_c/ars548_messages/msg/object__type_support.cpp.o[0m
[5.455s] [ 27%] [32mBuilding CXX object CMakeFiles/ars548_messages__rosidl_typesupport_c.dir/rosidl_typesupport_c/ars548_messages/msg/object_list__type_support.cpp.o[0m
[5.473s] [ 28%] [32mBuilding CXX object CMakeFiles/ars548_messages__rosidl_typesupport_fastrtps_cpp.dir/rosidl_typesupport_fastrtps_cpp/ars548_messages/msg/detail/dds_fastrtps/detection_list__type_support.cpp.o[0m
[5.494s] [ 29%] [32mBuilding CXX object CMakeFiles/ars548_messages__rosidl_typesupport_c.dir/rosidl_typesupport_c/ars548_messages/msg/status__type_support.cpp.o[0m
[5.512s] [ 29%] [32mBuilding CXX object CMakeFiles/ars548_messages__rosidl_typesupport_c.dir/rosidl_typesupport_c/ars548_messages/msg/acceleration_lateral_co_g__type_support.cpp.o[0m
[5.532s] [ 30%] [32mBuilding CXX object CMakeFiles/ars548_messages__rosidl_typesupport_c.dir/rosidl_typesupport_c/ars548_messages/msg/acceleration_longitudinal_co_g__type_support.cpp.o[0m
[5.550s] [ 31%] [32mBuilding CXX object CMakeFiles/ars548_messages__rosidl_typesupport_c.dir/rosidl_typesupport_c/ars548_messages/msg/characteristic_speed__type_support.cpp.o[0m
[5.563s] [ 32%] [32mBuilding C object CMakeFiles/ars548_messages__rosidl_typesupport_introspection_c.dir/rosidl_typesupport_introspection_c/ars548_messages/msg/detail/detection__type_support.c.o[0m
[5.570s] [ 33%] [32mBuilding CXX object CMakeFiles/ars548_messages__rosidl_typesupport_c.dir/rosidl_typesupport_c/ars548_messages/msg/driving_direction__type_support.cpp.o[0m
[5.580s] [ 34%] [32mBuilding CXX object CMakeFiles/ars548_messages__rosidl_typesupport_fastrtps_c.dir/rosidl_typesupport_fastrtps_c/ars548_messages/msg/detail/detection__type_support_c.cpp.o[0m
[5.587s] [ 35%] [32mBuilding C object CMakeFiles/ars548_messages__rosidl_typesupport_introspection_c.dir/rosidl_typesupport_introspection_c/ars548_messages/msg/detail/detection_list__type_support.c.o[0m
[5.590s] [ 36%] [32mBuilding CXX object CMakeFiles/ars548_messages__rosidl_typesupport_c.dir/rosidl_typesupport_c/ars548_messages/msg/sensor_configuration__type_support.cpp.o[0m
[5.593s] [ 37%] [32mBuilding CXX object CMakeFiles/ars548_messages__rosidl_typesupport_cpp.dir/rosidl_typesupport_cpp/ars548_messages/msg/acceleration_lateral_co_g__type_support.cpp.o[0m
[5.593s] [ 37%] [32mBuilding CXX object CMakeFiles/ars548_messages__rosidl_typesupport_fastrtps_c.dir/rosidl_typesupport_fastrtps_c/ars548_messages/msg/detail/detection_list__type_support_c.cpp.o[0m
[5.611s] [ 37%] [32mBuilding CXX object CMakeFiles/ars548_messages__rosidl_typesupport_c.dir/rosidl_typesupport_c/ars548_messages/msg/steering_angle_front_axle__type_support.cpp.o[0m
[5.620s] [ 37%] [32mBuilding C object CMakeFiles/ars548_messages__rosidl_typesupport_introspection_c.dir/rosidl_typesupport_introspection_c/ars548_messages/msg/detail/object__type_support.c.o[0m
[5.633s] [ 38%] [32mBuilding CXX object CMakeFiles/ars548_messages__rosidl_typesupport_c.dir/rosidl_typesupport_c/ars548_messages/msg/velocity_vehicle__type_support.cpp.o[0m
[5.646s] [ 39%] [32mBuilding C object CMakeFiles/ars548_messages__rosidl_typesupport_introspection_c.dir/rosidl_typesupport_introspection_c/ars548_messages/msg/detail/object_list__type_support.c.o[0m
[5.654s] [ 40%] [32mBuilding CXX object CMakeFiles/ars548_messages__rosidl_typesupport_c.dir/rosidl_typesupport_c/ars548_messages/msg/yaw_rate__type_support.cpp.o[0m
[5.674s] [ 41%] [32m[1mLinking CXX shared library libars548_messages__rosidl_typesupport_c.so[0m
[5.678s] [ 42%] [32mBuilding C object CMakeFiles/ars548_messages__rosidl_typesupport_introspection_c.dir/rosidl_typesupport_introspection_c/ars548_messages/msg/detail/status__type_support.c.o[0m
[5.686s] [ 43%] [32mBuilding CXX object CMakeFiles/ars548_messages__rosidl_typesupport_introspection_cpp.dir/rosidl_typesupport_introspection_cpp/ars548_messages/msg/detail/object__type_support.cpp.o[0m
[5.704s] [ 44%] [32mBuilding C object CMakeFiles/ars548_messages__rosidl_typesupport_introspection_c.dir/rosidl_typesupport_introspection_c/ars548_messages/msg/detail/acceleration_lateral_co_g__type_support.c.o[0m
[5.706s] [ 44%] Built target ars548_messages__rosidl_typesupport_c
[5.719s] [ 45%] [32mBuilding CXX object CMakeFiles/ars548_messages__rosidl_typesupport_cpp.dir/rosidl_typesupport_cpp/ars548_messages/msg/acceleration_longitudinal_co_g__type_support.cpp.o[0m
[5.726s] [ 46%] [32mBuilding CXX object CMakeFiles/ars548_messages__rosidl_typesupport_fastrtps_cpp.dir/rosidl_typesupport_fastrtps_cpp/ars548_messages/msg/detail/dds_fastrtps/object__type_support.cpp.o[0m
[5.728s] [ 47%] [32mBuilding C object CMakeFiles/ars548_messages__rosidl_typesupport_introspection_c.dir/rosidl_typesupport_introspection_c/ars548_messages/msg/detail/acceleration_longitudinal_co_g__type_support.c.o[0m
[5.753s] [ 47%] [32mBuilding C object CMakeFiles/ars548_messages__rosidl_typesupport_introspection_c.dir/rosidl_typesupport_introspection_c/ars548_messages/msg/detail/characteristic_speed__type_support.c.o[0m
[5.777s] [ 48%] [32mBuilding C object CMakeFiles/ars548_messages__rosidl_typesupport_introspection_c.dir/rosidl_typesupport_introspection_c/ars548_messages/msg/detail/driving_direction__type_support.c.o[0m
[5.801s] [ 49%] [32mBuilding C object CMakeFiles/ars548_messages__rosidl_typesupport_introspection_c.dir/rosidl_typesupport_introspection_c/ars548_messages/msg/detail/sensor_configuration__type_support.c.o[0m
[5.826s] [ 50%] [32mBuilding C object CMakeFiles/ars548_messages__rosidl_typesupport_introspection_c.dir/rosidl_typesupport_introspection_c/ars548_messages/msg/detail/steering_angle_front_axle__type_support.c.o[0m
[5.847s] [ 50%] [32mBuilding CXX object CMakeFiles/ars548_messages__rosidl_typesupport_cpp.dir/rosidl_typesupport_cpp/ars548_messages/msg/characteristic_speed__type_support.cpp.o[0m
[5.851s] [ 51%] [32mBuilding C object CMakeFiles/ars548_messages__rosidl_typesupport_introspection_c.dir/rosidl_typesupport_introspection_c/ars548_messages/msg/detail/velocity_vehicle__type_support.c.o[0m
[5.875s] [ 51%] [32mBuilding C object CMakeFiles/ars548_messages__rosidl_typesupport_introspection_c.dir/rosidl_typesupport_introspection_c/ars548_messages/msg/detail/yaw_rate__type_support.c.o[0m
[5.893s] [ 52%] [32mBuilding CXX object CMakeFiles/ars548_messages__rosidl_typesupport_introspection_cpp.dir/rosidl_typesupport_introspection_cpp/ars548_messages/msg/detail/object_list__type_support.cpp.o[0m
[5.899s] [ 53%] [32m[1mLinking C shared library libars548_messages__rosidl_typesupport_introspection_c.so[0m
[5.912s] [ 54%] [32mBuilding CXX object CMakeFiles/ars548_messages__rosidl_typesupport_fastrtps_c.dir/rosidl_typesupport_fastrtps_c/ars548_messages/msg/detail/object__type_support_c.cpp.o[0m
[5.934s] [ 54%] Built target ars548_messages__rosidl_typesupport_introspection_c
[5.937s] [ 55%] [32mBuilding CXX object CMakeFiles/ars548_messages__rosidl_typesupport_fastrtps_c.dir/rosidl_typesupport_fastrtps_c/ars548_messages/msg/detail/object_list__type_support_c.cpp.o[0m
[5.971s] [ 56%] [32mBuilding CXX object CMakeFiles/ars548_messages__rosidl_typesupport_fastrtps_c.dir/rosidl_typesupport_fastrtps_c/ars548_messages/msg/detail/status__type_support_c.cpp.o[0m
[5.975s] [ 57%] [32mBuilding CXX object CMakeFiles/ars548_messages__rosidl_typesupport_cpp.dir/rosidl_typesupport_cpp/ars548_messages/msg/driving_direction__type_support.cpp.o[0m
[5.985s] [ 57%] [32mBuilding CXX object CMakeFiles/ars548_messages__rosidl_typesupport_introspection_cpp.dir/rosidl_typesupport_introspection_cpp/ars548_messages/msg/detail/status__type_support.cpp.o[0m
[6.116s] [ 58%] [32mBuilding CXX object CMakeFiles/ars548_messages__rosidl_typesupport_cpp.dir/rosidl_typesupport_cpp/ars548_messages/msg/sensor_configuration__type_support.cpp.o[0m
[6.175s] [ 58%] [32mBuilding CXX object CMakeFiles/ars548_messages__rosidl_typesupport_fastrtps_cpp.dir/rosidl_typesupport_fastrtps_cpp/ars548_messages/msg/detail/dds_fastrtps/object_list__type_support.cpp.o[0m
[6.230s] [ 59%] [32mBuilding CXX object CMakeFiles/ars548_messages__rosidl_typesupport_cpp.dir/rosidl_typesupport_cpp/ars548_messages/msg/steering_angle_front_axle__type_support.cpp.o[0m
[6.232s] [ 60%] [32mBuilding CXX object CMakeFiles/ars548_messages__rosidl_typesupport_introspection_cpp.dir/rosidl_typesupport_introspection_cpp/ars548_messages/msg/detail/acceleration_lateral_co_g__type_support.cpp.o[0m
[6.278s] [ 62%] [32mBuilding CXX object CMakeFiles/ars548_messages__rosidl_typesupport_fastrtps_c.dir/rosidl_typesupport_fastrtps_c/ars548_messages/msg/detail/acceleration_lateral_co_g__type_support_c.cpp.o[0m
[6.278s] [ 62%] [32mBuilding CXX object CMakeFiles/ars548_messages__rosidl_typesupport_introspection_cpp.dir/rosidl_typesupport_introspection_cpp/ars548_messages/msg/detail/acceleration_longitudinal_co_g__type_support.cpp.o[0m
[6.308s] [ 62%] [32mBuilding CXX object CMakeFiles/ars548_messages__rosidl_typesupport_fastrtps_c.dir/rosidl_typesupport_fastrtps_c/ars548_messages/msg/detail/acceleration_longitudinal_co_g__type_support_c.cpp.o[0m
[6.316s] [ 63%] [32mBuilding CXX object CMakeFiles/ars548_messages__rosidl_typesupport_fastrtps_c.dir/rosidl_typesupport_fastrtps_c/ars548_messages/msg/detail/characteristic_speed__type_support_c.cpp.o[0m
[6.371s] [ 64%] [32mBuilding CXX object CMakeFiles/ars548_messages__rosidl_typesupport_cpp.dir/rosidl_typesupport_cpp/ars548_messages/msg/velocity_vehicle__type_support.cpp.o[0m
[6.483s] [ 64%] [32mBuilding CXX object CMakeFiles/ars548_messages__rosidl_typesupport_cpp.dir/rosidl_typesupport_cpp/ars548_messages/msg/yaw_rate__type_support.cpp.o[0m
[6.511s] [ 65%] [32mBuilding CXX object CMakeFiles/ars548_messages__rosidl_typesupport_introspection_cpp.dir/rosidl_typesupport_introspection_cpp/ars548_messages/msg/detail/characteristic_speed__type_support.cpp.o[0m
[6.556s] [ 66%] [32mBuilding CXX object CMakeFiles/ars548_messages__rosidl_typesupport_introspection_cpp.dir/rosidl_typesupport_introspection_cpp/ars548_messages/msg/detail/driving_direction__type_support.cpp.o[0m
[6.591s] [ 67%] [32mBuilding CXX object CMakeFiles/ars548_messages__rosidl_typesupport_fastrtps_cpp.dir/rosidl_typesupport_fastrtps_cpp/ars548_messages/msg/detail/dds_fastrtps/status__type_support.cpp.o[0m
[6.601s] [ 68%] [32mBuilding CXX object CMakeFiles/ars548_messages__rosidl_typesupport_fastrtps_c.dir/rosidl_typesupport_fastrtps_c/ars548_messages/msg/detail/driving_direction__type_support_c.cpp.o[0m
[6.627s] [ 69%] [32mBuilding CXX object CMakeFiles/ars548_messages__rosidl_typesupport_fastrtps_c.dir/rosidl_typesupport_fastrtps_c/ars548_messages/msg/detail/sensor_configuration__type_support_c.cpp.o[0m
[6.628s] [ 70%] [32mBuilding CXX object CMakeFiles/ars548_messages__rosidl_typesupport_fastrtps_c.dir/rosidl_typesupport_fastrtps_c/ars548_messages/msg/detail/steering_angle_front_axle__type_support_c.cpp.o[0m
[6.634s] [ 70%] [32mBuilding CXX object CMakeFiles/ars548_messages__rosidl_typesupport_fastrtps_c.dir/rosidl_typesupport_fastrtps_c/ars548_messages/msg/detail/velocity_vehicle__type_support_c.cpp.o[0m
[6.735s] [ 71%] [32m[1mLinking CXX shared library libars548_messages__rosidl_typesupport_cpp.so[0m
[6.767s] [ 71%] Built target ars548_messages__rosidl_typesupport_cpp
[6.769s] [ 72%] [32mBuilding CXX object CMakeFiles/ars548_messages__rosidl_typesupport_fastrtps_c.dir/rosidl_typesupport_fastrtps_c/ars548_messages/msg/detail/yaw_rate__type_support_c.cpp.o[0m
[6.790s] [ 72%] [32mBuilding CXX object CMakeFiles/ars548_messages__rosidl_typesupport_introspection_cpp.dir/rosidl_typesupport_introspection_cpp/ars548_messages/msg/detail/sensor_configuration__type_support.cpp.o[0m
[6.835s] [ 73%] [32mBuilding CXX object CMakeFiles/ars548_messages__rosidl_typesupport_introspection_cpp.dir/rosidl_typesupport_introspection_cpp/ars548_messages/msg/detail/steering_angle_front_axle__type_support.cpp.o[0m
[6.921s] [ 74%] [32mBuilding CXX object CMakeFiles/ars548_messages__rosidl_typesupport_introspection_cpp.dir/rosidl_typesupport_introspection_cpp/ars548_messages/msg/detail/velocity_vehicle__type_support.cpp.o[0m
[6.953s] [ 75%] [32mBuilding CXX object CMakeFiles/ars548_messages__rosidl_typesupport_introspection_cpp.dir/rosidl_typesupport_introspection_cpp/ars548_messages/msg/detail/yaw_rate__type_support.cpp.o[0m
[6.955s] [ 76%] [32mBuilding CXX object CMakeFiles/ars548_messages__rosidl_typesupport_fastrtps_cpp.dir/rosidl_typesupport_fastrtps_cpp/ars548_messages/msg/detail/dds_fastrtps/acceleration_lateral_co_g__type_support.cpp.o[0m
[6.964s] [ 77%] [32mBuilding CXX object CMakeFiles/ars548_messages__rosidl_typesupport_fastrtps_cpp.dir/rosidl_typesupport_fastrtps_cpp/ars548_messages/msg/detail/dds_fastrtps/acceleration_longitudinal_co_g__type_support.cpp.o[0m
[7.018s] [ 78%] [32mBuilding CXX object CMakeFiles/ars548_messages__rosidl_typesupport_fastrtps_cpp.dir/rosidl_typesupport_fastrtps_cpp/ars548_messages/msg/detail/dds_fastrtps/characteristic_speed__type_support.cpp.o[0m
[7.073s] [ 78%] [32mBuilding CXX object CMakeFiles/ars548_messages__rosidl_typesupport_fastrtps_cpp.dir/rosidl_typesupport_fastrtps_cpp/ars548_messages/msg/detail/dds_fastrtps/driving_direction__type_support.cpp.o[0m
[7.100s] [ 79%] [32m[1mLinking CXX shared library libars548_messages__rosidl_typesupport_fastrtps_c.so[0m
[7.116s] [ 80%] [32mBuilding CXX object CMakeFiles/ars548_messages__rosidl_typesupport_fastrtps_cpp.dir/rosidl_typesupport_fastrtps_cpp/ars548_messages/msg/detail/dds_fastrtps/sensor_configuration__type_support.cpp.o[0m
[7.209s] [ 81%] [32mBuilding CXX object CMakeFiles/ars548_messages__rosidl_typesupport_fastrtps_cpp.dir/rosidl_typesupport_fastrtps_cpp/ars548_messages/msg/detail/dds_fastrtps/steering_angle_front_axle__type_support.cpp.o[0m
[7.214s] [ 81%] Built target ars548_messages__rosidl_typesupport_fastrtps_c
[7.217s] [ 82%] [32mBuilding CXX object CMakeFiles/ars548_messages__rosidl_typesupport_fastrtps_cpp.dir/rosidl_typesupport_fastrtps_cpp/ars548_messages/msg/detail/dds_fastrtps/velocity_vehicle__type_support.cpp.o[0m
[7.291s] [ 83%] [32m[1mLinking CXX shared library libars548_messages__rosidl_typesupport_introspection_cpp.so[0m
[7.334s] [ 84%] [32mBuilding CXX object CMakeFiles/ars548_messages__rosidl_typesupport_fastrtps_cpp.dir/rosidl_typesupport_fastrtps_cpp/ars548_messages/msg/detail/dds_fastrtps/yaw_rate__type_support.cpp.o[0m
[7.417s] [ 84%] Built target ars548_messages__rosidl_typesupport_introspection_cpp
[7.698s] [ 84%] [32m[1mLinking CXX shared library libars548_messages__rosidl_typesupport_fastrtps_cpp.so[0m
[7.771s] [ 84%] Built target ars548_messages__rosidl_typesupport_fastrtps_cpp
[7.777s] [ 84%] Built target ars548_messages
[7.783s] [ 85%] [34m[1mGenerating Python code for ROS interfaces[0m
[10.857s] [ 85%] Built target ars548_messages__py
[10.863s] [ 86%] [32mBuilding C object CMakeFiles/ars548_messages__rosidl_generator_py.dir/rosidl_generator_py/ars548_messages/msg/_detection_s.c.o[0m
[10.863s] [ 87%] [32mBuilding C object CMakeFiles/ars548_messages__rosidl_generator_py.dir/rosidl_generator_py/ars548_messages/msg/_object_s.c.o[0m
[10.863s] [ 87%] [32mBuilding C object CMakeFiles/ars548_messages__rosidl_generator_py.dir/rosidl_generator_py/ars548_messages/msg/_detection_list_s.c.o[0m
[10.863s] [ 88%] [32mBuilding C object CMakeFiles/ars548_messages__rosidl_generator_py.dir/rosidl_generator_py/ars548_messages/msg/_object_list_s.c.o[0m
[10.864s] [ 89%] [32mBuilding C object CMakeFiles/ars548_messages__rosidl_generator_py.dir/rosidl_generator_py/ars548_messages/msg/_status_s.c.o[0m
[10.864s] [ 90%] [32mBuilding C object CMakeFiles/ars548_messages__rosidl_generator_py.dir/rosidl_generator_py/ars548_messages/msg/_acceleration_lateral_co_g_s.c.o[0m
[10.864s] [ 90%] [32mBuilding C object CMakeFiles/ars548_messages__rosidl_generator_py.dir/rosidl_generator_py/ars548_messages/msg/_acceleration_longitudinal_co_g_s.c.o[0m
[10.865s] [ 91%] [32mBuilding C object CMakeFiles/ars548_messages__rosidl_generator_py.dir/rosidl_generator_py/ars548_messages/msg/_characteristic_speed_s.c.o[0m
[10.963s] [ 92%] [32mBuilding C object CMakeFiles/ars548_messages__rosidl_generator_py.dir/rosidl_generator_py/ars548_messages/msg/_driving_direction_s.c.o[0m
[10.964s] [ 93%] [32mBuilding C object CMakeFiles/ars548_messages__rosidl_generator_py.dir/rosidl_generator_py/ars548_messages/msg/_sensor_configuration_s.c.o[0m
[10.964s] [ 94%] [32mBuilding C object CMakeFiles/ars548_messages__rosidl_generator_py.dir/rosidl_generator_py/ars548_messages/msg/_steering_angle_front_axle_s.c.o[0m
[10.993s] [ 94%] [32mBuilding C object CMakeFiles/ars548_messages__rosidl_generator_py.dir/rosidl_generator_py/ars548_messages/msg/_velocity_vehicle_s.c.o[0m
[10.994s] [ 95%] [32mBuilding C object CMakeFiles/ars548_messages__rosidl_generator_py.dir/rosidl_generator_py/ars548_messages/msg/_yaw_rate_s.c.o[0m
[11.105s] [ 96%] [32m[1mLinking C shared library rosidl_generator_py/ars548_messages/libars548_messages__rosidl_generator_py.so[0m
[11.133s] [ 96%] Built target ars548_messages__rosidl_generator_py
[11.139s] [ 97%] [32mBuilding C object CMakeFiles/ars548_messages__rosidl_typesupport_fastrtps_c__pyext.dir/rosidl_generator_py/ars548_messages/_ars548_messages_s.ep.rosidl_typesupport_fastrtps_c.c.o[0m
[11.140s] [ 98%] [32mBuilding C object CMakeFiles/ars548_messages__rosidl_typesupport_introspection_c__pyext.dir/rosidl_generator_py/ars548_messages/_ars548_messages_s.ep.rosidl_typesupport_introspection_c.c.o[0m
[11.140s] [ 99%] [32mBuilding C object CMakeFiles/ars548_messages__rosidl_typesupport_c__pyext.dir/rosidl_generator_py/ars548_messages/_ars548_messages_s.ep.rosidl_typesupport_c.c.o[0m
[11.323s] [ 99%] [32m[1mLinking C shared library rosidl_generator_py/ars548_messages/ars548_messages_s__rosidl_typesupport_c.cpython-311-x86_64-linux-gnu.so[0m
[11.323s] [ 99%] [32m[1mLinking C shared library rosidl_generator_py/ars548_messages/ars548_messages_s__rosidl_typesupport_fastrtps_c.cpython-311-x86_64-linux-gnu.so[0m
[11.323s] [100%] [32m[1mLinking C shared library rosidl_generator_py/ars548_messages/ars548_messages_s__rosidl_typesupport_introspection_c.cpython-311-x86_64-linux-gnu.so[0m
[11.341s] [100%] Built target ars548_messages__rosidl_typesupport_fastrtps_c__pyext
[11.342s] [100%] Built target ars548_messages__rosidl_typesupport_introspection_c__pyext
[11.342s] [100%] Built target ars548_messages__rosidl_typesupport_c__pyext
[11.346s] Invoked command in '/home/mvclab/workspace/ncsist/ars548_RoboStack/build/ars548_messages' returned '0': CONDA_PROMPT_MODIFIER=(ros2) /home/mvclab/micromamba/envs/ros2/bin/cmake --build /home/mvclab/workspace/ncsist/ars548_RoboStack/build/ars548_messages -- -j8 -l8
[11.606s] Invoking command in '/home/mvclab/workspace/ncsist/ars548_RoboStack/build/ars548_messages': CONDA_PROMPT_MODIFIER=(ros2) /home/mvclab/micromamba/envs/ros2/bin/cmake --install /home/mvclab/workspace/ncsist/ars548_RoboStack/build/ars548_messages
[11.661s] -- Install configuration: ""
[11.661s] -- Installing: /home/mvclab/workspace/ncsist/ars548_RoboStack/install/ars548_messages/share/ament_index/resource_index/rosidl_interfaces/ars548_messages
[11.661s] -- Installing: /home/mvclab/workspace/ncsist/ars548_RoboStack/install/ars548_messages/include/ars548_messages/ars548_messages
[11.661s] -- Installing: /home/mvclab/workspace/ncsist/ars548_RoboStack/install/ars548_messages/include/ars548_messages/ars548_messages/msg
[11.661s] -- Installing: /home/mvclab/workspace/ncsist/ars548_RoboStack/install/ars548_messages/include/ars548_messages/ars548_messages/msg/object_list.h
[11.661s] -- Installing: /home/mvclab/workspace/ncsist/ars548_RoboStack/install/ars548_messages/include/ars548_messages/ars548_messages/msg/detail
[11.662s] -- Installing: /home/mvclab/workspace/ncsist/ars548_RoboStack/install/ars548_messages/include/ars548_messages/ars548_messages/msg/detail/acceleration_lateral_co_g__type_support.h
[11.662s] -- Installing: /home/mvclab/workspace/ncsist/ars548_RoboStack/install/ars548_messages/include/ars548_messages/ars548_messages/msg/detail/driving_direction__functions.h
[11.662s] -- Installing: /home/mvclab/workspace/ncsist/ars548_RoboStack/install/ars548_messages/include/ars548_messages/ars548_messages/msg/detail/object_list__functions.h
[11.662s] -- Installing: /home/mvclab/workspace/ncsist/ars548_RoboStack/install/ars548_messages/include/ars548_messages/ars548_messages/msg/detail/driving_direction__functions.c
[11.662s] -- Installing: /home/mvclab/workspace/ncsist/ars548_RoboStack/install/ars548_messages/include/ars548_messages/ars548_messages/msg/detail/object__functions.h
[11.662s] -- Installing: /home/mvclab/workspace/ncsist/ars548_RoboStack/install/ars548_messages/include/ars548_messages/ars548_messages/msg/detail/status__functions.h
[11.662s] -- Installing: /home/mvclab/workspace/ncsist/ars548_RoboStack/install/ars548_messages/include/ars548_messages/ars548_messages/msg/detail/acceleration_lateral_co_g__functions.h
[11.662s] -- Installing: /home/mvclab/workspace/ncsist/ars548_RoboStack/install/ars548_messages/include/ars548_messages/ars548_messages/msg/detail/yaw_rate__struct.h
[11.662s] -- Installing: /home/mvclab/workspace/ncsist/ars548_RoboStack/install/ars548_messages/include/ars548_messages/ars548_messages/msg/detail/object_list__struct.h
[11.662s] -- Installing: /home/mvclab/workspace/ncsist/ars548_RoboStack/install/ars548_messages/include/ars548_messages/ars548_messages/msg/detail/characteristic_speed__functions.h
[11.662s] -- Installing: /home/mvclab/workspace/ncsist/ars548_RoboStack/install/ars548_messages/include/ars548_messages/ars548_messages/msg/detail/object__struct.h
[11.662s] -- Installing: /home/mvclab/workspace/ncsist/ars548_RoboStack/install/ars548_messages/include/ars548_messages/ars548_messages/msg/detail/detection__struct.h
[11.662s] -- Installing: /home/mvclab/workspace/ncsist/ars548_RoboStack/install/ars548_messages/include/ars548_messages/ars548_messages/msg/detail/status__struct.h
[11.662s] -- Installing: /home/mvclab/workspace/ncsist/ars548_RoboStack/install/ars548_messages/include/ars548_messages/ars548_messages/msg/detail/velocity_vehicle__type_support.h
[11.662s] -- Installing: /home/mvclab/workspace/ncsist/ars548_RoboStack/install/ars548_messages/include/ars548_messages/ars548_messages/msg/detail/sensor_configuration__struct.h
[11.662s] -- Installing: /home/mvclab/workspace/ncsist/ars548_RoboStack/install/ars548_messages/include/ars548_messages/ars548_messages/msg/detail/detection_list__struct.h
[11.663s] -- Installing: /home/mvclab/workspace/ncsist/ars548_RoboStack/install/ars548_messages/include/ars548_messages/ars548_messages/msg/detail/steering_angle_front_axle__functions.c
[11.663s] -- Installing: /home/mvclab/workspace/ncsist/ars548_RoboStack/install/ars548_messages/include/ars548_messages/ars548_messages/msg/detail/characteristic_speed__functions.c
[11.663s] -- Installing: /home/mvclab/workspace/ncsist/ars548_RoboStack/install/ars548_messages/include/ars548_messages/ars548_messages/msg/detail/detection_list__functions.h
[11.663s] -- Installing: /home/mvclab/workspace/ncsist/ars548_RoboStack/install/ars548_messages/include/ars548_messages/ars548_messages/msg/detail/velocity_vehicle__functions.h
[11.663s] -- Installing: /home/mvclab/workspace/ncsist/ars548_RoboStack/install/ars548_messages/include/ars548_messages/ars548_messages/msg/detail/detection__functions.c
[11.663s] -- Installing: /home/mvclab/workspace/ncsist/ars548_RoboStack/install/ars548_messages/include/ars548_messages/ars548_messages/msg/detail/characteristic_speed__struct.h
[11.663s] -- Installing: /home/mvclab/workspace/ncsist/ars548_RoboStack/install/ars548_messages/include/ars548_messages/ars548_messages/msg/detail/steering_angle_front_axle__type_support.h
[11.663s] -- Installing: /home/mvclab/workspace/ncsist/ars548_RoboStack/install/ars548_messages/include/ars548_messages/ars548_messages/msg/detail/yaw_rate__functions.h
[11.663s] -- Installing: /home/mvclab/workspace/ncsist/ars548_RoboStack/install/ars548_messages/include/ars548_messages/ars548_messages/msg/detail/acceleration_lateral_co_g__functions.c
[11.663s] -- Installing: /home/mvclab/workspace/ncsist/ars548_RoboStack/install/ars548_messages/include/ars548_messages/ars548_messages/msg/detail/acceleration_lateral_co_g__struct.h
[11.663s] -- Installing: /home/mvclab/workspace/ncsist/ars548_RoboStack/install/ars548_messages/include/ars548_messages/ars548_messages/msg/detail/sensor_configuration__functions.h
[11.663s] -- Installing: /home/mvclab/workspace/ncsist/ars548_RoboStack/install/ars548_messages/include/ars548_messages/ars548_messages/msg/detail/yaw_rate__functions.c
[11.663s] -- Installing: /home/mvclab/workspace/ncsist/ars548_RoboStack/install/ars548_messages/include/ars548_messages/ars548_messages/msg/detail/status__type_support.h
[11.663s] -- Installing: /home/mvclab/workspace/ncsist/ars548_RoboStack/install/ars548_messages/include/ars548_messages/ars548_messages/msg/detail/detection__functions.h
[11.664s] -- Installing: /home/mvclab/workspace/ncsist/ars548_RoboStack/install/ars548_messages/include/ars548_messages/ars548_messages/msg/detail/steering_angle_front_axle__functions.h
[11.664s] -- Installing: /home/mvclab/workspace/ncsist/ars548_RoboStack/install/ars548_messages/include/ars548_messages/ars548_messages/msg/detail/object__functions.c
[11.664s] -- Installing: /home/mvclab/workspace/ncsist/ars548_RoboStack/install/ars548_messages/include/ars548_messages/ars548_messages/msg/detail/driving_direction__struct.h
[11.664s] -- Installing: /home/mvclab/workspace/ncsist/ars548_RoboStack/install/ars548_messages/include/ars548_messages/ars548_messages/msg/detail/steering_angle_front_axle__struct.h
[11.664s] -- Installing: /home/mvclab/workspace/ncsist/ars548_RoboStack/install/ars548_messages/include/ars548_messages/ars548_messages/msg/detail/object_list__functions.c
[11.664s] -- Installing: /home/mvclab/workspace/ncsist/ars548_RoboStack/install/ars548_messages/include/ars548_messages/ars548_messages/msg/detail/velocity_vehicle__struct.h
[11.664s] -- Installing: /home/mvclab/workspace/ncsist/ars548_RoboStack/install/ars548_messages/include/ars548_messages/ars548_messages/msg/detail/yaw_rate__type_support.h
[11.664s] -- Installing: /home/mvclab/workspace/ncsist/ars548_RoboStack/install/ars548_messages/include/ars548_messages/ars548_messages/msg/detail/acceleration_longitudinal_co_g__functions.h
[11.664s] -- Installing: /home/mvclab/workspace/ncsist/ars548_RoboStack/install/ars548_messages/include/ars548_messages/ars548_messages/msg/detail/characteristic_speed__type_support.h
[11.664s] -- Installing: /home/mvclab/workspace/ncsist/ars548_RoboStack/install/ars548_messages/include/ars548_messages/ars548_messages/msg/detail/status__functions.c
[11.664s] -- Installing: /home/mvclab/workspace/ncsist/ars548_RoboStack/install/ars548_messages/include/ars548_messages/ars548_messages/msg/detail/acceleration_longitudinal_co_g__functions.c
[11.664s] -- Installing: /home/mvclab/workspace/ncsist/ars548_RoboStack/install/ars548_messages/include/ars548_messages/ars548_messages/msg/detail/detection__type_support.h
[11.664s] -- Installing: /home/mvclab/workspace/ncsist/ars548_RoboStack/install/ars548_messages/include/ars548_messages/ars548_messages/msg/detail/object_list__type_support.h
[11.664s] -- Installing: /home/mvclab/workspace/ncsist/ars548_RoboStack/install/ars548_messages/include/ars548_messages/ars548_messages/msg/detail/driving_direction__type_support.h
[11.664s] -- Installing: /home/mvclab/workspace/ncsist/ars548_RoboStack/install/ars548_messages/include/ars548_messages/ars548_messages/msg/detail/detection_list__functions.c
[11.665s] -- Installing: /home/mvclab/workspace/ncsist/ars548_RoboStack/install/ars548_messages/include/ars548_messages/ars548_messages/msg/detail/detection_list__type_support.h
[11.665s] -- Installing: /home/mvclab/workspace/ncsist/ars548_RoboStack/install/ars548_messages/include/ars548_messages/ars548_messages/msg/detail/object__type_support.h
[11.665s] -- Installing: /home/mvclab/workspace/ncsist/ars548_RoboStack/install/ars548_messages/include/ars548_messages/ars548_messages/msg/detail/velocity_vehicle__functions.c
[11.665s] -- Installing: /home/mvclab/workspace/ncsist/ars548_RoboStack/install/ars548_messages/include/ars548_messages/ars548_messages/msg/detail/acceleration_longitudinal_co_g__struct.h
[11.665s] -- Installing: /home/mvclab/workspace/ncsist/ars548_RoboStack/install/ars548_messages/include/ars548_messages/ars548_messages/msg/detail/acceleration_longitudinal_co_g__type_support.h
[11.665s] -- Installing: /home/mvclab/workspace/ncsist/ars548_RoboStack/install/ars548_messages/include/ars548_messages/ars548_messages/msg/detail/sensor_configuration__functions.c
[11.665s] -- Installing: /home/mvclab/workspace/ncsist/ars548_RoboStack/install/ars548_messages/include/ars548_messages/ars548_messages/msg/detail/sensor_configuration__type_support.h
[11.665s] -- Installing: /home/mvclab/workspace/ncsist/ars548_RoboStack/install/ars548_messages/include/ars548_messages/ars548_messages/msg/sensor_configuration.h
[11.665s] -- Installing: /home/mvclab/workspace/ncsist/ars548_RoboStack/install/ars548_messages/include/ars548_messages/ars548_messages/msg/acceleration_longitudinal_co_g.h
[11.665s] -- Installing: /home/mvclab/workspace/ncsist/ars548_RoboStack/install/ars548_messages/include/ars548_messages/ars548_messages/msg/detection.h
[11.665s] -- Installing: /home/mvclab/workspace/ncsist/ars548_RoboStack/install/ars548_messages/include/ars548_messages/ars548_messages/msg/object.h
[11.665s] -- Installing: /home/mvclab/workspace/ncsist/ars548_RoboStack/install/ars548_messages/include/ars548_messages/ars548_messages/msg/velocity_vehicle.h
[11.665s] -- Installing: /home/mvclab/workspace/ncsist/ars548_RoboStack/install/ars548_messages/include/ars548_messages/ars548_messages/msg/driving_direction.h
[11.665s] -- Installing: /home/mvclab/workspace/ncsist/ars548_RoboStack/install/ars548_messages/include/ars548_messages/ars548_messages/msg/status.h
[11.666s] -- Installing: /home/mvclab/workspace/ncsist/ars548_RoboStack/install/ars548_messages/include/ars548_messages/ars548_messages/msg/detection_list.h
[11.666s] -- Installing: /home/mvclab/workspace/ncsist/ars548_RoboStack/install/ars548_messages/include/ars548_messages/ars548_messages/msg/characteristic_speed.h
[11.666s] -- Installing: /home/mvclab/workspace/ncsist/ars548_RoboStack/install/ars548_messages/include/ars548_messages/ars548_messages/msg/yaw_rate.h
[11.666s] -- Installing: /home/mvclab/workspace/ncsist/ars548_RoboStack/install/ars548_messages/include/ars548_messages/ars548_messages/msg/steering_angle_front_axle.h
[11.666s] -- Installing: /home/mvclab/workspace/ncsist/ars548_RoboStack/install/ars548_messages/include/ars548_messages/ars548_messages/msg/acceleration_lateral_co_g.h
[11.666s] -- Installing: /home/mvclab/workspace/ncsist/ars548_RoboStack/install/ars548_messages/include/ars548_messages/ars548_messages/msg/rosidl_generator_c__visibility_control.h
[11.666s] -- Installing: /home/mvclab/workspace/ncsist/ars548_RoboStack/install/ars548_messages/lib/libars548_messages__rosidl_generator_c.so
[11.666s] -- Up-to-date: /home/mvclab/workspace/ncsist/ars548_RoboStack/install/ars548_messages/include/ars548_messages/ars548_messages
[11.666s] -- Up-to-date: /home/mvclab/workspace/ncsist/ars548_RoboStack/install/ars548_messages/include/ars548_messages/ars548_messages/msg
[11.666s] -- Up-to-date: /home/mvclab/workspace/ncsist/ars548_RoboStack/install/ars548_messages/include/ars548_messages/ars548_messages/msg/detail
[11.666s] -- Installing: /home/mvclab/workspace/ncsist/ars548_RoboStack/install/ars548_messages/include/ars548_messages/ars548_messages/msg/detail/driving_direction__rosidl_typesupport_fastrtps_c.h
[11.666s] -- Installing: /home/mvclab/workspace/ncsist/ars548_RoboStack/install/ars548_messages/include/ars548_messages/ars548_messages/msg/detail/detection_list__rosidl_typesupport_fastrtps_c.h
[11.666s] -- Installing: /home/mvclab/workspace/ncsist/ars548_RoboStack/install/ars548_messages/include/ars548_messages/ars548_messages/msg/detail/characteristic_speed__rosidl_typesupport_fastrtps_c.h
[11.666s] -- Installing: /home/mvclab/workspace/ncsist/ars548_RoboStack/install/ars548_messages/include/ars548_messages/ars548_messages/msg/detail/steering_angle_front_axle__rosidl_typesupport_fastrtps_c.h
[11.666s] -- Installing: /home/mvclab/workspace/ncsist/ars548_RoboStack/install/ars548_messages/include/ars548_messages/ars548_messages/msg/detail/sensor_configuration__rosidl_typesupport_fastrtps_c.h
[11.667s] -- Installing: /home/mvclab/workspace/ncsist/ars548_RoboStack/install/ars548_messages/include/ars548_messages/ars548_messages/msg/detail/acceleration_longitudinal_co_g__rosidl_typesupport_fastrtps_c.h
[11.667s] -- Installing: /home/mvclab/workspace/ncsist/ars548_RoboStack/install/ars548_messages/include/ars548_messages/ars548_messages/msg/detail/status__rosidl_typesupport_fastrtps_c.h
[11.667s] -- Installing: /home/mvclab/workspace/ncsist/ars548_RoboStack/install/ars548_messages/include/ars548_messages/ars548_messages/msg/detail/detection__rosidl_typesupport_fastrtps_c.h
[11.667s] -- Installing: /home/mvclab/workspace/ncsist/ars548_RoboStack/install/ars548_messages/include/ars548_messages/ars548_messages/msg/detail/object__rosidl_typesupport_fastrtps_c.h
[11.667s] -- Installing: /home/mvclab/workspace/ncsist/ars548_RoboStack/install/ars548_messages/include/ars548_messages/ars548_messages/msg/detail/object_list__rosidl_typesupport_fastrtps_c.h
[11.667s] -- Installing: /home/mvclab/workspace/ncsist/ars548_RoboStack/install/ars548_messages/include/ars548_messages/ars548_messages/msg/detail/velocity_vehicle__rosidl_typesupport_fastrtps_c.h
[11.667s] -- Installing: /home/mvclab/workspace/ncsist/ars548_RoboStack/install/ars548_messages/include/ars548_messages/ars548_messages/msg/detail/yaw_rate__rosidl_typesupport_fastrtps_c.h
[11.667s] -- Installing: /home/mvclab/workspace/ncsist/ars548_RoboStack/install/ars548_messages/include/ars548_messages/ars548_messages/msg/detail/acceleration_lateral_co_g__rosidl_typesupport_fastrtps_c.h
[11.667s] -- Installing: /home/mvclab/workspace/ncsist/ars548_RoboStack/install/ars548_messages/include/ars548_messages/ars548_messages/msg/rosidl_typesupport_fastrtps_c__visibility_control.h
[11.667s] -- Installing: /home/mvclab/workspace/ncsist/ars548_RoboStack/install/ars548_messages/lib/libars548_messages__rosidl_typesupport_fastrtps_c.so
[11.667s] -- Set non-toolchain portion of runtime path of "/home/mvclab/workspace/ncsist/ars548_RoboStack/install/ars548_messages/lib/libars548_messages__rosidl_typesupport_fastrtps_c.so" to ""
[11.667s] -- Up-to-date: /home/mvclab/workspace/ncsist/ars548_RoboStack/install/ars548_messages/include/ars548_messages/ars548_messages
[11.667s] -- Up-to-date: /home/mvclab/workspace/ncsist/ars548_RoboStack/install/ars548_messages/include/ars548_messages/ars548_messages/msg
[11.667s] -- Up-to-date: /home/mvclab/workspace/ncsist/ars548_RoboStack/install/ars548_messages/include/ars548_messages/ars548_messages/msg/detail
[11.668s] -- Installing: /home/mvclab/workspace/ncsist/ars548_RoboStack/install/ars548_messages/include/ars548_messages/ars548_messages/msg/detail/detection__rosidl_typesupport_introspection_c.h
[11.668s] -- Installing: /home/mvclab/workspace/ncsist/ars548_RoboStack/install/ars548_messages/include/ars548_messages/ars548_messages/msg/detail/acceleration_longitudinal_co_g__type_support.c
[11.668s] -- Installing: /home/mvclab/workspace/ncsist/ars548_RoboStack/install/ars548_messages/include/ars548_messages/ars548_messages/msg/detail/acceleration_lateral_co_g__type_support.c
[11.668s] -- Installing: /home/mvclab/workspace/ncsist/ars548_RoboStack/install/ars548_messages/include/ars548_messages/ars548_messages/msg/detail/yaw_rate__rosidl_typesupport_introspection_c.h
[11.668s] -- Installing: /home/mvclab/workspace/ncsist/ars548_RoboStack/install/ars548_messages/include/ars548_messages/ars548_messages/msg/detail/object__rosidl_typesupport_introspection_c.h
[11.668s] -- Installing: /home/mvclab/workspace/ncsist/ars548_RoboStack/install/ars548_messages/include/ars548_messages/ars548_messages/msg/detail/status__rosidl_typesupport_introspection_c.h
[11.668s] -- Installing: /home/mvclab/workspace/ncsist/ars548_RoboStack/install/ars548_messages/include/ars548_messages/ars548_messages/msg/detail/object_list__rosidl_typesupport_introspection_c.h
[11.668s] -- Installing: /home/mvclab/workspace/ncsist/ars548_RoboStack/install/ars548_messages/include/ars548_messages/ars548_messages/msg/detail/velocity_vehicle__type_support.c
[11.668s] -- Installing: /home/mvclab/workspace/ncsist/ars548_RoboStack/install/ars548_messages/include/ars548_messages/ars548_messages/msg/detail/acceleration_lateral_co_g__rosidl_typesupport_introspection_c.h
[11.668s] -- Installing: /home/mvclab/workspace/ncsist/ars548_RoboStack/install/ars548_messages/include/ars548_messages/ars548_messages/msg/detail/detection_list__rosidl_typesupport_introspection_c.h
[11.668s] -- Installing: /home/mvclab/workspace/ncsist/ars548_RoboStack/install/ars548_messages/include/ars548_messages/ars548_messages/msg/detail/sensor_configuration__rosidl_typesupport_introspection_c.h
[11.668s] -- Installing: /home/mvclab/workspace/ncsist/ars548_RoboStack/install/ars548_messages/include/ars548_messages/ars548_messages/msg/detail/driving_direction__rosidl_typesupport_introspection_c.h
[11.668s] -- Installing: /home/mvclab/workspace/ncsist/ars548_RoboStack/install/ars548_messages/include/ars548_messages/ars548_messages/msg/detail/driving_direction__type_support.c
[11.668s] -- Installing: /home/mvclab/workspace/ncsist/ars548_RoboStack/install/ars548_messages/include/ars548_messages/ars548_messages/msg/detail/yaw_rate__type_support.c
[11.668s] -- Installing: /home/mvclab/workspace/ncsist/ars548_RoboStack/install/ars548_messages/include/ars548_messages/ars548_messages/msg/detail/object_list__type_support.c
[11.668s] -- Installing: /home/mvclab/workspace/ncsist/ars548_RoboStack/install/ars548_messages/include/ars548_messages/ars548_messages/msg/detail/object__type_support.c
[11.669s] -- Installing: /home/mvclab/workspace/ncsist/ars548_RoboStack/install/ars548_messages/include/ars548_messages/ars548_messages/msg/detail/detection_list__type_support.c
[11.669s] -- Installing: /home/mvclab/workspace/ncsist/ars548_RoboStack/install/ars548_messages/include/ars548_messages/ars548_messages/msg/detail/acceleration_longitudinal_co_g__rosidl_typesupport_introspection_c.h
[11.669s] -- Installing: /home/mvclab/workspace/ncsist/ars548_RoboStack/install/ars548_messages/include/ars548_messages/ars548_messages/msg/detail/detection__type_support.c
[11.669s] -- Installing: /home/mvclab/workspace/ncsist/ars548_RoboStack/install/ars548_messages/include/ars548_messages/ars548_messages/msg/detail/characteristic_speed__type_support.c
[11.669s] -- Installing: /home/mvclab/workspace/ncsist/ars548_RoboStack/install/ars548_messages/include/ars548_messages/ars548_messages/msg/detail/steering_angle_front_axle__rosidl_typesupport_introspection_c.h
[11.669s] -- Installing: /home/mvclab/workspace/ncsist/ars548_RoboStack/install/ars548_messages/include/ars548_messages/ars548_messages/msg/detail/steering_angle_front_axle__type_support.c
[11.669s] -- Installing: /home/mvclab/workspace/ncsist/ars548_RoboStack/install/ars548_messages/include/ars548_messages/ars548_messages/msg/detail/status__type_support.c
[11.669s] -- Installing: /home/mvclab/workspace/ncsist/ars548_RoboStack/install/ars548_messages/include/ars548_messages/ars548_messages/msg/detail/velocity_vehicle__rosidl_typesupport_introspection_c.h
[11.669s] -- Installing: /home/mvclab/workspace/ncsist/ars548_RoboStack/install/ars548_messages/include/ars548_messages/ars548_messages/msg/detail/characteristic_speed__rosidl_typesupport_introspection_c.h
[11.669s] -- Installing: /home/mvclab/workspace/ncsist/ars548_RoboStack/install/ars548_messages/include/ars548_messages/ars548_messages/msg/detail/sensor_configuration__type_support.c
[11.669s] -- Installing: /home/mvclab/workspace/ncsist/ars548_RoboStack/install/ars548_messages/include/ars548_messages/ars548_messages/msg/rosidl_typesupport_introspection_c__visibility_control.h
[11.669s] -- Installing: /home/mvclab/workspace/ncsist/ars548_RoboStack/install/ars548_messages/lib/libars548_messages__rosidl_typesupport_introspection_c.so
[11.670s] -- Set non-toolchain portion of runtime path of "/home/mvclab/workspace/ncsist/ars548_RoboStack/install/ars548_messages/lib/libars548_messages__rosidl_typesupport_introspection_c.so" to ""
[11.670s] -- Installing: /home/mvclab/workspace/ncsist/ars548_RoboStack/install/ars548_messages/lib/libars548_messages__rosidl_typesupport_c.so
[11.670s] -- Set non-toolchain portion of runtime path of "/home/mvclab/workspace/ncsist/ars548_RoboStack/install/ars548_messages/lib/libars548_messages__rosidl_typesupport_c.so" to ""
[11.670s] -- Up-to-date: /home/mvclab/workspace/ncsist/ars548_RoboStack/install/ars548_messages/include/ars548_messages/ars548_messages
[11.670s] -- Up-to-date: /home/mvclab/workspace/ncsist/ars548_RoboStack/install/ars548_messages/include/ars548_messages/ars548_messages/msg
[11.670s] -- Installing: /home/mvclab/workspace/ncsist/ars548_RoboStack/install/ars548_messages/include/ars548_messages/ars548_messages/msg/rosidl_generator_cpp__visibility_control.hpp
[11.670s] -- Installing: /home/mvclab/workspace/ncsist/ars548_RoboStack/install/ars548_messages/include/ars548_messages/ars548_messages/msg/status.hpp
[11.670s] -- Installing: /home/mvclab/workspace/ncsist/ars548_RoboStack/install/ars548_messages/include/ars548_messages/ars548_messages/msg/detection.hpp
[11.670s] -- Up-to-date: /home/mvclab/workspace/ncsist/ars548_RoboStack/install/ars548_messages/include/ars548_messages/ars548_messages/msg/detail
[11.670s] -- Installing: /home/mvclab/workspace/ncsist/ars548_RoboStack/install/ars548_messages/include/ars548_messages/ars548_messages/msg/detail/driving_direction__type_support.hpp
[11.670s] -- Installing: /home/mvclab/workspace/ncsist/ars548_RoboStack/install/ars548_messages/include/ars548_messages/ars548_messages/msg/detail/status__struct.hpp
[11.670s] -- Installing: /home/mvclab/workspace/ncsist/ars548_RoboStack/install/ars548_messages/include/ars548_messages/ars548_messages/msg/detail/detection__type_support.hpp
[11.670s] -- Installing: /home/mvclab/workspace/ncsist/ars548_RoboStack/install/ars548_messages/include/ars548_messages/ars548_messages/msg/detail/velocity_vehicle__type_support.hpp
[11.670s] -- Installing: /home/mvclab/workspace/ncsist/ars548_RoboStack/install/ars548_messages/include/ars548_messages/ars548_messages/msg/detail/characteristic_speed__struct.hpp
[11.671s] -- Installing: /home/mvclab/workspace/ncsist/ars548_RoboStack/install/ars548_messages/include/ars548_messages/ars548_messages/msg/detail/detection__traits.hpp
[11.671s] -- Installing: /home/mvclab/workspace/ncsist/ars548_RoboStack/install/ars548_messages/include/ars548_messages/ars548_messages/msg/detail/detection__builder.hpp
[11.671s] -- Installing: /home/mvclab/workspace/ncsist/ars548_RoboStack/install/ars548_messages/include/ars548_messages/ars548_messages/msg/detail/detection_list__traits.hpp
[11.671s] -- Installing: /home/mvclab/workspace/ncsist/ars548_RoboStack/install/ars548_messages/include/ars548_messages/ars548_messages/msg/detail/object_list__struct.hpp
[11.671s] -- Installing: /home/mvclab/workspace/ncsist/ars548_RoboStack/install/ars548_messages/include/ars548_messages/ars548_messages/msg/detail/driving_direction__traits.hpp
[11.671s] -- Installing: /home/mvclab/workspace/ncsist/ars548_RoboStack/install/ars548_messages/include/ars548_messages/ars548_messages/msg/detail/object__struct.hpp
[11.671s] -- Installing: /home/mvclab/workspace/ncsist/ars548_RoboStack/install/ars548_messages/include/ars548_messages/ars548_messages/msg/detail/yaw_rate__type_support.hpp
[11.671s] -- Installing: /home/mvclab/workspace/ncsist/ars548_RoboStack/install/ars548_messages/include/ars548_messages/ars548_messages/msg/detail/status__traits.hpp
[11.671s] -- Installing: /home/mvclab/workspace/ncsist/ars548_RoboStack/install/ars548_messages/include/ars548_messages/ars548_messages/msg/detail/steering_angle_front_axle__struct.hpp
[11.671s] -- Installing: /home/mvclab/workspace/ncsist/ars548_RoboStack/install/ars548_messages/include/ars548_messages/ars548_messages/msg/detail/acceleration_longitudinal_co_g__traits.hpp
[11.671s] -- Installing: /home/mvclab/workspace/ncsist/ars548_RoboStack/install/ars548_messages/include/ars548_messages/ars548_messages/msg/detail/acceleration_longitudinal_co_g__struct.hpp
[11.671s] -- Installing: /home/mvclab/workspace/ncsist/ars548_RoboStack/install/ars548_messages/include/ars548_messages/ars548_messages/msg/detail/acceleration_lateral_co_g__struct.hpp
[11.671s] -- Installing: /home/mvclab/workspace/ncsist/ars548_RoboStack/install/ars548_messages/include/ars548_messages/ars548_messages/msg/detail/sensor_configuration__builder.hpp
[11.671s] -- Installing: /home/mvclab/workspace/ncsist/ars548_RoboStack/install/ars548_messages/include/ars548_messages/ars548_messages/msg/detail/steering_angle_front_axle__builder.hpp
[11.672s] -- Installing: /home/mvclab/workspace/ncsist/ars548_RoboStack/install/ars548_messages/include/ars548_messages/ars548_messages/msg/detail/velocity_vehicle__traits.hpp
[11.672s] -- Installing: /home/mvclab/workspace/ncsist/ars548_RoboStack/install/ars548_messages/include/ars548_messages/ars548_messages/msg/detail/characteristic_speed__builder.hpp
[11.672s] -- Installing: /home/mvclab/workspace/ncsist/ars548_RoboStack/install/ars548_messages/include/ars548_messages/ars548_messages/msg/detail/velocity_vehicle__struct.hpp
[11.672s] -- Installing: /home/mvclab/workspace/ncsist/ars548_RoboStack/install/ars548_messages/include/ars548_messages/ars548_messages/msg/detail/object_list__traits.hpp
[11.672s] -- Installing: /home/mvclab/workspace/ncsist/ars548_RoboStack/install/ars548_messages/include/ars548_messages/ars548_messages/msg/detail/detection_list__struct.hpp
[11.672s] -- Installing: /home/mvclab/workspace/ncsist/ars548_RoboStack/install/ars548_messages/include/ars548_messages/ars548_messages/msg/detail/yaw_rate__traits.hpp
[11.672s] -- Installing: /home/mvclab/workspace/ncsist/ars548_RoboStack/install/ars548_messages/include/ars548_messages/ars548_messages/msg/detail/steering_angle_front_axle__type_support.hpp
[11.672s] -- Installing: /home/mvclab/workspace/ncsist/ars548_RoboStack/install/ars548_messages/include/ars548_messages/ars548_messages/msg/detail/sensor_configuration__traits.hpp
[11.672s] -- Installing: /home/mvclab/workspace/ncsist/ars548_RoboStack/install/ars548_messages/include/ars548_messages/ars548_messages/msg/detail/object_list__builder.hpp
[11.672s] -- Installing: /home/mvclab/workspace/ncsist/ars548_RoboStack/install/ars548_messages/include/ars548_messages/ars548_messages/msg/detail/status__builder.hpp
[11.672s] -- Installing: /home/mvclab/workspace/ncsist/ars548_RoboStack/install/ars548_messages/include/ars548_messages/ars548_messages/msg/detail/object__builder.hpp
[11.672s] -- Installing: /home/mvclab/workspace/ncsist/ars548_RoboStack/install/ars548_messages/include/ars548_messages/ars548_messages/msg/detail/status__type_support.hpp
[11.672s] -- Installing: /home/mvclab/workspace/ncsist/ars548_RoboStack/install/ars548_messages/include/ars548_messages/ars548_messages/msg/detail/characteristic_speed__type_support.hpp
[11.672s] -- Installing: /home/mvclab/workspace/ncsist/ars548_RoboStack/install/ars548_messages/include/ars548_messages/ars548_messages/msg/detail/sensor_configuration__struct.hpp
[11.673s] -- Installing: /home/mvclab/workspace/ncsist/ars548_RoboStack/install/ars548_messages/include/ars548_messages/ars548_messages/msg/detail/acceleration_lateral_co_g__type_support.hpp
[11.673s] -- Installing: /home/mvclab/workspace/ncsist/ars548_RoboStack/install/ars548_messages/include/ars548_messages/ars548_messages/msg/detail/acceleration_lateral_co_g__builder.hpp
[11.673s] -- Installing: /home/mvclab/workspace/ncsist/ars548_RoboStack/install/ars548_messages/include/ars548_messages/ars548_messages/msg/detail/steering_angle_front_axle__traits.hpp
[11.673s] -- Installing: /home/mvclab/workspace/ncsist/ars548_RoboStack/install/ars548_messages/include/ars548_messages/ars548_messages/msg/detail/detection__struct.hpp
[11.673s] -- Installing: /home/mvclab/workspace/ncsist/ars548_RoboStack/install/ars548_messages/include/ars548_messages/ars548_messages/msg/detail/acceleration_lateral_co_g__traits.hpp
[11.673s] -- Installing: /home/mvclab/workspace/ncsist/ars548_RoboStack/install/ars548_messages/include/ars548_messages/ars548_messages/msg/detail/detection_list__type_support.hpp
[11.673s] -- Installing: /home/mvclab/workspace/ncsist/ars548_RoboStack/install/ars548_messages/include/ars548_messages/ars548_messages/msg/detail/velocity_vehicle__builder.hpp
[11.673s] -- Installing: /home/mvclab/workspace/ncsist/ars548_RoboStack/install/ars548_messages/include/ars548_messages/ars548_messages/msg/detail/driving_direction__builder.hpp
[11.673s] -- Installing: /home/mvclab/workspace/ncsist/ars548_RoboStack/install/ars548_messages/include/ars548_messages/ars548_messages/msg/detail/object_list__type_support.hpp
[11.673s] -- Installing: /home/mvclab/workspace/ncsist/ars548_RoboStack/install/ars548_messages/include/ars548_messages/ars548_messages/msg/detail/driving_direction__struct.hpp
[11.673s] -- Installing: /home/mvclab/workspace/ncsist/ars548_RoboStack/install/ars548_messages/include/ars548_messages/ars548_messages/msg/detail/acceleration_longitudinal_co_g__type_support.hpp
[11.673s] -- Installing: /home/mvclab/workspace/ncsist/ars548_RoboStack/install/ars548_messages/include/ars548_messages/ars548_messages/msg/detail/yaw_rate__builder.hpp
[11.673s] -- Installing: /home/mvclab/workspace/ncsist/ars548_RoboStack/install/ars548_messages/include/ars548_messages/ars548_messages/msg/detail/object__type_support.hpp
[11.673s] -- Installing: /home/mvclab/workspace/ncsist/ars548_RoboStack/install/ars548_messages/include/ars548_messages/ars548_messages/msg/detail/sensor_configuration__type_support.hpp
[11.674s] -- Installing: /home/mvclab/workspace/ncsist/ars548_RoboStack/install/ars548_messages/include/ars548_messages/ars548_messages/msg/detail/yaw_rate__struct.hpp
[11.674s] -- Installing: /home/mvclab/workspace/ncsist/ars548_RoboStack/install/ars548_messages/include/ars548_messages/ars548_messages/msg/detail/detection_list__builder.hpp
[11.674s] -- Installing: /home/mvclab/workspace/ncsist/ars548_RoboStack/install/ars548_messages/include/ars548_messages/ars548_messages/msg/detail/acceleration_longitudinal_co_g__builder.hpp
[11.674s] -- Installing: /home/mvclab/workspace/ncsist/ars548_RoboStack/install/ars548_messages/include/ars548_messages/ars548_messages/msg/detail/object__traits.hpp
[11.674s] -- Installing: /home/mvclab/workspace/ncsist/ars548_RoboStack/install/ars548_messages/include/ars548_messages/ars548_messages/msg/detail/characteristic_speed__traits.hpp
[11.674s] -- Installing: /home/mvclab/workspace/ncsist/ars548_RoboStack/install/ars548_messages/include/ars548_messages/ars548_messages/msg/object_list.hpp
[11.674s] -- Installing: /home/mvclab/workspace/ncsist/ars548_RoboStack/install/ars548_messages/include/ars548_messages/ars548_messages/msg/velocity_vehicle.hpp
[11.674s] -- Installing: /home/mvclab/workspace/ncsist/ars548_RoboStack/install/ars548_messages/include/ars548_messages/ars548_messages/msg/acceleration_lateral_co_g.hpp
[11.674s] -- Installing: /home/mvclab/workspace/ncsist/ars548_RoboStack/install/ars548_messages/include/ars548_messages/ars548_messages/msg/acceleration_longitudinal_co_g.hpp
[11.674s] -- Installing: /home/mvclab/workspace/ncsist/ars548_RoboStack/install/ars548_messages/include/ars548_messages/ars548_messages/msg/detection_list.hpp
[11.674s] -- Installing: /home/mvclab/workspace/ncsist/ars548_RoboStack/install/ars548_messages/include/ars548_messages/ars548_messages/msg/driving_direction.hpp
[11.674s] -- Installing: /home/mvclab/workspace/ncsist/ars548_RoboStack/install/ars548_messages/include/ars548_messages/ars548_messages/msg/characteristic_speed.hpp
[11.674s] -- Installing: /home/mvclab/workspace/ncsist/ars548_RoboStack/install/ars548_messages/include/ars548_messages/ars548_messages/msg/yaw_rate.hpp
[11.674s] -- Installing: /home/mvclab/workspace/ncsist/ars548_RoboStack/install/ars548_messages/include/ars548_messages/ars548_messages/msg/sensor_configuration.hpp
[11.674s] -- Installing: /home/mvclab/workspace/ncsist/ars548_RoboStack/install/ars548_messages/include/ars548_messages/ars548_messages/msg/object.hpp
[11.675s] -- Installing: /home/mvclab/workspace/ncsist/ars548_RoboStack/install/ars548_messages/include/ars548_messages/ars548_messages/msg/steering_angle_front_axle.hpp
[11.675s] -- Up-to-date: /home/mvclab/workspace/ncsist/ars548_RoboStack/install/ars548_messages/include/ars548_messages/ars548_messages
[11.675s] -- Up-to-date: /home/mvclab/workspace/ncsist/ars548_RoboStack/install/ars548_messages/include/ars548_messages/ars548_messages/msg
[11.675s] -- Up-to-date: /home/mvclab/workspace/ncsist/ars548_RoboStack/install/ars548_messages/include/ars548_messages/ars548_messages/msg/detail
[11.675s] -- Installing: /home/mvclab/workspace/ncsist/ars548_RoboStack/install/ars548_messages/include/ars548_messages/ars548_messages/msg/detail/characteristic_speed__rosidl_typesupport_fastrtps_cpp.hpp
[11.675s] -- Installing: /home/mvclab/workspace/ncsist/ars548_RoboStack/install/ars548_messages/include/ars548_messages/ars548_messages/msg/detail/velocity_vehicle__rosidl_typesupport_fastrtps_cpp.hpp
[11.675s] -- Installing: /home/mvclab/workspace/ncsist/ars548_RoboStack/install/ars548_messages/include/ars548_messages/ars548_messages/msg/detail/dds_fastrtps
[11.675s] -- Installing: /home/mvclab/workspace/ncsist/ars548_RoboStack/install/ars548_messages/include/ars548_messages/ars548_messages/msg/detail/acceleration_longitudinal_co_g__rosidl_typesupport_fastrtps_cpp.hpp
[11.675s] -- Installing: /home/mvclab/workspace/ncsist/ars548_RoboStack/install/ars548_messages/include/ars548_messages/ars548_messages/msg/detail/status__rosidl_typesupport_fastrtps_cpp.hpp
[11.675s] -- Installing: /home/mvclab/workspace/ncsist/ars548_RoboStack/install/ars548_messages/include/ars548_messages/ars548_messages/msg/detail/driving_direction__rosidl_typesupport_fastrtps_cpp.hpp
[11.675s] -- Installing: /home/mvclab/workspace/ncsist/ars548_RoboStack/install/ars548_messages/include/ars548_messages/ars548_messages/msg/detail/sensor_configuration__rosidl_typesupport_fastrtps_cpp.hpp
[11.675s] -- Installing: /home/mvclab/workspace/ncsist/ars548_RoboStack/install/ars548_messages/include/ars548_messages/ars548_messages/msg/detail/yaw_rate__rosidl_typesupport_fastrtps_cpp.hpp
[11.675s] -- Installing: /home/mvclab/workspace/ncsist/ars548_RoboStack/install/ars548_messages/include/ars548_messages/ars548_messages/msg/detail/detection_list__rosidl_typesupport_fastrtps_cpp.hpp
[11.675s] -- Installing: /home/mvclab/workspace/ncsist/ars548_RoboStack/install/ars548_messages/include/ars548_messages/ars548_messages/msg/detail/detection__rosidl_typesupport_fastrtps_cpp.hpp
[11.675s] -- Installing: /home/mvclab/workspace/ncsist/ars548_RoboStack/install/ars548_messages/include/ars548_messages/ars548_messages/msg/detail/object_list__rosidl_typesupport_fastrtps_cpp.hpp
[11.675s] -- Installing: /home/mvclab/workspace/ncsist/ars548_RoboStack/install/ars548_messages/include/ars548_messages/ars548_messages/msg/detail/acceleration_lateral_co_g__rosidl_typesupport_fastrtps_cpp.hpp
[11.676s] -- Installing: /home/mvclab/workspace/ncsist/ars548_RoboStack/install/ars548_messages/include/ars548_messages/ars548_messages/msg/detail/steering_angle_front_axle__rosidl_typesupport_fastrtps_cpp.hpp
[11.676s] -- Installing: /home/mvclab/workspace/ncsist/ars548_RoboStack/install/ars548_messages/include/ars548_messages/ars548_messages/msg/detail/object__rosidl_typesupport_fastrtps_cpp.hpp
[11.676s] -- Installing: /home/mvclab/workspace/ncsist/ars548_RoboStack/install/ars548_messages/include/ars548_messages/ars548_messages/msg/rosidl_typesupport_fastrtps_cpp__visibility_control.h
[11.676s] -- Installing: /home/mvclab/workspace/ncsist/ars548_RoboStack/install/ars548_messages/lib/libars548_messages__rosidl_typesupport_fastrtps_cpp.so
[11.676s] -- Up-to-date: /home/mvclab/workspace/ncsist/ars548_RoboStack/install/ars548_messages/include/ars548_messages/ars548_messages
[11.676s] -- Up-to-date: /home/mvclab/workspace/ncsist/ars548_RoboStack/install/ars548_messages/include/ars548_messages/ars548_messages/msg
[11.676s] -- Up-to-date: /home/mvclab/workspace/ncsist/ars548_RoboStack/install/ars548_messages/include/ars548_messages/ars548_messages/msg/detail
[11.676s] -- Installing: /home/mvclab/workspace/ncsist/ars548_RoboStack/install/ars548_messages/include/ars548_messages/ars548_messages/msg/detail/steering_angle_front_axle__rosidl_typesupport_introspection_cpp.hpp
[11.676s] -- Installing: /home/mvclab/workspace/ncsist/ars548_RoboStack/install/ars548_messages/include/ars548_messages/ars548_messages/msg/detail/object__rosidl_typesupport_introspection_cpp.hpp
[11.676s] -- Installing: /home/mvclab/workspace/ncsist/ars548_RoboStack/install/ars548_messages/include/ars548_messages/ars548_messages/msg/detail/sensor_configuration__rosidl_typesupport_introspection_cpp.hpp
[11.676s] -- Installing: /home/mvclab/workspace/ncsist/ars548_RoboStack/install/ars548_messages/include/ars548_messages/ars548_messages/msg/detail/status__rosidl_typesupport_introspection_cpp.hpp
[11.676s] -- Installing: /home/mvclab/workspace/ncsist/ars548_RoboStack/install/ars548_messages/include/ars548_messages/ars548_messages/msg/detail/characteristic_speed__type_support.cpp
[11.676s] -- Installing: /home/mvclab/workspace/ncsist/ars548_RoboStack/install/ars548_messages/include/ars548_messages/ars548_messages/msg/detail/detection__rosidl_typesupport_introspection_cpp.hpp
[11.676s] -- Installing: /home/mvclab/workspace/ncsist/ars548_RoboStack/install/ars548_messages/include/ars548_messages/ars548_messages/msg/detail/acceleration_lateral_co_g__type_support.cpp
[11.677s] -- Installing: /home/mvclab/workspace/ncsist/ars548_RoboStack/install/ars548_messages/include/ars548_messages/ars548_messages/msg/detail/yaw_rate__rosidl_typesupport_introspection_cpp.hpp
[11.677s] -- Installing: /home/mvclab/workspace/ncsist/ars548_RoboStack/install/ars548_messages/include/ars548_messages/ars548_messages/msg/detail/acceleration_lateral_co_g__rosidl_typesupport_introspection_cpp.hpp
[11.677s] -- Installing: /home/mvclab/workspace/ncsist/ars548_RoboStack/install/ars548_messages/include/ars548_messages/ars548_messages/msg/detail/driving_direction__rosidl_typesupport_introspection_cpp.hpp
[11.677s] -- Installing: /home/mvclab/workspace/ncsist/ars548_RoboStack/install/ars548_messages/include/ars548_messages/ars548_messages/msg/detail/acceleration_longitudinal_co_g__type_support.cpp
[11.677s] -- Installing: /home/mvclab/workspace/ncsist/ars548_RoboStack/install/ars548_messages/include/ars548_messages/ars548_messages/msg/detail/velocity_vehicle__type_support.cpp
[11.677s] -- Installing: /home/mvclab/workspace/ncsist/ars548_RoboStack/install/ars548_messages/include/ars548_messages/ars548_messages/msg/detail/object__type_support.cpp
[11.677s] -- Installing: /home/mvclab/workspace/ncsist/ars548_RoboStack/install/ars548_messages/include/ars548_messages/ars548_messages/msg/detail/acceleration_longitudinal_co_g__rosidl_typesupport_introspection_cpp.hpp
[11.677s] -- Installing: /home/mvclab/workspace/ncsist/ars548_RoboStack/install/ars548_messages/include/ars548_messages/ars548_messages/msg/detail/object_list__type_support.cpp
[11.677s] -- Installing: /home/mvclab/workspace/ncsist/ars548_RoboStack/install/ars548_messages/include/ars548_messages/ars548_messages/msg/detail/detection__type_support.cpp
[11.677s] -- Installing: /home/mvclab/workspace/ncsist/ars548_RoboStack/install/ars548_messages/include/ars548_messages/ars548_messages/msg/detail/detection_list__type_support.cpp
[11.677s] -- Installing: /home/mvclab/workspace/ncsist/ars548_RoboStack/install/ars548_messages/include/ars548_messages/ars548_messages/msg/detail/driving_direction__type_support.cpp
[11.677s] -- Installing: /home/mvclab/workspace/ncsist/ars548_RoboStack/install/ars548_messages/include/ars548_messages/ars548_messages/msg/detail/steering_angle_front_axle__type_support.cpp
[11.677s] -- Installing: /home/mvclab/workspace/ncsist/ars548_RoboStack/install/ars548_messages/include/ars548_messages/ars548_messages/msg/detail/status__type_support.cpp
[11.678s] -- Installing: /home/mvclab/workspace/ncsist/ars548_RoboStack/install/ars548_messages/include/ars548_messages/ars548_messages/msg/detail/yaw_rate__type_support.cpp
[11.678s] -- Installing: /home/mvclab/workspace/ncsist/ars548_RoboStack/install/ars548_messages/include/ars548_messages/ars548_messages/msg/detail/velocity_vehicle__rosidl_typesupport_introspection_cpp.hpp
[11.678s] -- Installing: /home/mvclab/workspace/ncsist/ars548_RoboStack/install/ars548_messages/include/ars548_messages/ars548_messages/msg/detail/sensor_configuration__type_support.cpp
[11.678s] -- Installing: /home/mvclab/workspace/ncsist/ars548_RoboStack/install/ars548_messages/include/ars548_messages/ars548_messages/msg/detail/characteristic_speed__rosidl_typesupport_introspection_cpp.hpp
[11.678s] -- Installing: /home/mvclab/workspace/ncsist/ars548_RoboStack/install/ars548_messages/include/ars548_messages/ars548_messages/msg/detail/detection_list__rosidl_typesupport_introspection_cpp.hpp
[11.678s] -- Installing: /home/mvclab/workspace/ncsist/ars548_RoboStack/install/ars548_messages/include/ars548_messages/ars548_messages/msg/detail/object_list__rosidl_typesupport_introspection_cpp.hpp
[11.678s] -- Installing: /home/mvclab/workspace/ncsist/ars548_RoboStack/install/ars548_messages/lib/libars548_messages__rosidl_typesupport_introspection_cpp.so
[11.678s] -- Installing: /home/mvclab/workspace/ncsist/ars548_RoboStack/install/ars548_messages/lib/libars548_messages__rosidl_typesupport_cpp.so
[11.678s] -- Installing: /home/mvclab/workspace/ncsist/ars548_RoboStack/install/ars548_messages/share/ars548_messages/environment/pythonpath.sh
[11.678s] -- Installing: /home/mvclab/workspace/ncsist/ars548_RoboStack/install/ars548_messages/share/ars548_messages/environment/pythonpath.dsv
[11.678s] -- Installing: /home/mvclab/workspace/ncsist/ars548_RoboStack/install/ars548_messages/lib/python3.11/site-packages/ars548_messages-1.0.1-py3.11.egg-info
[11.679s] -- Installing: /home/mvclab/workspace/ncsist/ars548_RoboStack/install/ars548_messages/lib/python3.11/site-packages/ars548_messages-1.0.1-py3.11.egg-info/top_level.txt
[11.679s] -- Installing: /home/mvclab/workspace/ncsist/ars548_RoboStack/install/ars548_messages/lib/python3.11/site-packages/ars548_messages-1.0.1-py3.11.egg-info/SOURCES.txt
[11.679s] -- Installing: /home/mvclab/workspace/ncsist/ars548_RoboStack/install/ars548_messages/lib/python3.11/site-packages/ars548_messages-1.0.1-py3.11.egg-info/dependency_links.txt
[11.679s] -- Installing: /home/mvclab/workspace/ncsist/ars548_RoboStack/install/ars548_messages/lib/python3.11/site-packages/ars548_messages-1.0.1-py3.11.egg-info/PKG-INFO
[11.679s] -- Installing: /home/mvclab/workspace/ncsist/ars548_RoboStack/install/ars548_messages/lib/python3.11/site-packages/ars548_messages
[11.679s] -- Installing: /home/mvclab/workspace/ncsist/ars548_RoboStack/install/ars548_messages/lib/python3.11/site-packages/ars548_messages/_ars548_messages_s.ep.rosidl_typesupport_c.c
[11.679s] -- Installing: /home/mvclab/workspace/ncsist/ars548_RoboStack/install/ars548_messages/lib/python3.11/site-packages/ars548_messages/ars548_messages_s__rosidl_typesupport_c.cpython-311-x86_64-linux-gnu.so
[11.679s] -- Installing: /home/mvclab/workspace/ncsist/ars548_RoboStack/install/ars548_messages/lib/python3.11/site-packages/ars548_messages/ars548_messages_s__rosidl_typesupport_introspection_c.cpython-311-x86_64-linux-gnu.so
[11.679s] -- Installing: /home/mvclab/workspace/ncsist/ars548_RoboStack/install/ars548_messages/lib/python3.11/site-packages/ars548_messages/ars548_messages_s__rosidl_typesupport_fastrtps_c.cpython-311-x86_64-linux-gnu.so
[11.679s] -- Installing: /home/mvclab/workspace/ncsist/ars548_RoboStack/install/ars548_messages/lib/python3.11/site-packages/ars548_messages/_ars548_messages_s.ep.rosidl_typesupport_fastrtps_c.c
[11.679s] -- Installing: /home/mvclab/workspace/ncsist/ars548_RoboStack/install/ars548_messages/lib/python3.11/site-packages/ars548_messages/_ars548_messages_s.ep.rosidl_typesupport_introspection_c.c
[11.679s] -- Installing: /home/mvclab/workspace/ncsist/ars548_RoboStack/install/ars548_messages/lib/python3.11/site-packages/ars548_messages/__init__.py
[11.680s] -- Installing: /home/mvclab/workspace/ncsist/ars548_RoboStack/install/ars548_messages/lib/python3.11/site-packages/ars548_messages/msg
[11.680s] -- Installing: /home/mvclab/workspace/ncsist/ars548_RoboStack/install/ars548_messages/lib/python3.11/site-packages/ars548_messages/msg/_detection.py
[11.680s] -- Installing: /home/mvclab/workspace/ncsist/ars548_RoboStack/install/ars548_messages/lib/python3.11/site-packages/ars548_messages/msg/_object_s.c
[11.680s] -- Installing: /home/mvclab/workspace/ncsist/ars548_RoboStack/install/ars548_messages/lib/python3.11/site-packages/ars548_messages/msg/_velocity_vehicle.py
[11.680s] -- Installing: /home/mvclab/workspace/ncsist/ars548_RoboStack/install/ars548_messages/lib/python3.11/site-packages/ars548_messages/msg/_sensor_configuration_s.c
[11.680s] -- Installing: /home/mvclab/workspace/ncsist/ars548_RoboStack/install/ars548_messages/lib/python3.11/site-packages/ars548_messages/msg/_yaw_rate_s.c
[11.680s] -- Installing: /home/mvclab/workspace/ncsist/ars548_RoboStack/install/ars548_messages/lib/python3.11/site-packages/ars548_messages/msg/_steering_angle_front_axle_s.c
[11.680s] -- Installing: /home/mvclab/workspace/ncsist/ars548_RoboStack/install/ars548_messages/lib/python3.11/site-packages/ars548_messages/msg/_acceleration_lateral_co_g_s.c
[11.680s] -- Installing: /home/mvclab/workspace/ncsist/ars548_RoboStack/install/ars548_messages/lib/python3.11/site-packages/ars548_messages/msg/_characteristic_speed_s.c
[11.680s] -- Installing: /home/mvclab/workspace/ncsist/ars548_RoboStack/install/ars548_messages/lib/python3.11/site-packages/ars548_messages/msg/_object_list.py
[11.680s] -- Installing: /home/mvclab/workspace/ncsist/ars548_RoboStack/install/ars548_messages/lib/python3.11/site-packages/ars548_messages/msg/_acceleration_lateral_co_g.py
[11.680s] -- Installing: /home/mvclab/workspace/ncsist/ars548_RoboStack/install/ars548_messages/lib/python3.11/site-packages/ars548_messages/msg/_acceleration_longitudinal_co_g.py
[11.680s] -- Installing: /home/mvclab/workspace/ncsist/ars548_RoboStack/install/ars548_messages/lib/python3.11/site-packages/ars548_messages/msg/_velocity_vehicle_s.c
[11.680s] -- Installing: /home/mvclab/workspace/ncsist/ars548_RoboStack/install/ars548_messages/lib/python3.11/site-packages/ars548_messages/msg/_acceleration_longitudinal_co_g_s.c
[11.680s] -- Installing: /home/mvclab/workspace/ncsist/ars548_RoboStack/install/ars548_messages/lib/python3.11/site-packages/ars548_messages/msg/_characteristic_speed.py
[11.681s] -- Installing: /home/mvclab/workspace/ncsist/ars548_RoboStack/install/ars548_messages/lib/python3.11/site-packages/ars548_messages/msg/_driving_direction.py
[11.681s] -- Installing: /home/mvclab/workspace/ncsist/ars548_RoboStack/install/ars548_messages/lib/python3.11/site-packages/ars548_messages/msg/_sensor_configuration.py
[11.681s] -- Installing: /home/mvclab/workspace/ncsist/ars548_RoboStack/install/ars548_messages/lib/python3.11/site-packages/ars548_messages/msg/_driving_direction_s.c
[11.681s] -- Installing: /home/mvclab/workspace/ncsist/ars548_RoboStack/install/ars548_messages/lib/python3.11/site-packages/ars548_messages/msg/_status.py
[11.681s] -- Installing: /home/mvclab/workspace/ncsist/ars548_RoboStack/install/ars548_messages/lib/python3.11/site-packages/ars548_messages/msg/_detection_list_s.c
[11.681s] -- Installing: /home/mvclab/workspace/ncsist/ars548_RoboStack/install/ars548_messages/lib/python3.11/site-packages/ars548_messages/msg/_status_s.c
[11.681s] -- Installing: /home/mvclab/workspace/ncsist/ars548_RoboStack/install/ars548_messages/lib/python3.11/site-packages/ars548_messages/msg/__init__.py
[11.681s] -- Installing: /home/mvclab/workspace/ncsist/ars548_RoboStack/install/ars548_messages/lib/python3.11/site-packages/ars548_messages/msg/_steering_angle_front_axle.py
[11.681s] -- Installing: /home/mvclab/workspace/ncsist/ars548_RoboStack/install/ars548_messages/lib/python3.11/site-packages/ars548_messages/msg/_object.py
[11.681s] -- Installing: /home/mvclab/workspace/ncsist/ars548_RoboStack/install/ars548_messages/lib/python3.11/site-packages/ars548_messages/msg/_object_list_s.c
[11.681s] -- Installing: /home/mvclab/workspace/ncsist/ars548_RoboStack/install/ars548_messages/lib/python3.11/site-packages/ars548_messages/msg/_yaw_rate.py
[11.681s] -- Installing: /home/mvclab/workspace/ncsist/ars548_RoboStack/install/ars548_messages/lib/python3.11/site-packages/ars548_messages/msg/_detection_s.c
[11.681s] -- Installing: /home/mvclab/workspace/ncsist/ars548_RoboStack/install/ars548_messages/lib/python3.11/site-packages/ars548_messages/msg/_detection_list.py
[11.682s] -- Installing: /home/mvclab/workspace/ncsist/ars548_RoboStack/install/ars548_messages/lib/python3.11/site-packages/ars548_messages/libars548_messages__rosidl_generator_py.so
[11.704s] Listing 'lib/python3.11/site-packages/ars548_messages'...
[11.705s] Can't list 'lib/python3.11/site-packages/ars548_messages'
[11.708s] -- Installing: /home/mvclab/workspace/ncsist/ars548_RoboStack/install/ars548_messages/lib/python3.11/site-packages/ars548_messages/ars548_messages_s__rosidl_typesupport_fastrtps_c.cpython-311-x86_64-linux-gnu.so
[11.708s] -- Set non-toolchain portion of runtime path of "/home/mvclab/workspace/ncsist/ars548_RoboStack/install/ars548_messages/lib/python3.11/site-packages/ars548_messages/ars548_messages_s__rosidl_typesupport_fastrtps_c.cpython-311-x86_64-linux-gnu.so" to ""
[11.708s] -- Installing: /home/mvclab/workspace/ncsist/ars548_RoboStack/install/ars548_messages/lib/python3.11/site-packages/ars548_messages/ars548_messages_s__rosidl_typesupport_introspection_c.cpython-311-x86_64-linux-gnu.so
[11.708s] -- Set non-toolchain portion of runtime path of "/home/mvclab/workspace/ncsist/ars548_RoboStack/install/ars548_messages/lib/python3.11/site-packages/ars548_messages/ars548_messages_s__rosidl_typesupport_introspection_c.cpython-311-x86_64-linux-gnu.so" to ""
[11.709s] -- Installing: /home/mvclab/workspace/ncsist/ars548_RoboStack/install/ars548_messages/lib/python3.11/site-packages/ars548_messages/ars548_messages_s__rosidl_typesupport_c.cpython-311-x86_64-linux-gnu.so
[11.709s] -- Set non-toolchain portion of runtime path of "/home/mvclab/workspace/ncsist/ars548_RoboStack/install/ars548_messages/lib/python3.11/site-packages/ars548_messages/ars548_messages_s__rosidl_typesupport_c.cpython-311-x86_64-linux-gnu.so" to ""
[11.709s] -- Installing: /home/mvclab/workspace/ncsist/ars548_RoboStack/install/ars548_messages/lib/libars548_messages__rosidl_generator_py.so
[11.709s] -- Set non-toolchain portion of runtime path of "/home/mvclab/workspace/ncsist/ars548_RoboStack/install/ars548_messages/lib/libars548_messages__rosidl_generator_py.so" to ""
[11.709s] -- Installing: /home/mvclab/workspace/ncsist/ars548_RoboStack/install/ars548_messages/share/ars548_messages/msg/Detection.idl
[11.709s] -- Installing: /home/mvclab/workspace/ncsist/ars548_RoboStack/install/ars548_messages/share/ars548_messages/msg/DetectionList.idl
[11.709s] -- Installing: /home/mvclab/workspace/ncsist/ars548_RoboStack/install/ars548_messages/share/ars548_messages/msg/Object.idl
[11.709s] -- Installing: /home/mvclab/workspace/ncsist/ars548_RoboStack/install/ars548_messages/share/ars548_messages/msg/ObjectList.idl
[11.709s] -- Installing: /home/mvclab/workspace/ncsist/ars548_RoboStack/install/ars548_messages/share/ars548_messages/msg/Status.idl
[11.709s] -- Installing: /home/mvclab/workspace/ncsist/ars548_RoboStack/install/ars548_messages/share/ars548_messages/msg/AccelerationLateralCoG.idl
[11.710s] -- Installing: /home/mvclab/workspace/ncsist/ars548_RoboStack/install/ars548_messages/share/ars548_messages/msg/AccelerationLongitudinalCoG.idl
[11.710s] -- Installing: /home/mvclab/workspace/ncsist/ars548_RoboStack/install/ars548_messages/share/ars548_messages/msg/CharacteristicSpeed.idl
[11.710s] -- Installing: /home/mvclab/workspace/ncsist/ars548_RoboStack/install/ars548_messages/share/ars548_messages/msg/DrivingDirection.idl
[11.710s] -- Installing: /home/mvclab/workspace/ncsist/ars548_RoboStack/install/ars548_messages/share/ars548_messages/msg/SensorConfiguration.idl
[11.710s] -- Installing: /home/mvclab/workspace/ncsist/ars548_RoboStack/install/ars548_messages/share/ars548_messages/msg/SteeringAngleFrontAxle.idl
[11.710s] -- Installing: /home/mvclab/workspace/ncsist/ars548_RoboStack/install/ars548_messages/share/ars548_messages/msg/VelocityVehicle.idl
[11.710s] -- Installing: /home/mvclab/workspace/ncsist/ars548_RoboStack/install/ars548_messages/share/ars548_messages/msg/YawRate.idl
[11.710s] -- Installing: /home/mvclab/workspace/ncsist/ars548_RoboStack/install/ars548_messages/share/ars548_messages/msg/Detection.msg
[11.710s] -- Installing: /home/mvclab/workspace/ncsist/ars548_RoboStack/install/ars548_messages/share/ars548_messages/msg/DetectionList.msg
[11.710s] -- Installing: /home/mvclab/workspace/ncsist/ars548_RoboStack/install/ars548_messages/share/ars548_messages/msg/Object.msg
[11.710s] -- Installing: /home/mvclab/workspace/ncsist/ars548_RoboStack/install/ars548_messages/share/ars548_messages/msg/ObjectList.msg
[11.710s] -- Installing: /home/mvclab/workspace/ncsist/ars548_RoboStack/install/ars548_messages/share/ars548_messages/msg/Status.msg
[11.710s] -- Installing: /home/mvclab/workspace/ncsist/ars548_RoboStack/install/ars548_messages/share/ars548_messages/msg/AccelerationLateralCoG.msg
[11.711s] -- Installing: /home/mvclab/workspace/ncsist/ars548_RoboStack/install/ars548_messages/share/ars548_messages/msg/AccelerationLongitudinalCoG.msg
[11.711s] -- Installing: /home/mvclab/workspace/ncsist/ars548_RoboStack/install/ars548_messages/share/ars548_messages/msg/CharacteristicSpeed.msg
[11.711s] -- Installing: /home/mvclab/workspace/ncsist/ars548_RoboStack/install/ars548_messages/share/ars548_messages/msg/DrivingDirection.msg
[11.711s] -- Installing: /home/mvclab/workspace/ncsist/ars548_RoboStack/install/ars548_messages/share/ars548_messages/msg/SensorConfiguration.msg
[11.711s] -- Installing: /home/mvclab/workspace/ncsist/ars548_RoboStack/install/ars548_messages/share/ars548_messages/msg/SteeringAngleFrontAxle.msg
[11.711s] -- Installing: /home/mvclab/workspace/ncsist/ars548_RoboStack/install/ars548_messages/share/ars548_messages/msg/VelocityVehicle.msg
[11.711s] -- Installing: /home/mvclab/workspace/ncsist/ars548_RoboStack/install/ars548_messages/share/ars548_messages/msg/YawRate.msg
[11.711s] -- Installing: /home/mvclab/workspace/ncsist/ars548_RoboStack/install/ars548_messages/share/ament_index/resource_index/package_run_dependencies/ars548_messages
[11.711s] -- Installing: /home/mvclab/workspace/ncsist/ars548_RoboStack/install/ars548_messages/share/ament_index/resource_index/parent_prefix_path/ars548_messages
[11.711s] -- Installing: /home/mvclab/workspace/ncsist/ars548_RoboStack/install/ars548_messages/share/ars548_messages/environment/ament_prefix_path.sh
[11.711s] -- Installing: /home/mvclab/workspace/ncsist/ars548_RoboStack/install/ars548_messages/share/ars548_messages/environment/ament_prefix_path.dsv
[11.711s] -- Installing: /home/mvclab/workspace/ncsist/ars548_RoboStack/install/ars548_messages/share/ars548_messages/environment/path.sh
[11.712s] -- Installing: /home/mvclab/workspace/ncsist/ars548_RoboStack/install/ars548_messages/share/ars548_messages/environment/path.dsv
[11.712s] -- Installing: /home/mvclab/workspace/ncsist/ars548_RoboStack/install/ars548_messages/share/ars548_messages/local_setup.bash
[11.712s] -- Installing: /home/mvclab/workspace/ncsist/ars548_RoboStack/install/ars548_messages/share/ars548_messages/local_setup.sh
[11.712s] -- Installing: /home/mvclab/workspace/ncsist/ars548_RoboStack/install/ars548_messages/share/ars548_messages/local_setup.zsh
[11.712s] -- Installing: /home/mvclab/workspace/ncsist/ars548_RoboStack/install/ars548_messages/share/ars548_messages/local_setup.dsv
[11.712s] -- Installing: /home/mvclab/workspace/ncsist/ars548_RoboStack/install/ars548_messages/share/ars548_messages/package.dsv
[11.712s] -- Installing: /home/mvclab/workspace/ncsist/ars548_RoboStack/install/ars548_messages/share/ament_index/resource_index/packages/ars548_messages
[11.712s] -- Installing: /home/mvclab/workspace/ncsist/ars548_RoboStack/install/ars548_messages/share/ars548_messages/cmake/export_ars548_messages__rosidl_generator_cExport.cmake
[11.712s] -- Installing: /home/mvclab/workspace/ncsist/ars548_RoboStack/install/ars548_messages/share/ars548_messages/cmake/export_ars548_messages__rosidl_generator_cExport-noconfig.cmake
[11.712s] -- Installing: /home/mvclab/workspace/ncsist/ars548_RoboStack/install/ars548_messages/share/ars548_messages/cmake/export_ars548_messages__rosidl_typesupport_fastrtps_cExport.cmake
[11.712s] -- Installing: /home/mvclab/workspace/ncsist/ars548_RoboStack/install/ars548_messages/share/ars548_messages/cmake/export_ars548_messages__rosidl_typesupport_fastrtps_cExport-noconfig.cmake
[11.713s] -- Installing: /home/mvclab/workspace/ncsist/ars548_RoboStack/install/ars548_messages/share/ars548_messages/cmake/ars548_messages__rosidl_typesupport_introspection_cExport.cmake
[11.713s] -- Installing: /home/mvclab/workspace/ncsist/ars548_RoboStack/install/ars548_messages/share/ars548_messages/cmake/ars548_messages__rosidl_typesupport_introspection_cExport-noconfig.cmake
[11.713s] -- Installing: /home/mvclab/workspace/ncsist/ars548_RoboStack/install/ars548_messages/share/ars548_messages/cmake/ars548_messages__rosidl_typesupport_cExport.cmake
[11.713s] -- Installing: /home/mvclab/workspace/ncsist/ars548_RoboStack/install/ars548_messages/share/ars548_messages/cmake/ars548_messages__rosidl_typesupport_cExport-noconfig.cmake
[11.713s] -- Installing: /home/mvclab/workspace/ncsist/ars548_RoboStack/install/ars548_messages/share/ars548_messages/cmake/export_ars548_messages__rosidl_generator_cppExport.cmake
[11.713s] -- Installing: /home/mvclab/workspace/ncsist/ars548_RoboStack/install/ars548_messages/share/ars548_messages/cmake/export_ars548_messages__rosidl_typesupport_fastrtps_cppExport.cmake
[11.713s] -- Installing: /home/mvclab/workspace/ncsist/ars548_RoboStack/install/ars548_messages/share/ars548_messages/cmake/export_ars548_messages__rosidl_typesupport_fastrtps_cppExport-noconfig.cmake
[11.713s] -- Installing: /home/mvclab/workspace/ncsist/ars548_RoboStack/install/ars548_messages/share/ars548_messages/cmake/ars548_messages__rosidl_typesupport_introspection_cppExport.cmake
[11.713s] -- Installing: /home/mvclab/workspace/ncsist/ars548_RoboStack/install/ars548_messages/share/ars548_messages/cmake/ars548_messages__rosidl_typesupport_introspection_cppExport-noconfig.cmake
[11.713s] -- Installing: /home/mvclab/workspace/ncsist/ars548_RoboStack/install/ars548_messages/share/ars548_messages/cmake/ars548_messages__rosidl_typesupport_cppExport.cmake
[11.713s] -- Installing: /home/mvclab/workspace/ncsist/ars548_RoboStack/install/ars548_messages/share/ars548_messages/cmake/ars548_messages__rosidl_typesupport_cppExport-noconfig.cmake
[11.713s] -- Installing: /home/mvclab/workspace/ncsist/ars548_RoboStack/install/ars548_messages/share/ars548_messages/cmake/export_ars548_messages__rosidl_generator_pyExport.cmake
[11.714s] -- Installing: /home/mvclab/workspace/ncsist/ars548_RoboStack/install/ars548_messages/share/ars548_messages/cmake/export_ars548_messages__rosidl_generator_pyExport-noconfig.cmake
[11.714s] -- Installing: /home/mvclab/workspace/ncsist/ars548_RoboStack/install/ars548_messages/share/ars548_messages/cmake/rosidl_cmake-extras.cmake
[11.714s] -- Installing: /home/mvclab/workspace/ncsist/ars548_RoboStack/install/ars548_messages/share/ars548_messages/cmake/ament_cmake_export_dependencies-extras.cmake
[11.714s] -- Installing: /home/mvclab/workspace/ncsist/ars548_RoboStack/install/ars548_messages/share/ars548_messages/cmake/ament_cmake_export_include_directories-extras.cmake
[11.714s] -- Installing: /home/mvclab/workspace/ncsist/ars548_RoboStack/install/ars548_messages/share/ars548_messages/cmake/ament_cmake_export_libraries-extras.cmake
[11.714s] -- Installing: /home/mvclab/workspace/ncsist/ars548_RoboStack/install/ars548_messages/share/ars548_messages/cmake/ament_cmake_export_targets-extras.cmake
[11.714s] -- Installing: /home/mvclab/workspace/ncsist/ars548_RoboStack/install/ars548_messages/share/ars548_messages/cmake/rosidl_cmake_export_typesupport_targets-extras.cmake
[11.714s] -- Installing: /home/mvclab/workspace/ncsist/ars548_RoboStack/install/ars548_messages/share/ars548_messages/cmake/rosidl_cmake_export_typesupport_libraries-extras.cmake
[11.714s] -- Installing: /home/mvclab/workspace/ncsist/ars548_RoboStack/install/ars548_messages/share/ars548_messages/cmake/ars548_messagesConfig.cmake
[11.714s] -- Installing: /home/mvclab/workspace/ncsist/ars548_RoboStack/install/ars548_messages/share/ars548_messages/cmake/ars548_messagesConfig-version.cmake
[11.715s] -- Installing: /home/mvclab/workspace/ncsist/ars548_RoboStack/install/ars548_messages/share/ars548_messages/package.xml
[11.716s] Invoked command in '/home/mvclab/workspace/ncsist/ars548_RoboStack/build/ars548_messages' returned '0': CONDA_PROMPT_MODIFIER=(ros2) /home/mvclab/micromamba/envs/ros2/bin/cmake --install /home/mvclab/workspace/ncsist/ars548_RoboStack/build/ars548_messages
